<?xml version="1.0" encoding="UTF-8"?>
<coverage generated="1785160642686" clover="3.2.0">
  <project timestamp="1785160642686" name="All files">
    <metrics statements="969" coveredstatements="969" conditionals="726" coveredconditionals="726" methods="250" coveredmethods="250" elements="1945" coveredelements="1945" complexity="0" loc="969" ncloc="969" packages="50" files="109" classes="109"/>
    <package name="src">
      <metrics statements="0" coveredstatements="0" conditionals="0" coveredconditionals="0" methods="0" coveredmethods="0"/>
      <file name="vite-env.d.ts" path="/Users/kvzhukh/greensight/ensi/grove/workspace/packages/admin-ui-base/src/vite-env.d.ts">
        <metrics statements="0" coveredstatements="0" conditionals="0" coveredconditionals="0" methods="0" coveredmethods="0"/>
      </file>
    </package>
    <package name="src.action-popup">
      <metrics statements="20" coveredstatements="20" conditionals="11" coveredconditionals="11" methods="5" coveredmethods="5"/>
      <file name="Component.tsx" path="/Users/kvzhukh/greensight/ensi/grove/workspace/packages/admin-ui-base/src/action-popup/Component.tsx">
        <metrics statements="12" coveredstatements="12" conditionals="11" coveredconditionals="11" methods="3" coveredmethods="3"/>
        <line num="8" count="1" type="stmt"/>
        <line num="22" count="21" type="stmt"/>
        <line num="24" count="21" type="stmt"/>
        <line num="25" count="1" type="stmt"/>
        <line num="28" count="21" type="stmt"/>
        <line num="29" count="4" type="stmt"/>
        <line num="31" count="4" type="stmt"/>
        <line num="32" count="4" type="stmt"/>
        <line num="33" count="3" type="stmt"/>
        <line num="37" count="4" type="stmt"/>
        <line num="41" count="21" type="stmt"/>
        <line num="71" count="1" type="stmt"/>
      </file>
      <file name="ConfirmModal.tsx" path="/Users/kvzhukh/greensight/ensi/grove/workspace/packages/admin-ui-base/src/action-popup/ConfirmModal.tsx">
        <metrics statements="4" coveredstatements="4" conditionals="0" coveredconditionals="0" methods="1" coveredmethods="1"/>
        <line num="6" count="1" type="stmt"/>
        <line num="7" count="13" type="stmt"/>
        <line num="9" count="13" type="stmt"/>
        <line num="12" count="1" type="stmt"/>
      </file>
      <file name="DeleteModal.tsx" path="/Users/kvzhukh/greensight/ensi/grove/workspace/packages/admin-ui-base/src/action-popup/DeleteModal.tsx">
        <metrics statements="4" coveredstatements="4" conditionals="0" coveredconditionals="0" methods="1" coveredmethods="1"/>
        <line num="6" count="1" type="stmt"/>
        <line num="7" count="1" type="stmt"/>
        <line num="9" count="1" type="stmt"/>
        <line num="12" count="1" type="stmt"/>
      </file>
    </package>
    <package name="src.autocomplete">
      <metrics statements="30" coveredstatements="30" conditionals="41" coveredconditionals="41" methods="9" coveredmethods="9"/>
      <file name="Component.tsx" path="/Users/kvzhukh/greensight/ensi/grove/workspace/packages/admin-ui-base/src/autocomplete/Component.tsx">
        <metrics statements="8" coveredstatements="8" conditionals="21" coveredconditionals="21" methods="3" coveredmethods="3"/>
        <line num="12" count="4" type="stmt"/>
        <line num="36" count="88" type="stmt"/>
        <line num="37" count="88" type="stmt"/>
        <line num="38" count="88" type="stmt"/>
        <line num="40" count="88" type="stmt"/>
        <line num="48" count="11" type="stmt"/>
        <line num="64" count="193" type="stmt"/>
        <line num="91" count="4" type="stmt"/>
      </file>
      <file name="FormAutocomplete.tsx" path="/Users/kvzhukh/greensight/ensi/grove/workspace/packages/admin-ui-base/src/autocomplete/FormAutocomplete.tsx">
        <metrics statements="11" coveredstatements="11" conditionals="12" coveredconditionals="12" methods="4" coveredmethods="4"/>
        <line num="12" count="4" type="stmt"/>
        <line num="13" count="13" type="stmt"/>
        <line num="15" count="13" type="stmt"/>
        <line num="18" count="4" type="stmt"/>
        <line num="29" count="13" type="stmt"/>
        <line num="30" count="13" type="stmt"/>
        <line num="31" count="13" type="cond" truecount="2" falsecount="0"/>
        <line num="33" count="13" type="stmt"/>
        <line num="48" count="2" type="cond" truecount="2" falsecount="0"/>
        <line num="49" count="1" type="stmt"/>
        <line num="57" count="4" type="stmt"/>
      </file>
      <file name="theme.ts" path="/Users/kvzhukh/greensight/ensi/grove/workspace/packages/admin-ui-base/src/autocomplete/theme.ts">
        <metrics statements="1" coveredstatements="1" conditionals="0" coveredconditionals="0" methods="0" coveredmethods="0"/>
        <line num="5" count="4" type="stmt"/>
      </file>
      <file name="utils.ts" path="/Users/kvzhukh/greensight/ensi/grove/workspace/packages/admin-ui-base/src/autocomplete/utils.ts">
        <metrics statements="10" coveredstatements="10" conditionals="8" coveredconditionals="8" methods="2" coveredmethods="2"/>
        <line num="5" count="5" type="stmt"/>
        <line num="6" count="181" type="cond" truecount="2" falsecount="0"/>
        <line num="7" count="123" type="stmt"/>
        <line num="10" count="58" type="cond" truecount="4" falsecount="0"/>
        <line num="11" count="26" type="stmt"/>
        <line num="14" count="32" type="stmt"/>
        <line num="18" count="5" type="stmt"/>
        <line num="19" count="4" type="cond" truecount="2" falsecount="0"/>
        <line num="20" count="2" type="stmt"/>
        <line num="23" count="2" type="stmt"/>
      </file>
    </package>
    <package name="src.autocomplete-async">
      <metrics statements="60" coveredstatements="60" conditionals="66" coveredconditionals="66" methods="10" coveredmethods="10"/>
      <file name="Component.tsx" path="/Users/kvzhukh/greensight/ensi/grove/workspace/packages/admin-ui-base/src/autocomplete-async/Component.tsx">
        <metrics statements="45" coveredstatements="45" conditionals="48" coveredconditionals="48" methods="5" coveredmethods="5"/>
        <line num="10" count="3" type="stmt"/>
        <line num="19" count="79" type="stmt"/>
        <line num="20" count="79" type="stmt"/>
        <line num="21" count="79" type="cond" truecount="2" falsecount="0"/>
        <line num="22" count="79" type="stmt"/>
        <line num="28" count="79" type="stmt"/>
        <line num="29" count="10" type="cond" truecount="4" falsecount="0"/>
        <line num="30" count="3" type="stmt"/>
        <line num="31" count="3" type="stmt"/>
        <line num="32" count="3" type="stmt"/>
        <line num="34" count="3" type="stmt"/>
        <line num="37" count="7" type="stmt"/>
        <line num="38" count="7" type="cond" truecount="2" falsecount="0"/>
        <line num="39" count="10" type="cond" truecount="2" falsecount="0"/>
        <line num="41" count="10" type="cond" truecount="2" falsecount="0"/>
        <line num="42" count="5" type="stmt"/>
        <line num="45" count="7" type="cond" truecount="4" falsecount="0"/>
        <line num="46" count="1" type="stmt"/>
        <line num="49" count="7" type="cond" truecount="2" falsecount="0"/>
        <line num="50" count="6" type="stmt"/>
        <line num="53" count="7" type="stmt"/>
        <line num="56" count="79" type="stmt"/>
        <line num="58" count="77" type="cond" truecount="2" falsecount="0"/>
        <line num="59" count="40" type="stmt"/>
        <line num="62" count="37" type="cond" truecount="4" falsecount="0"/>
        <line num="63" count="16" type="stmt"/>
        <line num="65" count="16" type="cond" truecount="2" falsecount="0"/>
        <line num="66" count="1" type="stmt"/>
        <line num="69" count="16" type="cond" truecount="4" falsecount="0"/>
        <line num="70" count="1" type="stmt"/>
        <line num="73" count="16" type="stmt"/>
        <line num="76" count="21" type="stmt"/>
        <line num="77" count="21" type="cond" truecount="2" falsecount="0"/>
        <line num="78" count="77" type="cond" truecount="2" falsecount="0"/>
        <line num="80" count="77" type="cond" truecount="2" falsecount="0"/>
        <line num="81" count="1" type="stmt"/>
        <line num="84" count="20" type="cond" truecount="2" falsecount="0"/>
        <line num="85" count="17" type="stmt"/>
        <line num="88" count="20" type="stmt"/>
        <line num="89" count="77" type="stmt"/>
        <line num="91" count="77" type="cond" truecount="3" falsecount="0"/>
        <line num="94" count="77" type="cond" truecount="4" falsecount="0"/>
        <line num="95" count="5" type="stmt"/>
        <line num="99" count="79" type="stmt"/>
        <line num="121" count="3" type="stmt"/>
      </file>
      <file name="FormAutocompleteAsync.tsx" path="/Users/kvzhukh/greensight/ensi/grove/workspace/packages/admin-ui-base/src/autocomplete-async/FormAutocompleteAsync.tsx">
        <metrics statements="11" coveredstatements="11" conditionals="12" coveredconditionals="12" methods="4" coveredmethods="4"/>
        <line num="16" count="3" type="stmt"/>
        <line num="17" count="12" type="stmt"/>
        <line num="19" count="12" type="stmt"/>
        <line num="22" count="3" type="stmt"/>
        <line num="33" count="12" type="stmt"/>
        <line num="34" count="12" type="stmt"/>
        <line num="35" count="12" type="cond" truecount="2" falsecount="0"/>
        <line num="37" count="12" type="stmt"/>
        <line num="52" count="2" type="cond" truecount="2" falsecount="0"/>
        <line num="53" count="1" type="stmt"/>
        <line num="61" count="3" type="stmt"/>
      </file>
      <file name="suggest.ts" path="/Users/kvzhukh/greensight/ensi/grove/workspace/packages/admin-ui-base/src/autocomplete-async/suggest.ts">
        <metrics statements="0" coveredstatements="0" conditionals="0" coveredconditionals="0" methods="0" coveredmethods="0"/>
      </file>
      <file name="utils.ts" path="/Users/kvzhukh/greensight/ensi/grove/workspace/packages/admin-ui-base/src/autocomplete-async/utils.ts">
        <metrics statements="4" coveredstatements="4" conditionals="6" coveredconditionals="6" methods="1" coveredmethods="1"/>
        <line num="2" count="5" type="stmt"/>
        <line num="15" count="94" type="cond" truecount="2" falsecount="0"/>
        <line num="16" count="94" type="cond" truecount="2" falsecount="0"/>
        <line num="18" count="94" type="cond" truecount="2" falsecount="0"/>
      </file>
    </package>
    <package name="src.autocomplete-async.hooks">
      <metrics statements="8" coveredstatements="8" conditionals="0" coveredconditionals="0" methods="3" coveredmethods="3"/>
      <file name="useAsyncSuggest.ts" path="/Users/kvzhukh/greensight/ensi/grove/workspace/packages/admin-ui-base/src/autocomplete-async/hooks/useAsyncSuggest.ts">
        <metrics statements="8" coveredstatements="8" conditionals="0" coveredconditionals="0" methods="3" coveredmethods="3"/>
        <line num="15" count="5" type="stmt"/>
        <line num="20" count="94" type="stmt"/>
        <line num="23" count="5" type="stmt"/>
        <line num="24" count="94" type="stmt"/>
        <line num="25" count="94" type="stmt"/>
        <line num="27" count="94" type="stmt"/>
        <line num="31" count="5" type="stmt"/>
        <line num="39" count="94" type="stmt"/>
      </file>
    </package>
    <package name="src.badge">
      <metrics statements="4" coveredstatements="4" conditionals="2" coveredconditionals="2" methods="1" coveredmethods="1"/>
      <file name="Component.tsx" path="/Users/kvzhukh/greensight/ensi/grove/workspace/packages/admin-ui-base/src/badge/Component.tsx">
        <metrics statements="3" coveredstatements="3" conditionals="2" coveredconditionals="2" methods="1" coveredmethods="1"/>
        <line num="6" count="1" type="stmt"/>
        <line num="15" count="3" type="stmt"/>
        <line num="20" count="1" type="stmt"/>
      </file>
      <file name="theme.ts" path="/Users/kvzhukh/greensight/ensi/grove/workspace/packages/admin-ui-base/src/badge/theme.ts">
        <metrics statements="1" coveredstatements="1" conditionals="0" coveredconditionals="0" methods="0" coveredmethods="0"/>
        <line num="5" count="1" type="stmt"/>
      </file>
    </package>
    <package name="src.bottom-sheet">
      <metrics statements="40" coveredstatements="40" conditionals="14" coveredconditionals="14" methods="8" coveredmethods="8"/>
      <file name="Component.tsx" path="/Users/kvzhukh/greensight/ensi/grove/workspace/packages/admin-ui-base/src/bottom-sheet/Component.tsx">
        <metrics statements="21" coveredstatements="21" conditionals="8" coveredconditionals="8" methods="6" coveredmethods="6"/>
        <line num="20" count="1" type="stmt"/>
        <line num="29" count="20" type="stmt"/>
        <line num="31" count="20" type="stmt"/>
        <line num="34" count="1" type="stmt"/>
        <line num="48" count="13" type="stmt"/>
        <line num="49" count="13" type="stmt"/>
        <line num="51" count="13" type="stmt"/>
        <line num="53" count="18" type="stmt"/>
        <line num="55" count="18" type="cond" truecount="2" falsecount="0"/>
        <line num="56" count="2" type="stmt"/>
        <line num="57" count="2" type="stmt"/>
        <line num="60" count="16" type="cond" truecount="2" falsecount="0"/>
        <line num="61" count="2" type="stmt"/>
        <line num="67" count="13" type="stmt"/>
        <line num="68" count="1" type="stmt"/>
        <line num="71" count="13" type="stmt"/>
        <line num="78" count="13" type="stmt"/>
        <line num="80" count="13" type="stmt"/>
        <line num="90" count="20" type="stmt"/>
        <line num="118" count="1" type="stmt"/>
        <line num="120" count="1" type="stmt"/>
      </file>
      <file name="constants.ts" path="/Users/kvzhukh/greensight/ensi/grove/workspace/packages/admin-ui-base/src/bottom-sheet/constants.ts">
        <metrics statements="6" coveredstatements="6" conditionals="0" coveredconditionals="0" methods="0" coveredmethods="0"/>
        <line num="2" count="2" type="stmt"/>
        <line num="5" count="2" type="stmt"/>
        <line num="8" count="2" type="stmt"/>
        <line num="11" count="2" type="stmt"/>
        <line num="14" count="2" type="stmt"/>
        <line num="17" count="2" type="stmt"/>
      </file>
      <file name="context.ts" path="/Users/kvzhukh/greensight/ensi/grove/workspace/packages/admin-ui-base/src/bottom-sheet/context.ts">
        <metrics statements="6" coveredstatements="6" conditionals="2" coveredconditionals="2" methods="1" coveredmethods="1"/>
        <line num="8" count="1" type="stmt"/>
        <line num="10" count="1" type="stmt"/>
        <line num="11" count="14" type="stmt"/>
        <line num="13" count="14" type="cond" truecount="2" falsecount="0"/>
        <line num="14" count="2" type="stmt"/>
        <line num="17" count="12" type="stmt"/>
      </file>
      <file name="theme.ts" path="/Users/kvzhukh/greensight/ensi/grove/workspace/packages/admin-ui-base/src/bottom-sheet/theme.ts">
        <metrics statements="2" coveredstatements="2" conditionals="0" coveredconditionals="0" methods="0" coveredmethods="0"/>
        <line num="5" count="1" type="stmt"/>
        <line num="7" count="1" type="stmt"/>
      </file>
      <file name="utils.ts" path="/Users/kvzhukh/greensight/ensi/grove/workspace/packages/admin-ui-base/src/bottom-sheet/utils.ts">
        <metrics statements="5" coveredstatements="5" conditionals="4" coveredconditionals="4" methods="1" coveredmethods="1"/>
        <line num="15" count="2" type="stmt"/>
        <line num="16" count="16" type="stmt"/>
        <line num="17" count="16" type="cond" truecount="2" falsecount="0"/>
        <line num="18" count="16" type="stmt"/>
        <line num="20" count="16" type="cond" truecount="2" falsecount="0"/>
      </file>
    </package>
    <package name="src.bottom-sheet.components.CloseButton">
      <metrics statements="1" coveredstatements="1" conditionals="0" coveredconditionals="0" methods="0" coveredmethods="0"/>
      <file name="theme.ts" path="/Users/kvzhukh/greensight/ensi/grove/workspace/packages/admin-ui-base/src/bottom-sheet/components/CloseButton/theme.ts">
        <metrics statements="1" coveredstatements="1" conditionals="0" coveredconditionals="0" methods="0" coveredmethods="0"/>
        <line num="5" count="1" type="stmt"/>
      </file>
    </package>
    <package name="src.bottom-sheet.components.Title">
      <metrics statements="1" coveredstatements="1" conditionals="0" coveredconditionals="0" methods="0" coveredmethods="0"/>
      <file name="theme.ts" path="/Users/kvzhukh/greensight/ensi/grove/workspace/packages/admin-ui-base/src/bottom-sheet/components/Title/theme.ts">
        <metrics statements="1" coveredstatements="1" conditionals="0" coveredconditionals="0" methods="0" coveredmethods="0"/>
        <line num="7" count="1" type="stmt"/>
      </file>
    </package>
    <package name="src.bottom-sheet.hooks">
      <metrics statements="86" coveredstatements="86" conditionals="57" coveredconditionals="57" methods="8" coveredmethods="8"/>
      <file name="useBottomSheetSwipe.ts" path="/Users/kvzhukh/greensight/ensi/grove/workspace/packages/admin-ui-base/src/bottom-sheet/hooks/useBottomSheetSwipe.ts">
        <metrics statements="86" coveredstatements="86" conditionals="57" coveredconditionals="57" methods="8" coveredmethods="8"/>
        <line num="17" count="2" type="stmt"/>
        <line num="18" count="28" type="cond" truecount="2" falsecount="0"/>
        <line num="20" count="2" type="stmt"/>
        <line num="21" count="31" type="stmt"/>
        <line num="22" count="31" type="stmt"/>
        <line num="23" count="31" type="stmt"/>
        <line num="24" count="31" type="stmt"/>
        <line num="25" count="31" type="stmt"/>
        <line num="27" count="31" type="stmt"/>
        <line num="28" count="14" type="stmt"/>
        <line num="29" count="14" type="cond" truecount="2" falsecount="0"/>
        <line num="30" count="13" type="stmt"/>
        <line num="34" count="31" type="stmt"/>
        <line num="35" count="11" type="stmt"/>
        <line num="36" count="11" type="cond" truecount="2" falsecount="0"/>
        <line num="37" count="1" type="stmt"/>
        <line num="40" count="10" type="stmt"/>
        <line num="41" count="10" type="stmt"/>
        <line num="44" count="31" type="stmt"/>
        <line num="46" count="21" type="cond" truecount="4" falsecount="0"/>
        <line num="47" count="2" type="stmt"/>
        <line num="50" count="19" type="stmt"/>
        <line num="51" count="19" type="stmt"/>
        <line num="52" count="19" type="stmt"/>
        <line num="53" count="19" type="stmt"/>
        <line num="54" count="19" type="stmt"/>
        <line num="59" count="31" type="stmt"/>
        <line num="61" count="36" type="cond" truecount="4" falsecount="0"/>
        <line num="62" count="7" type="stmt"/>
        <line num="65" count="29" type="stmt"/>
        <line num="66" count="29" type="cond" truecount="2" falsecount="0"/>
        <line num="67" count="1" type="stmt"/>
        <line num="70" count="28" type="stmt"/>
        <line num="71" count="28" type="stmt"/>
        <line num="72" count="28" type="stmt"/>
        <line num="73" count="28" type="cond" truecount="3" falsecount="0"/>
        <line num="75" count="36" type="cond" truecount="2" falsecount="0"/>
        <line num="76" count="16" type="cond" truecount="2" falsecount="0"/>
        <line num="77" count="1" type="stmt"/>
        <line num="80" count="15" type="cond" truecount="4" falsecount="0"/>
        <line num="81" count="16" type="cond" truecount="4" falsecount="0"/>
        <line num="82" count="1" type="stmt"/>
        <line num="83" count="1" type="stmt"/>
        <line num="86" count="14" type="stmt"/>
        <line num="87" count="14" type="stmt"/>
        <line num="89" count="14" type="cond" truecount="2" falsecount="0"/>
        <line num="90" count="13" type="stmt"/>
        <line num="93" count="14" type="cond" truecount="2" falsecount="0"/>
        <line num="94" count="13" type="stmt"/>
        <line num="98" count="26" type="cond" truecount="2" falsecount="0"/>
        <line num="99" count="4" type="stmt"/>
        <line num="102" count="22" type="stmt"/>
        <line num="103" count="22" type="stmt"/>
        <line num="104" count="22" type="stmt"/>
        <line num="109" count="31" type="stmt"/>
        <line num="111" count="18" type="cond" truecount="4" falsecount="0"/>
        <line num="112" count="4" type="stmt"/>
        <line num="115" count="14" type="stmt"/>
        <line num="116" count="14" type="stmt"/>
        <line num="117" count="14" type="stmt"/>
        <line num="118" count="14" type="stmt"/>
        <line num="119" count="14" type="stmt"/>
        <line num="120" count="14" type="stmt"/>
        <line num="122" count="14" type="stmt"/>
        <line num="123" count="14" type="stmt"/>
        <line num="124" count="14" type="stmt"/>
        <line num="126" count="14" type="cond" truecount="2" falsecount="0"/>
        <line num="132" count="11" type="stmt"/>
        <line num="135" count="14" type="cond" truecount="4" falsecount="0"/>
        <line num="136" count="3" type="stmt"/>
        <line num="139" count="11" type="cond" truecount="2" falsecount="0"/>
        <line num="140" count="18" type="stmt"/>
        <line num="147" count="18" type="cond" truecount="2" falsecount="0"/>
        <line num="148" count="9" type="stmt"/>
        <line num="149" count="9" type="stmt"/>
        <line num="150" count="9" type="stmt"/>
        <line num="153" count="2" type="cond" truecount="2" falsecount="0"/>
        <line num="154" count="1" type="stmt"/>
        <line num="155" count="1" type="stmt"/>
        <line num="158" count="1" type="stmt"/>
        <line num="159" count="1" type="stmt"/>
        <line num="161" count="1" type="stmt"/>
        <line num="162" count="1" type="stmt"/>
        <line num="163" count="1" type="stmt"/>
        <line num="165" count="1" type="stmt"/>
        <line num="170" count="31" type="stmt"/>
      </file>
    </package>
    <package name="src.button">
      <metrics statements="5" coveredstatements="5" conditionals="18" coveredconditionals="18" methods="1" coveredmethods="1"/>
      <file name="Component.tsx" path="/Users/kvzhukh/greensight/ensi/grove/workspace/packages/admin-ui-base/src/button/Component.tsx">
        <metrics statements="4" coveredstatements="4" conditionals="18" coveredconditionals="18" methods="1" coveredmethods="1"/>
        <line num="12" count="4" type="stmt"/>
        <line num="25" count="71" type="cond" truecount="2" falsecount="0"/>
        <line num="27" count="71" type="stmt"/>
        <line num="32" count="71" type="stmt"/>
      </file>
      <file name="theme.ts" path="/Users/kvzhukh/greensight/ensi/grove/workspace/packages/admin-ui-base/src/button/theme.ts">
        <metrics statements="1" coveredstatements="1" conditionals="0" coveredconditionals="0" methods="0" coveredmethods="0"/>
        <line num="5" count="4" type="stmt"/>
      </file>
    </package>
    <package name="src.checkbox">
      <metrics statements="16" coveredstatements="16" conditionals="15" coveredconditionals="15" methods="5" coveredmethods="5"/>
      <file name="Component.tsx" path="/Users/kvzhukh/greensight/ensi/grove/workspace/packages/admin-ui-base/src/checkbox/Component.tsx">
        <metrics statements="3" coveredstatements="3" conditionals="9" coveredconditionals="9" methods="1" coveredmethods="1"/>
        <line num="11" count="4" type="stmt"/>
        <line num="27" count="27" type="stmt"/>
        <line num="52" count="4" type="stmt"/>
      </file>
      <file name="FormCheckbox.tsx" path="/Users/kvzhukh/greensight/ensi/grove/workspace/packages/admin-ui-base/src/checkbox/FormCheckbox.tsx">
        <metrics statements="12" coveredstatements="12" conditionals="6" coveredconditionals="6" methods="4" coveredmethods="4"/>
        <line num="12" count="4" type="stmt"/>
        <line num="13" count="11" type="stmt"/>
        <line num="14" count="11" type="stmt"/>
        <line num="16" count="11" type="stmt"/>
        <line num="29" count="4" type="stmt"/>
        <line num="40" count="11" type="stmt"/>
        <line num="41" count="11" type="stmt"/>
        <line num="42" count="11" type="cond" truecount="2" falsecount="0"/>
        <line num="44" count="11" type="stmt"/>
        <line num="58" count="1" type="stmt"/>
        <line num="59" count="1" type="stmt"/>
        <line num="69" count="4" type="stmt"/>
      </file>
      <file name="theme.ts" path="/Users/kvzhukh/greensight/ensi/grove/workspace/packages/admin-ui-base/src/checkbox/theme.ts">
        <metrics statements="1" coveredstatements="1" conditionals="0" coveredconditionals="0" methods="0" coveredmethods="0"/>
        <line num="8" count="4" type="stmt"/>
      </file>
    </package>
    <package name="src.checkbox-group">
      <metrics statements="14" coveredstatements="14" conditionals="15" coveredconditionals="15" methods="5" coveredmethods="5"/>
      <file name="Component.tsx" path="/Users/kvzhukh/greensight/ensi/grove/workspace/packages/admin-ui-base/src/checkbox-group/Component.tsx">
        <metrics statements="3" coveredstatements="3" conditionals="5" coveredconditionals="5" methods="1" coveredmethods="1"/>
        <line num="8" count="2" type="stmt"/>
        <line num="21" count="12" type="stmt"/>
        <line num="38" count="2" type="stmt"/>
      </file>
      <file name="FormCheckboxGroup.tsx" path="/Users/kvzhukh/greensight/ensi/grove/workspace/packages/admin-ui-base/src/checkbox-group/FormCheckboxGroup.tsx">
        <metrics statements="11" coveredstatements="11" conditionals="10" coveredconditionals="10" methods="4" coveredmethods="4"/>
        <line num="12" count="2" type="stmt"/>
        <line num="13" count="9" type="stmt"/>
        <line num="15" count="9" type="stmt"/>
        <line num="18" count="2" type="stmt"/>
        <line num="30" count="9" type="stmt"/>
        <line num="31" count="9" type="stmt"/>
        <line num="32" count="9" type="cond" truecount="2" falsecount="0"/>
        <line num="34" count="9" type="stmt"/>
        <line num="49" count="2" type="stmt"/>
        <line num="50" count="1" type="stmt"/>
        <line num="60" count="2" type="stmt"/>
      </file>
    </package>
    <package name="src.combobox">
      <metrics statements="12" coveredstatements="12" conditionals="6" coveredconditionals="6" methods="4" coveredmethods="4"/>
      <file name="utils.ts" path="/Users/kvzhukh/greensight/ensi/grove/workspace/packages/admin-ui-base/src/combobox/utils.ts">
        <metrics statements="12" coveredstatements="12" conditionals="6" coveredconditionals="6" methods="4" coveredmethods="4"/>
        <line num="9" count="14" type="stmt"/>
        <line num="13" count="107" type="stmt"/>
        <line num="14" count="38" type="stmt"/>
        <line num="15" count="38" type="stmt"/>
        <line num="17" count="38" type="cond" truecount="2" falsecount="0"/>
        <line num="18" count="36" type="stmt"/>
        <line num="21" count="2" type="stmt"/>
        <line num="25" count="14" type="stmt"/>
        <line num="26" count="13" type="cond" truecount="2" falsecount="0"/>
        <line num="27" count="2" type="stmt"/>
        <line num="30" count="11" type="stmt"/>
        <line num="34" count="94" type="cond" truecount="2" falsecount="0"/>
      </file>
    </package>
    <package name="src.combobox.components.Item">
      <metrics statements="1" coveredstatements="1" conditionals="0" coveredconditionals="0" methods="0" coveredmethods="0"/>
      <file name="theme.ts" path="/Users/kvzhukh/greensight/ensi/grove/workspace/packages/admin-ui-base/src/combobox/components/Item/theme.ts">
        <metrics statements="1" coveredstatements="1" conditionals="0" coveredconditionals="0" methods="0" coveredmethods="0"/>
        <line num="5" count="13" type="stmt"/>
      </file>
    </package>
    <package name="src.combobox.components.List">
      <metrics statements="1" coveredstatements="1" conditionals="0" coveredconditionals="0" methods="0" coveredmethods="0"/>
      <file name="theme.ts" path="/Users/kvzhukh/greensight/ensi/grove/workspace/packages/admin-ui-base/src/combobox/components/List/theme.ts">
        <metrics statements="1" coveredstatements="1" conditionals="0" coveredconditionals="0" methods="0" coveredmethods="0"/>
        <line num="8" count="13" type="stmt"/>
      </file>
    </package>
    <package name="src.combobox.components.MultiTrigger">
      <metrics statements="17" coveredstatements="17" conditionals="18" coveredconditionals="18" methods="7" coveredmethods="7"/>
      <file name="SelectedTags.tsx" path="/Users/kvzhukh/greensight/ensi/grove/workspace/packages/admin-ui-base/src/combobox/components/MultiTrigger/SelectedTags.tsx">
        <metrics statements="14" coveredstatements="14" conditionals="14" coveredconditionals="14" methods="5" coveredmethods="5"/>
        <line num="17" count="14" type="stmt"/>
        <line num="18" count="25" type="stmt"/>
        <line num="39" count="14" type="stmt"/>
        <line num="51" count="135" type="cond" truecount="2" falsecount="0"/>
        <line num="52" count="135" type="stmt"/>
        <line num="56" count="135" type="stmt"/>
        <line num="57" count="135" type="cond" truecount="4" falsecount="0"/>
        <line num="59" count="135" type="stmt"/>
        <line num="70" count="25" type="stmt"/>
        <line num="88" count="1" type="stmt"/>
        <line num="89" count="1" type="stmt"/>
        <line num="90" count="1" type="stmt"/>
        <line num="99" count="102" type="stmt"/>
        <line num="120" count="14" type="stmt"/>
      </file>
      <file name="theme.ts" path="/Users/kvzhukh/greensight/ensi/grove/workspace/packages/admin-ui-base/src/combobox/components/MultiTrigger/theme.ts">
        <metrics statements="3" coveredstatements="3" conditionals="4" coveredconditionals="4" methods="2" coveredmethods="2"/>
        <line num="10" count="14" type="stmt"/>
        <line num="27" count="127" type="cond" truecount="2" falsecount="0"/>
        <line num="29" count="143" type="cond" truecount="2" falsecount="0"/>
      </file>
    </package>
    <package name="src.combobox.components.Popover">
      <metrics statements="1" coveredstatements="1" conditionals="0" coveredconditionals="0" methods="0" coveredmethods="0"/>
      <file name="theme.ts" path="/Users/kvzhukh/greensight/ensi/grove/workspace/packages/admin-ui-base/src/combobox/components/Popover/theme.ts">
        <metrics statements="1" coveredstatements="1" conditionals="0" coveredconditionals="0" methods="0" coveredmethods="0"/>
        <line num="5" count="13" type="stmt"/>
      </file>
    </package>
    <package name="src.combobox.components.Trigger">
      <metrics statements="1" coveredstatements="1" conditionals="0" coveredconditionals="0" methods="0" coveredmethods="0"/>
      <file name="theme.ts" path="/Users/kvzhukh/greensight/ensi/grove/workspace/packages/admin-ui-base/src/combobox/components/Trigger/theme.ts">
        <metrics statements="1" coveredstatements="1" conditionals="0" coveredconditionals="0" methods="0" coveredmethods="0"/>
        <line num="8" count="13" type="stmt"/>
      </file>
    </package>
    <package name="src.combobox.hooks">
      <metrics statements="67" coveredstatements="67" conditionals="37" coveredconditionals="37" methods="9" coveredmethods="9"/>
      <file name="useSelectedOptionsCache.ts" path="/Users/kvzhukh/greensight/ensi/grove/workspace/packages/admin-ui-base/src/combobox/hooks/useSelectedOptionsCache.ts">
        <metrics statements="8" coveredstatements="8" conditionals="0" coveredconditionals="0" methods="3" coveredmethods="3"/>
        <line num="12" count="13" type="stmt"/>
        <line num="16" count="222" type="stmt"/>
        <line num="18" count="222" type="stmt"/>
        <line num="19" count="92" type="stmt"/>
        <line num="21" count="92" type="stmt"/>
        <line num="22" count="222" type="stmt"/>
        <line num="25" count="92" type="stmt"/>
        <line num="28" count="222" type="stmt"/>
      </file>
      <file name="useTagOverflow.ts" path="/Users/kvzhukh/greensight/ensi/grove/workspace/packages/admin-ui-base/src/combobox/hooks/useTagOverflow.ts">
        <metrics statements="59" coveredstatements="59" conditionals="37" coveredconditionals="37" methods="6" coveredmethods="6"/>
        <line num="21" count="14" type="stmt"/>
        <line num="22" count="35" type="cond" truecount="2" falsecount="0"/>
        <line num="23" count="25" type="stmt"/>
        <line num="26" count="10" type="stmt"/>
        <line num="27" count="10" type="stmt"/>
        <line num="29" count="10" type="cond" truecount="4" falsecount="0"/>
        <line num="30" count="1" type="stmt"/>
        <line num="33" count="9" type="stmt"/>
        <line num="41" count="14" type="stmt"/>
        <line num="46" count="153" type="stmt"/>
        <line num="47" count="153" type="stmt"/>
        <line num="48" count="153" type="stmt"/>
        <line num="49" count="153" type="stmt"/>
        <line num="50" count="153" type="stmt"/>
        <line num="51" count="153" type="stmt"/>
        <line num="53" count="153" type="stmt"/>
        <line num="54" count="58" type="cond" truecount="4" falsecount="0"/>
        <line num="55" count="22" type="stmt"/>
        <line num="57" count="22" type="stmt"/>
        <line num="60" count="36" type="stmt"/>
        <line num="61" count="36" type="stmt"/>
        <line num="63" count="36" type="cond" truecount="4" falsecount="0"/>
        <line num="64" count="1" type="stmt"/>
        <line num="66" count="1" type="stmt"/>
        <line num="69" count="35" type="stmt"/>
        <line num="70" count="35" type="cond" truecount="5" falsecount="0"/>
        <line num="71" count="58" type="cond" truecount="2" falsecount="0"/>
        <line num="72" count="58" type="stmt"/>
        <line num="73" count="58" type="cond" truecount="2" falsecount="0"/>
        <line num="75" count="58" type="stmt"/>
        <line num="76" count="58" type="stmt"/>
        <line num="78" count="58" type="stmt"/>
        <line num="79" count="49" type="stmt"/>
        <line num="80" count="49" type="cond" truecount="2" falsecount="0"/>
        <line num="81" count="49" type="stmt"/>
        <line num="82" count="49" type="stmt"/>
        <line num="83" count="49" type="cond" truecount="2" falsecount="0"/>
        <line num="85" count="49" type="cond" truecount="2" falsecount="0"/>
        <line num="86" count="4" type="stmt"/>
        <line num="89" count="45" type="stmt"/>
        <line num="90" count="45" type="stmt"/>
        <line num="93" count="35" type="cond" truecount="2" falsecount="0"/>
        <line num="94" count="33" type="stmt"/>
        <line num="96" count="33" type="stmt"/>
        <line num="99" count="2" type="stmt"/>
        <line num="102" count="153" type="stmt"/>
        <line num="103" count="51" type="stmt"/>
        <line num="105" count="51" type="stmt"/>
        <line num="107" count="51" type="cond" truecount="4" falsecount="0"/>
        <line num="108" count="43" type="stmt"/>
        <line num="111" count="8" type="stmt"/>
        <line num="112" count="7" type="stmt"/>
        <line num="115" count="8" type="stmt"/>
        <line num="117" count="8" type="stmt"/>
        <line num="119" count="51" type="cond" truecount="2" falsecount="0"/>
        <line num="120" count="1" type="stmt"/>
        <line num="123" count="8" type="stmt"/>
        <line num="124" count="8" type="stmt"/>
        <line num="128" count="153" type="stmt"/>
      </file>
    </package>
    <package name="src.drawer">
      <metrics statements="10" coveredstatements="10" conditionals="8" coveredconditionals="8" methods="3" coveredmethods="3"/>
      <file name="Component.tsx" path="/Users/kvzhukh/greensight/ensi/grove/workspace/packages/admin-ui-base/src/drawer/Component.tsx">
        <metrics statements="8" coveredstatements="8" conditionals="8" coveredconditionals="8" methods="3" coveredmethods="3"/>
        <line num="16" count="1" type="stmt"/>
        <line num="25" count="14" type="stmt"/>
        <line num="27" count="14" type="stmt"/>
        <line num="30" count="1" type="stmt"/>
        <line num="46" count="9" type="stmt"/>
        <line num="55" count="14" type="stmt"/>
        <line num="78" count="1" type="stmt"/>
        <line num="80" count="1" type="stmt"/>
      </file>
      <file name="theme.ts" path="/Users/kvzhukh/greensight/ensi/grove/workspace/packages/admin-ui-base/src/drawer/theme.ts">
        <metrics statements="2" coveredstatements="2" conditionals="0" coveredconditionals="0" methods="0" coveredmethods="0"/>
        <line num="5" count="1" type="stmt"/>
        <line num="17" count="1" type="stmt"/>
      </file>
    </package>
    <package name="src.drawer.components.CloseButton">
      <metrics statements="1" coveredstatements="1" conditionals="0" coveredconditionals="0" methods="0" coveredmethods="0"/>
      <file name="theme.ts" path="/Users/kvzhukh/greensight/ensi/grove/workspace/packages/admin-ui-base/src/drawer/components/CloseButton/theme.ts">
        <metrics statements="1" coveredstatements="1" conditionals="0" coveredconditionals="0" methods="0" coveredmethods="0"/>
        <line num="5" count="1" type="stmt"/>
      </file>
    </package>
    <package name="src.drawer.components.Title">
      <metrics statements="1" coveredstatements="1" conditionals="0" coveredconditionals="0" methods="0" coveredmethods="0"/>
      <file name="theme.ts" path="/Users/kvzhukh/greensight/ensi/grove/workspace/packages/admin-ui-base/src/drawer/components/Title/theme.ts">
        <metrics statements="1" coveredstatements="1" conditionals="0" coveredconditionals="0" methods="0" coveredmethods="0"/>
        <line num="7" count="1" type="stmt"/>
      </file>
    </package>
    <package name="src.ds.common">
      <metrics statements="4" coveredstatements="4" conditionals="4" coveredconditionals="4" methods="1" coveredmethods="1"/>
      <file name="utils.ts" path="/Users/kvzhukh/greensight/ensi/grove/workspace/packages/admin-ui-base/src/ds/common/utils.ts">
        <metrics statements="4" coveredstatements="4" conditionals="4" coveredconditionals="4" methods="1" coveredmethods="1"/>
        <line num="1" count="6" type="stmt"/>
        <line num="2" count="5" type="cond" truecount="2" falsecount="0"/>
        <line num="3" count="1" type="stmt"/>
        <line num="6" count="4" type="cond" truecount="2" falsecount="0"/>
      </file>
    </package>
    <package name="src.field">
      <metrics statements="20" coveredstatements="20" conditionals="16" coveredconditionals="16" methods="4" coveredmethods="4"/>
      <file name="Component.tsx" path="/Users/kvzhukh/greensight/ensi/grove/workspace/packages/admin-ui-base/src/field/Component.tsx">
        <metrics statements="13" coveredstatements="13" conditionals="14" coveredconditionals="14" methods="3" coveredmethods="3"/>
        <line num="12" count="26" type="stmt"/>
        <line num="23" count="222" type="stmt"/>
        <line num="24" count="222" type="stmt"/>
        <line num="25" count="222" type="stmt"/>
        <line num="26" count="222" type="stmt"/>
        <line num="27" count="222" type="stmt"/>
        <line num="29" count="222" type="stmt"/>
        <line num="30" count="84" type="stmt"/>
        <line num="40" count="222" type="stmt"/>
        <line num="41" count="85" type="stmt"/>
        <line num="54" count="222" type="stmt"/>
        <line num="71" count="26" type="stmt"/>
        <line num="73" count="26" type="stmt"/>
      </file>
      <file name="context.ts" path="/Users/kvzhukh/greensight/ensi/grove/workspace/packages/admin-ui-base/src/field/context.ts">
        <metrics statements="6" coveredstatements="6" conditionals="2" coveredconditionals="2" methods="1" coveredmethods="1"/>
        <line num="5" count="26" type="stmt"/>
        <line num="7" count="26" type="stmt"/>
        <line num="8" count="647" type="stmt"/>
        <line num="10" count="647" type="cond" truecount="2" falsecount="0"/>
        <line num="11" count="2" type="stmt"/>
        <line num="14" count="644" type="stmt"/>
      </file>
      <file name="theme.ts" path="/Users/kvzhukh/greensight/ensi/grove/workspace/packages/admin-ui-base/src/field/theme.ts">
        <metrics statements="1" coveredstatements="1" conditionals="0" coveredconditionals="0" methods="0" coveredmethods="0"/>
        <line num="5" count="26" type="stmt"/>
      </file>
    </package>
    <package name="src.field-clear-button">
      <metrics statements="47" coveredstatements="47" conditionals="25" coveredconditionals="25" methods="12" coveredmethods="12"/>
      <file name="Component.tsx" path="/Users/kvzhukh/greensight/ensi/grove/workspace/packages/admin-ui-base/src/field-clear-button/Component.tsx">
        <metrics statements="9" coveredstatements="9" conditionals="0" coveredconditionals="0" methods="3" coveredmethods="3"/>
        <line num="10" count="13" type="stmt"/>
        <line num="11" count="47" type="stmt"/>
        <line num="13" count="47" type="stmt"/>
        <line num="20" count="9" type="stmt"/>
        <line num="21" count="9" type="stmt"/>
        <line num="24" count="9" type="stmt"/>
        <line num="25" count="9" type="stmt"/>
        <line num="26" count="9" type="stmt"/>
        <line num="34" count="13" type="stmt"/>
      </file>
      <file name="adapters.tsx" path="/Users/kvzhukh/greensight/ensi/grove/workspace/packages/admin-ui-base/src/field-clear-button/adapters.tsx">
        <metrics statements="37" coveredstatements="37" conditionals="25" coveredconditionals="25" methods="9" coveredmethods="9"/>
        <line num="8" count="13" type="stmt"/>
        <line num="9" count="18" type="cond" truecount="2" falsecount="0"/>
        <line num="10" count="1" type="stmt"/>
        <line num="13" count="17" type="cond" truecount="2" falsecount="0"/>
        <line num="14" count="16" type="stmt"/>
        <line num="17" count="1" type="stmt"/>
        <line num="27" count="13" type="stmt"/>
        <line num="28" count="18" type="stmt"/>
        <line num="30" count="18" type="cond" truecount="5" falsecount="0"/>
        <line num="31" count="13" type="stmt"/>
        <line num="34" count="5" type="stmt"/>
        <line num="40" count="2" type="stmt"/>
        <line num="46" count="13" type="stmt"/>
        <line num="49" count="13" type="stmt"/>
        <line num="50" count="22" type="stmt"/>
        <line num="52" count="22" type="cond" truecount="5" falsecount="0"/>
        <line num="53" count="14" type="stmt"/>
        <line num="56" count="8" type="stmt"/>
        <line num="62" count="2" type="stmt"/>
        <line num="68" count="13" type="stmt"/>
        <line num="71" count="13" type="stmt"/>
        <line num="72" count="63" type="stmt"/>
        <line num="73" count="63" type="stmt"/>
        <line num="75" count="63" type="cond" truecount="6" falsecount="0"/>
        <line num="76" count="32" type="stmt"/>
        <line num="79" count="31" type="stmt"/>
        <line num="85" count="4" type="stmt"/>
        <line num="86" count="4" type="stmt"/>
        <line num="92" count="13" type="stmt"/>
        <line num="95" count="13" type="stmt"/>
        <line num="96" count="4" type="stmt"/>
        <line num="98" count="4" type="cond" truecount="5" falsecount="0"/>
        <line num="99" count="1" type="stmt"/>
        <line num="102" count="3" type="stmt"/>
        <line num="108" count="1" type="stmt"/>
        <line num="109" count="1" type="stmt"/>
        <line num="115" count="13" type="stmt"/>
      </file>
      <file name="theme.ts" path="/Users/kvzhukh/greensight/ensi/grove/workspace/packages/admin-ui-base/src/field-clear-button/theme.ts">
        <metrics statements="1" coveredstatements="1" conditionals="0" coveredconditionals="0" methods="0" coveredmethods="0"/>
        <line num="5" count="13" type="stmt"/>
      </file>
    </package>
    <package name="src.field.components.Error">
      <metrics statements="1" coveredstatements="1" conditionals="0" coveredconditionals="0" methods="0" coveredmethods="0"/>
      <file name="theme.ts" path="/Users/kvzhukh/greensight/ensi/grove/workspace/packages/admin-ui-base/src/field/components/Error/theme.ts">
        <metrics statements="1" coveredstatements="1" conditionals="0" coveredconditionals="0" methods="0" coveredmethods="0"/>
        <line num="7" count="26" type="stmt"/>
      </file>
    </package>
    <package name="src.field.components.Hint">
      <metrics statements="1" coveredstatements="1" conditionals="0" coveredconditionals="0" methods="0" coveredmethods="0"/>
      <file name="theme.ts" path="/Users/kvzhukh/greensight/ensi/grove/workspace/packages/admin-ui-base/src/field/components/Hint/theme.ts">
        <metrics statements="1" coveredstatements="1" conditionals="0" coveredconditionals="0" methods="0" coveredmethods="0"/>
        <line num="7" count="26" type="stmt"/>
      </file>
    </package>
    <package name="src.field.components.Label">
      <metrics statements="1" coveredstatements="1" conditionals="0" coveredconditionals="0" methods="0" coveredmethods="0"/>
      <file name="theme.ts" path="/Users/kvzhukh/greensight/ensi/grove/workspace/packages/admin-ui-base/src/field/components/Label/theme.ts">
        <metrics statements="1" coveredstatements="1" conditionals="0" coveredconditionals="0" methods="0" coveredmethods="0"/>
        <line num="7" count="26" type="stmt"/>
      </file>
    </package>
    <package name="src.form">
      <metrics statements="37" coveredstatements="37" conditionals="27" coveredconditionals="27" methods="13" coveredmethods="13"/>
      <file name="Component.tsx" path="/Users/kvzhukh/greensight/ensi/grove/workspace/packages/admin-ui-base/src/form/Component.tsx">
        <metrics statements="30" coveredstatements="30" conditionals="23" coveredconditionals="23" methods="11" coveredmethods="11"/>
        <line num="12" count="13" type="stmt"/>
        <line num="30" count="140" type="stmt"/>
        <line num="37" count="140" type="stmt"/>
        <line num="39" count="140" type="stmt"/>
        <line num="40" count="67" type="stmt"/>
        <line num="43" count="140" type="stmt"/>
        <line num="45" count="2" type="stmt"/>
        <line num="46" count="2" type="stmt"/>
        <line num="47" count="2" type="cond" truecount="2" falsecount="0"/>
        <line num="52" count="140" type="stmt"/>
        <line num="53" count="69" type="cond" truecount="2" falsecount="0"/>
        <line num="57" count="140" type="stmt"/>
        <line num="59" count="140" type="stmt"/>
        <line num="60" count="138" type="cond" truecount="4" falsecount="0"/>
        <line num="61" count="4" type="stmt"/>
        <line num="62" count="4" type="cond" truecount="2" falsecount="0"/>
        <line num="66" count="140" type="stmt"/>
        <line num="68" count="91" type="cond" truecount="2" falsecount="0"/>
        <line num="73" count="140" type="stmt"/>
        <line num="74" count="140" type="stmt"/>
        <line num="76" count="20" type="stmt"/>
        <line num="79" count="10" type="stmt"/>
        <line num="83" count="140" type="stmt"/>
        <line num="84" count="30" type="stmt"/>
        <line num="85" count="30" type="stmt"/>
        <line num="88" count="140" type="stmt"/>
        <line num="90" count="21" type="cond" truecount="2" falsecount="0"/>
        <line num="95" count="140" type="stmt"/>
        <line num="96" count="67" type="stmt"/>
        <line num="100" count="140" type="stmt"/>
      </file>
      <file name="context.ts" path="/Users/kvzhukh/greensight/ensi/grove/workspace/packages/admin-ui-base/src/form/context.ts">
        <metrics statements="6" coveredstatements="6" conditionals="2" coveredconditionals="2" methods="1" coveredmethods="1"/>
        <line num="12" count="26" type="stmt"/>
        <line num="14" count="26" type="stmt"/>
        <line num="15" count="270" type="stmt"/>
        <line num="17" count="270" type="cond" truecount="2" falsecount="0"/>
        <line num="18" count="2" type="stmt"/>
        <line num="21" count="267" type="stmt"/>
      </file>
      <file name="utils.ts" path="/Users/kvzhukh/greensight/ensi/grove/workspace/packages/admin-ui-base/src/form/utils.ts">
        <metrics statements="1" coveredstatements="1" conditionals="2" coveredconditionals="2" methods="1" coveredmethods="1"/>
        <line num="3" count="264" type="cond" truecount="2" falsecount="0"/>
      </file>
    </package>
    <package name="src.form.hooks">
      <metrics statements="24" coveredstatements="24" conditionals="9" coveredconditionals="9" methods="4" coveredmethods="4"/>
      <file name="useFieldHook.ts" path="/Users/kvzhukh/greensight/ensi/grove/workspace/packages/admin-ui-base/src/form/hooks/useFieldHook.ts">
        <metrics statements="24" coveredstatements="24" conditionals="9" coveredconditionals="9" methods="4" coveredmethods="4"/>
        <line num="9" count="26" type="stmt"/>
        <line num="10" count="265" type="stmt"/>
        <line num="11" count="265" type="stmt"/>
        <line num="13" count="265" type="stmt"/>
        <line num="18" count="265" type="stmt"/>
        <line num="20" count="21" type="stmt"/>
        <line num="21" count="21" type="stmt"/>
        <line num="22" count="21" type="cond" truecount="5" falsecount="0"/>
        <line num="23" count="21" type="stmt"/>
        <line num="28" count="265" type="stmt"/>
        <line num="34" count="265" type="stmt"/>
        <line num="36" count="23" type="stmt"/>
        <line num="37" count="23" type="stmt"/>
        <line num="42" count="265" type="stmt"/>
        <line num="47" count="72" type="cond" truecount="2" falsecount="0"/>
        <line num="48" count="2" type="stmt"/>
        <line num="49" count="2" type="stmt"/>
        <line num="52" count="70" type="cond" truecount="2" falsecount="0"/>
        <line num="53" count="2" type="stmt"/>
        <line num="56" count="68" type="stmt"/>
        <line num="57" count="68" type="stmt"/>
        <line num="58" count="68" type="stmt"/>
        <line num="59" count="68" type="stmt"/>
        <line num="64" count="265" type="stmt"/>
      </file>
    </package>
    <package name="src.hooks">
      <metrics statements="22" coveredstatements="22" conditionals="11" coveredconditionals="11" methods="6" coveredmethods="6"/>
      <file name="useOverlayExitComplete.ts" path="/Users/kvzhukh/greensight/ensi/grove/workspace/packages/admin-ui-base/src/hooks/useOverlayExitComplete.ts">
        <metrics statements="17" coveredstatements="17" conditionals="11" coveredconditionals="11" methods="4" coveredmethods="4"/>
        <line num="8" count="20" type="stmt"/>
        <line num="9" count="134" type="stmt"/>
        <line num="10" count="134" type="stmt"/>
        <line num="11" count="134" type="stmt"/>
        <line num="13" count="134" type="cond" truecount="4" falsecount="0"/>
        <line num="14" count="132" type="stmt"/>
        <line num="17" count="134" type="stmt"/>
        <line num="18" count="75" type="cond" truecount="5" falsecount="0"/>
        <line num="19" count="74" type="stmt"/>
        <line num="22" count="1" type="stmt"/>
        <line num="23" count="1" type="stmt"/>
        <line num="26" count="134" type="stmt"/>
        <line num="27" count="53" type="stmt"/>
        <line num="28" count="53" type="cond" truecount="2" falsecount="0"/>
        <line num="29" count="2" type="stmt"/>
        <line num="32" count="51" type="stmt"/>
        <line num="33" count="51" type="stmt"/>
      </file>
      <file name="usePrevious.ts" path="/Users/kvzhukh/greensight/ensi/grove/workspace/packages/admin-ui-base/src/hooks/usePrevious.ts">
        <metrics statements="5" coveredstatements="5" conditionals="0" coveredconditionals="0" methods="2" coveredmethods="2"/>
        <line num="3" count="19" type="stmt"/>
        <line num="4" count="140" type="stmt"/>
        <line num="6" count="140" type="stmt"/>
        <line num="7" count="69" type="stmt"/>
        <line num="10" count="140" type="stmt"/>
      </file>
    </package>
    <package name="src.icon">
      <metrics statements="3" coveredstatements="3" conditionals="4" coveredconditionals="4" methods="1" coveredmethods="1"/>
      <file name="Component.tsx" path="/Users/kvzhukh/greensight/ensi/grove/workspace/packages/admin-ui-base/src/icon/Component.tsx">
        <metrics statements="3" coveredstatements="3" conditionals="4" coveredconditionals="4" methods="1" coveredmethods="1"/>
        <line num="11" count="5" type="stmt"/>
        <line num="12" count="6" type="stmt"/>
        <line num="17" count="6" type="stmt"/>
      </file>
    </package>
    <package name="src.icons">
      <metrics statements="9" coveredstatements="9" conditionals="12" coveredconditionals="12" methods="3" coveredmethods="3"/>
      <file name="Check.tsx" path="/Users/kvzhukh/greensight/ensi/grove/workspace/packages/admin-ui-base/src/icons/Check.tsx">
        <metrics statements="3" coveredstatements="3" conditionals="4" coveredconditionals="4" methods="1" coveredmethods="1"/>
        <line num="3" count="32" type="stmt"/>
        <line num="4" count="88" type="stmt"/>
        <line num="19" count="32" type="stmt"/>
      </file>
      <file name="ChevronDown.tsx" path="/Users/kvzhukh/greensight/ensi/grove/workspace/packages/admin-ui-base/src/icons/ChevronDown.tsx">
        <metrics statements="3" coveredstatements="3" conditionals="4" coveredconditionals="4" methods="1" coveredmethods="1"/>
        <line num="3" count="32" type="stmt"/>
        <line num="4" count="330" type="stmt"/>
        <line num="19" count="32" type="stmt"/>
      </file>
      <file name="Clear.tsx" path="/Users/kvzhukh/greensight/ensi/grove/workspace/packages/admin-ui-base/src/icons/Clear.tsx">
        <metrics statements="3" coveredstatements="3" conditionals="4" coveredconditionals="4" methods="1" coveredmethods="1"/>
        <line num="3" count="32" type="stmt"/>
        <line num="4" count="249" type="stmt"/>
        <line num="19" count="32" type="stmt"/>
      </file>
    </package>
    <package name="src.input">
      <metrics statements="55" coveredstatements="55" conditionals="41" coveredconditionals="41" methods="16" coveredmethods="16"/>
      <file name="Component.tsx" path="/Users/kvzhukh/greensight/ensi/grove/workspace/packages/admin-ui-base/src/input/Component.tsx">
        <metrics statements="36" coveredstatements="36" conditionals="25" coveredconditionals="25" methods="10" coveredmethods="10"/>
        <line num="15" count="64" type="cond" truecount="2" falsecount="0"/>
        <line num="17" count="2" type="stmt"/>
        <line num="18" count="116" type="cond" truecount="2" falsecount="0"/>
        <line num="19" count="92" type="stmt"/>
        <line num="20" count="92" type="stmt"/>
        <line num="23" count="24" type="cond" truecount="2" falsecount="0"/>
        <line num="24" count="2" type="stmt"/>
        <line num="28" count="2" type="stmt"/>
        <line num="29" count="5" type="stmt"/>
        <line num="31" count="5" type="stmt"/>
        <line num="37" count="3" type="stmt"/>
        <line num="38" count="3" type="stmt"/>
        <line num="41" count="3" type="stmt"/>
        <line num="42" count="3" type="stmt"/>
        <line num="43" count="3" type="stmt"/>
        <line num="51" count="2" type="stmt"/>
        <line num="66" count="58" type="stmt"/>
        <line num="67" count="58" type="stmt"/>
        <line num="68" count="58" type="stmt"/>
        <line num="69" count="58" type="cond" truecount="2" falsecount="0"/>
        <line num="70" count="58" type="cond" truecount="3" falsecount="0"/>
        <line num="72" count="58" type="stmt"/>
        <line num="73" count="26" type="cond" truecount="2" falsecount="0"/>
        <line num="74" count="1" type="stmt"/>
        <line num="77" count="26" type="stmt"/>
        <line num="80" count="58" type="stmt"/>
        <line num="81" count="3" type="stmt"/>
        <line num="82" count="3" type="stmt"/>
        <line num="84" count="3" type="stmt"/>
        <line num="86" count="3" type="cond" truecount="2" falsecount="0"/>
        <line num="87" count="1" type="stmt"/>
        <line num="90" count="3" type="stmt"/>
        <line num="93" count="58" type="stmt"/>
        <line num="103" count="116" type="stmt"/>
        <line num="104" count="116" type="stmt"/>
        <line num="118" count="2" type="stmt"/>
      </file>
      <file name="FormInput.tsx" path="/Users/kvzhukh/greensight/ensi/grove/workspace/packages/admin-ui-base/src/input/FormInput.tsx">
        <metrics statements="11" coveredstatements="11" conditionals="10" coveredconditionals="10" methods="4" coveredmethods="4"/>
        <line num="12" count="2" type="stmt"/>
        <line num="13" count="46" type="stmt"/>
        <line num="15" count="46" type="stmt"/>
        <line num="18" count="2" type="stmt"/>
        <line num="29" count="46" type="stmt"/>
        <line num="30" count="46" type="stmt"/>
        <line num="31" count="46" type="cond" truecount="2" falsecount="0"/>
        <line num="33" count="46" type="stmt"/>
        <line num="49" count="26" type="stmt"/>
        <line num="50" count="2" type="stmt"/>
        <line num="58" count="2" type="stmt"/>
      </file>
      <file name="theme.ts" path="/Users/kvzhukh/greensight/ensi/grove/workspace/packages/admin-ui-base/src/input/theme.ts">
        <metrics statements="1" coveredstatements="1" conditionals="0" coveredconditionals="0" methods="0" coveredmethods="0"/>
        <line num="8" count="2" type="stmt"/>
      </file>
      <file name="utils.ts" path="/Users/kvzhukh/greensight/ensi/grove/workspace/packages/admin-ui-base/src/input/utils.ts">
        <metrics statements="7" coveredstatements="7" conditionals="6" coveredconditionals="6" methods="2" coveredmethods="2"/>
        <line num="4" count="3" type="stmt"/>
        <line num="5" count="5" type="stmt"/>
        <line num="11" count="3" type="stmt"/>
        <line num="12" count="5" type="cond" truecount="2" falsecount="0"/>
        <line num="13" count="1" type="stmt"/>
        <line num="16" count="4" type="stmt"/>
        <line num="17" count="5" type="stmt"/>
      </file>
    </package>
    <package name="src.modal">
      <metrics statements="10" coveredstatements="10" conditionals="7" coveredconditionals="7" methods="3" coveredmethods="3"/>
      <file name="Component.tsx" path="/Users/kvzhukh/greensight/ensi/grove/workspace/packages/admin-ui-base/src/modal/Component.tsx">
        <metrics statements="8" coveredstatements="8" conditionals="7" coveredconditionals="7" methods="3" coveredmethods="3"/>
        <line num="16" count="4" type="stmt"/>
        <line num="25" count="95" type="stmt"/>
        <line num="27" count="95" type="stmt"/>
        <line num="30" count="4" type="stmt"/>
        <line num="45" count="60" type="stmt"/>
        <line num="54" count="95" type="stmt"/>
        <line num="76" count="4" type="stmt"/>
        <line num="78" count="4" type="stmt"/>
      </file>
      <file name="theme.ts" path="/Users/kvzhukh/greensight/ensi/grove/workspace/packages/admin-ui-base/src/modal/theme.ts">
        <metrics statements="2" coveredstatements="2" conditionals="0" coveredconditionals="0" methods="0" coveredmethods="0"/>
        <line num="5" count="4" type="stmt"/>
        <line num="7" count="4" type="stmt"/>
      </file>
    </package>
    <package name="src.modal-hub">
      <metrics statements="77" coveredstatements="77" conditionals="21" coveredconditionals="21" methods="23" coveredmethods="23"/>
      <file name="ModalHub.tsx" path="/Users/kvzhukh/greensight/ensi/grove/workspace/packages/admin-ui-base/src/modal-hub/ModalHub.tsx">
        <metrics statements="11" coveredstatements="11" conditionals="2" coveredconditionals="2" methods="4" coveredmethods="4"/>
        <line num="3" count="2" type="stmt"/>
        <line num="4" count="55" type="stmt"/>
        <line num="6" count="55" type="stmt"/>
        <line num="9" count="29" type="stmt"/>
        <line num="11" count="29" type="stmt"/>
        <line num="17" count="4" type="stmt"/>
        <line num="19" count="4" type="cond" truecount="2" falsecount="0"/>
        <line num="20" count="3" type="stmt"/>
        <line num="24" count="18" type="stmt"/>
        <line num="25" count="18" type="stmt"/>
        <line num="34" count="2" type="stmt"/>
      </file>
      <file name="ModalProvider.tsx" path="/Users/kvzhukh/greensight/ensi/grove/workspace/packages/admin-ui-base/src/modal-hub/ModalProvider.tsx">
        <metrics statements="23" coveredstatements="23" conditionals="4" coveredconditionals="4" methods="12" coveredmethods="12"/>
        <line num="11" count="2" type="stmt"/>
        <line num="12" count="55" type="stmt"/>
        <line num="14" count="55" type="stmt"/>
        <line num="15" count="18" type="stmt"/>
        <line num="16" count="18" type="stmt"/>
        <line num="25" count="18" type="stmt"/>
        <line num="27" count="18" type="stmt"/>
        <line num="30" count="55" type="stmt"/>
        <line num="31" count="8" type="stmt"/>
        <line num="32" count="9" type="cond" truecount="2" falsecount="0"/>
        <line num="36" count="55" type="stmt"/>
        <line num="37" count="18" type="stmt"/>
        <line num="40" count="55" type="stmt"/>
        <line num="41" count="1" type="stmt"/>
        <line num="44" count="55" type="stmt"/>
        <line num="45" count="55" type="stmt"/>
        <line num="55" count="55" type="stmt"/>
        <line num="58" count="2" type="stmt"/>
        <line num="60" count="2" type="stmt"/>
        <line num="61" count="122" type="stmt"/>
        <line num="63" count="122" type="cond" truecount="2" falsecount="0"/>
        <line num="64" count="2" type="stmt"/>
        <line num="67" count="119" type="stmt"/>
      </file>
      <file name="context.ts" path="/Users/kvzhukh/greensight/ensi/grove/workspace/packages/admin-ui-base/src/modal-hub/context.ts">
        <metrics statements="1" coveredstatements="1" conditionals="0" coveredconditionals="0" methods="0" coveredmethods="0"/>
        <line num="5" count="2" type="stmt"/>
      </file>
      <file name="useModal.ts" path="/Users/kvzhukh/greensight/ensi/grove/workspace/packages/admin-ui-base/src/modal-hub/useModal.ts">
        <metrics statements="13" coveredstatements="13" conditionals="2" coveredconditionals="2" methods="3" coveredmethods="3"/>
        <line num="6" count="1" type="stmt"/>
        <line num="7" count="38" type="stmt"/>
        <line num="8" count="38" type="stmt"/>
        <line num="10" count="38" type="stmt"/>
        <line num="11" count="3" type="cond" truecount="2" falsecount="0"/>
        <line num="12" count="1" type="stmt"/>
        <line num="15" count="2" type="stmt"/>
        <line num="16" count="3" type="stmt"/>
        <line num="17" count="3" type="stmt"/>
        <line num="20" count="38" type="stmt"/>
        <line num="21" count="9" type="stmt"/>
        <line num="27" count="9" type="stmt"/>
        <line num="30" count="38" type="stmt"/>
      </file>
      <file name="useModalAsync.ts" path="/Users/kvzhukh/greensight/ensi/grove/workspace/packages/admin-ui-base/src/modal-hub/useModalAsync.ts">
        <metrics statements="29" coveredstatements="29" conditionals="13" coveredconditionals="13" methods="4" coveredmethods="4"/>
        <line num="6" count="1" type="stmt"/>
        <line num="7" count="12" type="cond" truecount="3" falsecount="0"/>
        <line num="9" count="1" type="stmt"/>
        <line num="10" count="25" type="stmt"/>
        <line num="11" count="25" type="stmt"/>
        <line num="12" count="25" type="stmt"/>
        <line num="14" count="25" type="stmt"/>
        <line num="15" count="3" type="cond" truecount="2" falsecount="0"/>
        <line num="16" count="1" type="stmt"/>
        <line num="19" count="2" type="stmt"/>
        <line num="20" count="3" type="stmt"/>
        <line num="21" count="3" type="stmt"/>
        <line num="24" count="25" type="stmt"/>
        <line num="26" count="12" type="cond" truecount="2" falsecount="0"/>
        <line num="28" count="12" type="stmt"/>
        <line num="29" count="12" type="stmt"/>
        <line num="31" count="12" type="stmt"/>
        <line num="33" count="12" type="cond" truecount="2" falsecount="0"/>
        <line num="34" count="1" type="stmt"/>
        <line num="35" count="1" type="stmt"/>
        <line num="38" count="12" type="stmt"/>
        <line num="39" count="12" type="stmt"/>
        <line num="41" count="10" type="cond" truecount="2" falsecount="0"/>
        <line num="42" count="1" type="stmt"/>
        <line num="45" count="9" type="stmt"/>
        <line num="53" count="9" type="stmt"/>
        <line num="55" count="2" type="cond" truecount="2" falsecount="0"/>
        <line num="56" count="1" type="stmt"/>
        <line num="63" count="25" type="stmt"/>
      </file>
    </package>
    <package name="src.modal.components.CloseButton">
      <metrics statements="1" coveredstatements="1" conditionals="0" coveredconditionals="0" methods="0" coveredmethods="0"/>
      <file name="theme.ts" path="/Users/kvzhukh/greensight/ensi/grove/workspace/packages/admin-ui-base/src/modal/components/CloseButton/theme.ts">
        <metrics statements="1" coveredstatements="1" conditionals="0" coveredconditionals="0" methods="0" coveredmethods="0"/>
        <line num="5" count="4" type="stmt"/>
      </file>
    </package>
    <package name="src.modal.components.Title">
      <metrics statements="1" coveredstatements="1" conditionals="0" coveredconditionals="0" methods="0" coveredmethods="0"/>
      <file name="theme.ts" path="/Users/kvzhukh/greensight/ensi/grove/workspace/packages/admin-ui-base/src/modal/components/Title/theme.ts">
        <metrics statements="1" coveredstatements="1" conditionals="0" coveredconditionals="0" methods="0" coveredmethods="0"/>
        <line num="7" count="4" type="stmt"/>
      </file>
    </package>
    <package name="src.multi-autocomplete">
      <metrics statements="23" coveredstatements="23" conditionals="33" coveredconditionals="33" methods="9" coveredmethods="9"/>
      <file name="Component.tsx" path="/Users/kvzhukh/greensight/ensi/grove/workspace/packages/admin-ui-base/src/multi-autocomplete/Component.tsx">
        <metrics statements="6" coveredstatements="6" conditionals="21" coveredconditionals="21" methods="3" coveredmethods="3"/>
        <line num="12" count="4" type="stmt"/>
        <line num="38" count="26" type="stmt"/>
        <line num="40" count="26" type="stmt"/>
        <line num="48" count="9" type="stmt"/>
        <line num="66" count="57" type="stmt"/>
        <line num="96" count="4" type="stmt"/>
      </file>
      <file name="FormMultiAutocomplete.tsx" path="/Users/kvzhukh/greensight/ensi/grove/workspace/packages/admin-ui-base/src/multi-autocomplete/FormMultiAutocomplete.tsx">
        <metrics statements="11" coveredstatements="11" conditionals="10" coveredconditionals="10" methods="4" coveredmethods="4"/>
        <line num="15" count="4" type="stmt"/>
        <line num="16" count="6" type="stmt"/>
        <line num="18" count="6" type="stmt"/>
        <line num="21" count="4" type="stmt"/>
        <line num="32" count="6" type="stmt"/>
        <line num="33" count="6" type="stmt"/>
        <line num="34" count="6" type="cond" truecount="2" falsecount="0"/>
        <line num="36" count="6" type="stmt"/>
        <line num="51" count="1" type="stmt"/>
        <line num="52" count="1" type="stmt"/>
        <line num="60" count="4" type="stmt"/>
      </file>
      <file name="theme.ts" path="/Users/kvzhukh/greensight/ensi/grove/workspace/packages/admin-ui-base/src/multi-autocomplete/theme.ts">
        <metrics statements="1" coveredstatements="1" conditionals="0" coveredconditionals="0" methods="0" coveredmethods="0"/>
        <line num="5" count="4" type="stmt"/>
      </file>
      <file name="utils.ts" path="/Users/kvzhukh/greensight/ensi/grove/workspace/packages/admin-ui-base/src/multi-autocomplete/utils.ts">
        <metrics statements="5" coveredstatements="5" conditionals="2" coveredconditionals="2" methods="2" coveredmethods="2"/>
        <line num="7" count="5" type="stmt"/>
        <line num="8" count="54" type="cond" truecount="2" falsecount="0"/>
        <line num="9" count="37" type="stmt"/>
        <line num="12" count="17" type="stmt"/>
        <line num="15" count="10" type="stmt"/>
      </file>
    </package>
    <package name="src.multi-autocomplete-async">
      <metrics statements="17" coveredstatements="17" conditionals="15" coveredconditionals="15" methods="5" coveredmethods="5"/>
      <file name="Component.tsx" path="/Users/kvzhukh/greensight/ensi/grove/workspace/packages/admin-ui-base/src/multi-autocomplete-async/Component.tsx">
        <metrics statements="6" coveredstatements="6" conditionals="5" coveredconditionals="5" methods="1" coveredmethods="1"/>
        <line num="10" count="2" type="stmt"/>
        <line num="17" count="15" type="stmt"/>
        <line num="18" count="15" type="cond" truecount="2" falsecount="0"/>
        <line num="19" count="15" type="stmt"/>
        <line num="25" count="15" type="stmt"/>
        <line num="45" count="2" type="stmt"/>
      </file>
      <file name="FormMultiAutocompleteAsync.tsx" path="/Users/kvzhukh/greensight/ensi/grove/workspace/packages/admin-ui-base/src/multi-autocomplete-async/FormMultiAutocompleteAsync.tsx">
        <metrics statements="11" coveredstatements="11" conditionals="10" coveredconditionals="10" methods="4" coveredmethods="4"/>
        <line num="16" count="2" type="stmt"/>
        <line num="17" count="8" type="stmt"/>
        <line num="19" count="8" type="stmt"/>
        <line num="22" count="2" type="stmt"/>
        <line num="33" count="8" type="stmt"/>
        <line num="34" count="8" type="stmt"/>
        <line num="35" count="8" type="cond" truecount="2" falsecount="0"/>
        <line num="37" count="8" type="stmt"/>
        <line num="52" count="3" type="stmt"/>
        <line num="53" count="1" type="stmt"/>
        <line num="61" count="2" type="stmt"/>
      </file>
    </package>
    <package name="src.multi-select">
      <metrics statements="28" coveredstatements="28" conditionals="28" coveredconditionals="28" methods="11" coveredmethods="11"/>
      <file name="Component.tsx" path="/Users/kvzhukh/greensight/ensi/grove/workspace/packages/admin-ui-base/src/multi-select/Component.tsx">
        <metrics statements="6" coveredstatements="6" conditionals="12" coveredconditionals="12" methods="3" coveredmethods="3"/>
        <line num="12" count="2" type="stmt"/>
        <line num="32" count="37" type="stmt"/>
        <line num="34" count="37" type="stmt"/>
        <line num="42" count="7" type="stmt"/>
        <line num="55" count="84" type="stmt"/>
        <line num="78" count="2" type="stmt"/>
      </file>
      <file name="FormMultiSelect.tsx" path="/Users/kvzhukh/greensight/ensi/grove/workspace/packages/admin-ui-base/src/multi-select/FormMultiSelect.tsx">
        <metrics statements="11" coveredstatements="11" conditionals="10" coveredconditionals="10" methods="4" coveredmethods="4"/>
        <line num="12" count="2" type="stmt"/>
        <line num="13" count="19" type="stmt"/>
        <line num="15" count="19" type="stmt"/>
        <line num="18" count="2" type="stmt"/>
        <line num="29" count="19" type="stmt"/>
        <line num="30" count="19" type="stmt"/>
        <line num="31" count="19" type="cond" truecount="2" falsecount="0"/>
        <line num="33" count="19" type="stmt"/>
        <line num="48" count="3" type="stmt"/>
        <line num="49" count="1" type="stmt"/>
        <line num="57" count="2" type="stmt"/>
      </file>
      <file name="theme.ts" path="/Users/kvzhukh/greensight/ensi/grove/workspace/packages/admin-ui-base/src/multi-select/theme.ts">
        <metrics statements="1" coveredstatements="1" conditionals="0" coveredconditionals="0" methods="0" coveredmethods="0"/>
        <line num="5" count="2" type="stmt"/>
      </file>
      <file name="utils.ts" path="/Users/kvzhukh/greensight/ensi/grove/workspace/packages/admin-ui-base/src/multi-select/utils.ts">
        <metrics statements="10" coveredstatements="10" conditionals="6" coveredconditionals="6" methods="4" coveredmethods="4"/>
        <line num="5" count="3" type="stmt"/>
        <line num="6" count="76" type="cond" truecount="2" falsecount="0"/>
        <line num="7" count="49" type="stmt"/>
        <line num="10" count="27" type="stmt"/>
        <line num="13" count="8" type="stmt"/>
        <line num="16" count="3" type="stmt"/>
        <line num="17" count="4" type="cond" truecount="2" falsecount="0"/>
        <line num="18" count="2" type="stmt"/>
        <line num="21" count="2" type="stmt"/>
        <line num="25" count="3" type="cond" truecount="2" falsecount="0"/>
      </file>
    </package>
    <package name="src.number-input">
      <metrics statements="39" coveredstatements="39" conditionals="53" coveredconditionals="53" methods="13" coveredmethods="13"/>
      <file name="Component.tsx" path="/Users/kvzhukh/greensight/ensi/grove/workspace/packages/admin-ui-base/src/number-input/Component.tsx">
        <metrics statements="26" coveredstatements="26" conditionals="43" coveredconditionals="43" methods="9" coveredmethods="9"/>
        <line num="14" count="25" type="cond" truecount="4" falsecount="0"/>
        <line num="16" count="7" type="cond" truecount="2" falsecount="0"/>
        <line num="18" count="2" type="stmt"/>
        <line num="19" count="4" type="stmt"/>
        <line num="21" count="4" type="stmt"/>
        <line num="27" count="3" type="stmt"/>
        <line num="28" count="3" type="stmt"/>
        <line num="31" count="3" type="stmt"/>
        <line num="32" count="3" type="stmt"/>
        <line num="33" count="3" type="stmt"/>
        <line num="41" count="2" type="stmt"/>
        <line num="68" count="34" type="stmt"/>
        <line num="69" count="34" type="stmt"/>
        <line num="70" count="18" type="cond" truecount="4" falsecount="0"/>
        <line num="72" count="34" type="cond" truecount="2" falsecount="0"/>
        <line num="73" count="34" type="cond" truecount="3" falsecount="0"/>
        <line num="75" count="34" type="cond" truecount="2" falsecount="0"/>
        <line num="77" count="34" type="stmt"/>
        <line num="84" count="5" type="cond" truecount="2" falsecount="0"/>
        <line num="86" count="5" type="cond" truecount="2" falsecount="0"/>
        <line num="87" count="2" type="stmt"/>
        <line num="90" count="5" type="stmt"/>
        <line num="121" count="3" type="cond" truecount="2" falsecount="0"/>
        <line num="122" count="1" type="stmt"/>
        <line num="125" count="3" type="stmt"/>
        <line num="135" count="2" type="stmt"/>
      </file>
      <file name="FormNumberInput.tsx" path="/Users/kvzhukh/greensight/ensi/grove/workspace/packages/admin-ui-base/src/number-input/FormNumberInput.tsx">
        <metrics statements="12" coveredstatements="12" conditionals="10" coveredconditionals="10" methods="4" coveredmethods="4"/>
        <line num="16" count="2" type="stmt"/>
        <line num="17" count="19" type="stmt"/>
        <line num="19" count="19" type="stmt"/>
        <line num="34" count="2" type="stmt"/>
        <line num="36" count="2" type="stmt"/>
        <line num="47" count="19" type="stmt"/>
        <line num="48" count="19" type="stmt"/>
        <line num="49" count="19" type="cond" truecount="2" falsecount="0"/>
        <line num="51" count="19" type="stmt"/>
        <line num="68" count="4" type="stmt"/>
        <line num="70" count="3" type="stmt"/>
        <line num="78" count="2" type="stmt"/>
      </file>
      <file name="theme.ts" path="/Users/kvzhukh/greensight/ensi/grove/workspace/packages/admin-ui-base/src/number-input/theme.ts">
        <metrics statements="1" coveredstatements="1" conditionals="0" coveredconditionals="0" methods="0" coveredmethods="0"/>
        <line num="8" count="2" type="stmt"/>
      </file>
    </package>
    <package name="src.popover">
      <metrics statements="9" coveredstatements="9" conditionals="7" coveredconditionals="7" methods="3" coveredmethods="3"/>
      <file name="Component.tsx" path="/Users/kvzhukh/greensight/ensi/grove/workspace/packages/admin-ui-base/src/popover/Component.tsx">
        <metrics statements="8" coveredstatements="8" conditionals="7" coveredconditionals="7" methods="3" coveredmethods="3"/>
        <line num="21" count="5" type="stmt"/>
        <line num="23" count="1" type="stmt"/>
        <line num="26" count="5" type="stmt"/>
        <line num="28" count="1" type="stmt"/>
        <line num="30" count="1" type="stmt"/>
        <line num="42" count="5" type="stmt"/>
        <line num="61" count="1" type="stmt"/>
        <line num="63" count="1" type="stmt"/>
      </file>
      <file name="theme.ts" path="/Users/kvzhukh/greensight/ensi/grove/workspace/packages/admin-ui-base/src/popover/theme.ts">
        <metrics statements="1" coveredstatements="1" conditionals="0" coveredconditionals="0" methods="0" coveredmethods="0"/>
        <line num="5" count="1" type="stmt"/>
      </file>
    </package>
    <package name="src.provider">
      <metrics statements="20" coveredstatements="20" conditionals="5" coveredconditionals="5" methods="8" coveredmethods="8"/>
      <file name="Component.tsx" path="/Users/kvzhukh/greensight/ensi/grove/workspace/packages/admin-ui-base/src/provider/Component.tsx">
        <metrics statements="10" coveredstatements="10" conditionals="3" coveredconditionals="3" methods="4" coveredmethods="4"/>
        <line num="11" count="29" type="stmt"/>
        <line num="23" count="126" type="stmt"/>
        <line num="24" count="126" type="cond" truecount="2" falsecount="0"/>
        <line num="26" count="126" type="stmt"/>
        <line num="27" count="126" type="stmt"/>
        <line num="34" count="126" type="stmt"/>
        <line num="43" count="29" type="stmt"/>
        <line num="51" count="126" type="stmt"/>
        <line num="52" count="126" type="stmt"/>
        <line num="59" count="126" type="stmt"/>
      </file>
      <file name="context.ts" path="/Users/kvzhukh/greensight/ensi/grove/workspace/packages/admin-ui-base/src/provider/context.ts">
        <metrics statements="2" coveredstatements="2" conditionals="0" coveredconditionals="0" methods="0" coveredmethods="0"/>
        <line num="5" count="30" type="stmt"/>
        <line num="18" count="30" type="stmt"/>
      </file>
      <file name="hooks.ts" path="/Users/kvzhukh/greensight/ensi/grove/workspace/packages/admin-ui-base/src/provider/hooks.ts">
        <metrics statements="8" coveredstatements="8" conditionals="2" coveredconditionals="2" methods="4" coveredmethods="4"/>
        <line num="6" count="29" type="stmt"/>
        <line num="7" count="213" type="stmt"/>
        <line num="9" count="213" type="cond" truecount="2" falsecount="0"/>
        <line num="10" count="2" type="stmt"/>
        <line num="13" count="210" type="stmt"/>
        <line num="16" count="211" type="stmt"/>
        <line num="18" count="29" type="stmt"/>
        <line num="20" count="29" type="stmt"/>
      </file>
    </package>
    <package name="src.select">
      <metrics statements="30" coveredstatements="30" conditionals="30" coveredconditionals="30" methods="9" coveredmethods="9"/>
      <file name="Component.tsx" path="/Users/kvzhukh/greensight/ensi/grove/workspace/packages/admin-ui-base/src/select/Component.tsx">
        <metrics statements="8" coveredstatements="8" conditionals="10" coveredconditionals="10" methods="3" coveredmethods="3"/>
        <line num="12" count="2" type="stmt"/>
        <line num="30" count="32" type="stmt"/>
        <line num="31" count="32" type="stmt"/>
        <line num="32" count="32" type="stmt"/>
        <line num="34" count="32" type="stmt"/>
        <line num="41" count="4" type="stmt"/>
        <line num="52" count="72" type="stmt"/>
        <line num="71" count="2" type="stmt"/>
      </file>
      <file name="FormSelect.tsx" path="/Users/kvzhukh/greensight/ensi/grove/workspace/packages/admin-ui-base/src/select/FormSelect.tsx">
        <metrics statements="11" coveredstatements="11" conditionals="12" coveredconditionals="12" methods="4" coveredmethods="4"/>
        <line num="12" count="2" type="stmt"/>
        <line num="13" count="17" type="stmt"/>
        <line num="15" count="17" type="stmt"/>
        <line num="18" count="2" type="stmt"/>
        <line num="29" count="17" type="stmt"/>
        <line num="30" count="17" type="stmt"/>
        <line num="31" count="17" type="cond" truecount="2" falsecount="0"/>
        <line num="33" count="17" type="stmt"/>
        <line num="48" count="2" type="cond" truecount="2" falsecount="0"/>
        <line num="49" count="1" type="stmt"/>
        <line num="57" count="2" type="stmt"/>
      </file>
      <file name="theme.ts" path="/Users/kvzhukh/greensight/ensi/grove/workspace/packages/admin-ui-base/src/select/theme.ts">
        <metrics statements="1" coveredstatements="1" conditionals="0" coveredconditionals="0" methods="0" coveredmethods="0"/>
        <line num="5" count="2" type="stmt"/>
      </file>
      <file name="utils.ts" path="/Users/kvzhukh/greensight/ensi/grove/workspace/packages/admin-ui-base/src/select/utils.ts">
        <metrics statements="10" coveredstatements="10" conditionals="8" coveredconditionals="8" methods="2" coveredmethods="2"/>
        <line num="5" count="3" type="stmt"/>
        <line num="6" count="68" type="cond" truecount="2" falsecount="0"/>
        <line num="7" count="44" type="stmt"/>
        <line num="10" count="24" type="cond" truecount="4" falsecount="0"/>
        <line num="11" count="15" type="stmt"/>
        <line num="14" count="9" type="stmt"/>
        <line num="18" count="3" type="stmt"/>
        <line num="19" count="4" type="cond" truecount="2" falsecount="0"/>
        <line num="20" count="2" type="stmt"/>
        <line num="23" count="2" type="stmt"/>
      </file>
    </package>
    <package name="src.switch">
      <metrics statements="16" coveredstatements="16" conditionals="14" coveredconditionals="14" methods="5" coveredmethods="5"/>
      <file name="Component.tsx" path="/Users/kvzhukh/greensight/ensi/grove/workspace/packages/admin-ui-base/src/switch/Component.tsx">
        <metrics statements="3" coveredstatements="3" conditionals="8" coveredconditionals="8" methods="1" coveredmethods="1"/>
        <line num="9" count="2" type="stmt"/>
        <line num="23" count="18" type="stmt"/>
        <line num="44" count="2" type="stmt"/>
      </file>
      <file name="FormSwitch.tsx" path="/Users/kvzhukh/greensight/ensi/grove/workspace/packages/admin-ui-base/src/switch/FormSwitch.tsx">
        <metrics statements="12" coveredstatements="12" conditionals="6" coveredconditionals="6" methods="4" coveredmethods="4"/>
        <line num="12" count="2" type="stmt"/>
        <line num="13" count="11" type="stmt"/>
        <line num="14" count="11" type="stmt"/>
        <line num="16" count="11" type="stmt"/>
        <line num="29" count="2" type="stmt"/>
        <line num="40" count="11" type="stmt"/>
        <line num="41" count="11" type="stmt"/>
        <line num="42" count="11" type="cond" truecount="2" falsecount="0"/>
        <line num="44" count="11" type="stmt"/>
        <line num="58" count="1" type="stmt"/>
        <line num="59" count="1" type="stmt"/>
        <line num="69" count="2" type="stmt"/>
      </file>
      <file name="theme.ts" path="/Users/kvzhukh/greensight/ensi/grove/workspace/packages/admin-ui-base/src/switch/theme.ts">
        <metrics statements="1" coveredstatements="1" conditionals="0" coveredconditionals="0" methods="0" coveredmethods="0"/>
        <line num="8" count="2" type="stmt"/>
      </file>
    </package>
    <package name="src.tag">
      <metrics statements="12" coveredstatements="12" conditionals="7" coveredconditionals="7" methods="4" coveredmethods="4"/>
      <file name="Component.tsx" path="/Users/kvzhukh/greensight/ensi/grove/workspace/packages/admin-ui-base/src/tag/Component.tsx">
        <metrics statements="11" coveredstatements="11" conditionals="7" coveredconditionals="7" methods="4" coveredmethods="4"/>
        <line num="11" count="1" type="stmt"/>
        <line num="12" count="2" type="stmt"/>
        <line num="14" count="2" type="stmt"/>
        <line num="21" count="1" type="stmt"/>
        <line num="22" count="1" type="stmt"/>
        <line num="23" count="1" type="stmt"/>
        <line num="26" count="1" type="stmt"/>
        <line num="27" count="1" type="stmt"/>
        <line num="35" count="1" type="stmt"/>
        <line num="46" count="6" type="stmt"/>
        <line num="58" count="1" type="stmt"/>
      </file>
      <file name="theme.ts" path="/Users/kvzhukh/greensight/ensi/grove/workspace/packages/admin-ui-base/src/tag/theme.ts">
        <metrics statements="1" coveredstatements="1" conditionals="0" coveredconditionals="0" methods="0" coveredmethods="0"/>
        <line num="5" count="1" type="stmt"/>
      </file>
    </package>
    <package name="src.textarea">
      <metrics statements="55" coveredstatements="55" conditionals="41" coveredconditionals="41" methods="16" coveredmethods="16"/>
      <file name="Component.tsx" path="/Users/kvzhukh/greensight/ensi/grove/workspace/packages/admin-ui-base/src/textarea/Component.tsx">
        <metrics statements="36" coveredstatements="36" conditionals="25" coveredconditionals="25" methods="10" coveredmethods="10"/>
        <line num="15" count="52" type="cond" truecount="2" falsecount="0"/>
        <line num="17" count="2" type="stmt"/>
        <line num="18" count="92" type="cond" truecount="2" falsecount="0"/>
        <line num="19" count="68" type="stmt"/>
        <line num="20" count="68" type="stmt"/>
        <line num="23" count="24" type="cond" truecount="2" falsecount="0"/>
        <line num="24" count="2" type="stmt"/>
        <line num="28" count="2" type="stmt"/>
        <line num="29" count="5" type="stmt"/>
        <line num="31" count="5" type="stmt"/>
        <line num="37" count="3" type="stmt"/>
        <line num="38" count="3" type="stmt"/>
        <line num="41" count="3" type="stmt"/>
        <line num="42" count="3" type="stmt"/>
        <line num="43" count="3" type="stmt"/>
        <line num="51" count="2" type="stmt"/>
        <line num="66" count="46" type="stmt"/>
        <line num="67" count="46" type="stmt"/>
        <line num="68" count="46" type="stmt"/>
        <line num="69" count="46" type="cond" truecount="2" falsecount="0"/>
        <line num="70" count="46" type="cond" truecount="3" falsecount="0"/>
        <line num="72" count="46" type="stmt"/>
        <line num="73" count="14" type="cond" truecount="2" falsecount="0"/>
        <line num="74" count="1" type="stmt"/>
        <line num="77" count="14" type="stmt"/>
        <line num="80" count="46" type="stmt"/>
        <line num="81" count="3" type="stmt"/>
        <line num="82" count="3" type="stmt"/>
        <line num="84" count="3" type="stmt"/>
        <line num="86" count="3" type="cond" truecount="2" falsecount="0"/>
        <line num="87" count="1" type="stmt"/>
        <line num="90" count="3" type="stmt"/>
        <line num="93" count="46" type="stmt"/>
        <line num="103" count="92" type="stmt"/>
        <line num="104" count="92" type="stmt"/>
        <line num="118" count="2" type="stmt"/>
      </file>
      <file name="FormTextArea.tsx" path="/Users/kvzhukh/greensight/ensi/grove/workspace/packages/admin-ui-base/src/textarea/FormTextArea.tsx">
        <metrics statements="11" coveredstatements="11" conditionals="10" coveredconditionals="10" methods="4" coveredmethods="4"/>
        <line num="12" count="2" type="stmt"/>
        <line num="13" count="34" type="stmt"/>
        <line num="15" count="34" type="stmt"/>
        <line num="18" count="2" type="stmt"/>
        <line num="29" count="34" type="stmt"/>
        <line num="30" count="34" type="stmt"/>
        <line num="31" count="34" type="cond" truecount="2" falsecount="0"/>
        <line num="33" count="34" type="stmt"/>
        <line num="49" count="14" type="stmt"/>
        <line num="50" count="2" type="stmt"/>
        <line num="58" count="2" type="stmt"/>
      </file>
      <file name="theme.ts" path="/Users/kvzhukh/greensight/ensi/grove/workspace/packages/admin-ui-base/src/textarea/theme.ts">
        <metrics statements="1" coveredstatements="1" conditionals="0" coveredconditionals="0" methods="0" coveredmethods="0"/>
        <line num="8" count="2" type="stmt"/>
      </file>
      <file name="utils.ts" path="/Users/kvzhukh/greensight/ensi/grove/workspace/packages/admin-ui-base/src/textarea/utils.ts">
        <metrics statements="7" coveredstatements="7" conditionals="6" coveredconditionals="6" methods="2" coveredmethods="2"/>
        <line num="4" count="3" type="stmt"/>
        <line num="5" count="5" type="stmt"/>
        <line num="11" count="3" type="stmt"/>
        <line num="12" count="5" type="cond" truecount="2" falsecount="0"/>
        <line num="13" count="1" type="stmt"/>
        <line num="16" count="4" type="stmt"/>
        <line num="17" count="5" type="stmt"/>
      </file>
    </package>
    <package name="src.tooltip">
      <metrics statements="10" coveredstatements="10" conditionals="8" coveredconditionals="8" methods="3" coveredmethods="3"/>
      <file name="Component.tsx" path="/Users/kvzhukh/greensight/ensi/grove/workspace/packages/admin-ui-base/src/tooltip/Component.tsx">
        <metrics statements="9" coveredstatements="9" conditionals="8" coveredconditionals="8" methods="3" coveredmethods="3"/>
        <line num="20" count="1" type="cond" truecount="2" falsecount="0"/>
        <line num="21" count="5" type="stmt"/>
        <line num="24" count="1" type="stmt"/>
        <line num="27" count="5" type="stmt"/>
        <line num="29" count="1" type="stmt"/>
        <line num="31" count="1" type="stmt"/>
        <line num="42" count="5" type="stmt"/>
        <line num="60" count="1" type="stmt"/>
        <line num="62" count="1" type="stmt"/>
      </file>
      <file name="theme.ts" path="/Users/kvzhukh/greensight/ensi/grove/workspace/packages/admin-ui-base/src/tooltip/theme.ts">
        <metrics statements="1" coveredstatements="1" conditionals="0" coveredconditionals="0" methods="0" coveredmethods="0"/>
        <line num="5" count="1" type="stmt"/>
      </file>
    </package>
  </project>
</coverage>
