<?xml version="1.0" encoding="UTF-8"?>
<coverage generated="1784929306529" clover="3.2.0">
  <project timestamp="1784929306529" name="All files">
    <metrics statements="496" coveredstatements="473" conditionals="415" coveredconditionals="346" methods="150" coveredmethods="147" elements="1061" coveredelements="966" complexity="0" loc="496" ncloc="496" packages="33" files="139" classes="139"/>
    <package name="badge">
      <metrics statements="4" coveredstatements="4" conditionals="2" coveredconditionals="2" methods="1" coveredmethods="1"/>
      <file name="Component.tsx" path="/Users/kvzhukh/greensight/ensi/grove/workspace/packages/admin-ui-base/src/badge/Component.tsx">
        <metrics statements="3" coveredstatements="3" conditionals="2" coveredconditionals="2" methods="1" coveredmethods="1"/>
        <line num="6" count="1" type="stmt"/>
        <line num="15" count="3" type="stmt"/>
        <line num="20" count="1" type="stmt"/>
      </file>
      <file name="index.ts" path="/Users/kvzhukh/greensight/ensi/grove/workspace/packages/admin-ui-base/src/badge/index.ts">
        <metrics statements="0" coveredstatements="0" conditionals="0" coveredconditionals="0" methods="0" coveredmethods="0"/>
      </file>
      <file name="styles.module.css" path="/Users/kvzhukh/greensight/ensi/grove/workspace/packages/admin-ui-base/src/badge/styles.module.css">
        <metrics statements="0" coveredstatements="0" conditionals="0" coveredconditionals="0" methods="0" coveredmethods="0"/>
      </file>
      <file name="theme.ts" path="/Users/kvzhukh/greensight/ensi/grove/workspace/packages/admin-ui-base/src/badge/theme.ts">
        <metrics statements="1" coveredstatements="1" conditionals="0" coveredconditionals="0" methods="0" coveredmethods="0"/>
        <line num="5" count="1" type="stmt"/>
      </file>
      <file name="types.ts" path="/Users/kvzhukh/greensight/ensi/grove/workspace/packages/admin-ui-base/src/badge/types.ts">
        <metrics statements="0" coveredstatements="0" conditionals="0" coveredconditionals="0" methods="0" coveredmethods="0"/>
      </file>
    </package>
    <package name="button">
      <metrics statements="5" coveredstatements="5" conditionals="18" coveredconditionals="17" methods="1" coveredmethods="1"/>
      <file name="Component.tsx" path="/Users/kvzhukh/greensight/ensi/grove/workspace/packages/admin-ui-base/src/button/Component.tsx">
        <metrics statements="4" coveredstatements="4" conditionals="18" coveredconditionals="17" methods="1" coveredmethods="1"/>
        <line num="12" count="1" type="stmt"/>
        <line num="25" count="10" type="cond" truecount="2" falsecount="0"/>
        <line num="27" count="10" type="stmt"/>
        <line num="32" count="10" type="stmt"/>
      </file>
      <file name="index.ts" path="/Users/kvzhukh/greensight/ensi/grove/workspace/packages/admin-ui-base/src/button/index.ts">
        <metrics statements="0" coveredstatements="0" conditionals="0" coveredconditionals="0" methods="0" coveredmethods="0"/>
      </file>
      <file name="styles.module.css" path="/Users/kvzhukh/greensight/ensi/grove/workspace/packages/admin-ui-base/src/button/styles.module.css">
        <metrics statements="0" coveredstatements="0" conditionals="0" coveredconditionals="0" methods="0" coveredmethods="0"/>
      </file>
      <file name="theme.ts" path="/Users/kvzhukh/greensight/ensi/grove/workspace/packages/admin-ui-base/src/button/theme.ts">
        <metrics statements="1" coveredstatements="1" conditionals="0" coveredconditionals="0" methods="0" coveredmethods="0"/>
        <line num="5" count="1" type="stmt"/>
      </file>
      <file name="types.ts" path="/Users/kvzhukh/greensight/ensi/grove/workspace/packages/admin-ui-base/src/button/types.ts">
        <metrics statements="0" coveredstatements="0" conditionals="0" coveredconditionals="0" methods="0" coveredmethods="0"/>
      </file>
    </package>
    <package name="checkbox">
      <metrics statements="16" coveredstatements="16" conditionals="15" coveredconditionals="14" methods="5" coveredmethods="5"/>
      <file name="Component.tsx" path="/Users/kvzhukh/greensight/ensi/grove/workspace/packages/admin-ui-base/src/checkbox/Component.tsx">
        <metrics statements="3" coveredstatements="3" conditionals="9" coveredconditionals="8" methods="1" coveredmethods="1"/>
        <line num="11" count="4" type="stmt"/>
        <line num="27" count="25" type="stmt"/>
        <line num="52" count="4" type="stmt"/>
      </file>
      <file name="FormCheckbox.tsx" path="/Users/kvzhukh/greensight/ensi/grove/workspace/packages/admin-ui-base/src/checkbox/FormCheckbox.tsx">
        <metrics statements="12" coveredstatements="12" conditionals="6" coveredconditionals="6" methods="4" coveredmethods="4"/>
        <line num="12" count="4" type="stmt"/>
        <line num="13" count="11" type="stmt"/>
        <line num="14" count="11" type="stmt"/>
        <line num="16" count="11" type="stmt"/>
        <line num="29" count="4" type="stmt"/>
        <line num="40" count="11" type="stmt"/>
        <line num="41" count="11" type="stmt"/>
        <line num="42" count="11" type="cond" truecount="2" falsecount="0"/>
        <line num="44" count="11" type="stmt"/>
        <line num="58" count="1" type="stmt"/>
        <line num="59" count="1" type="stmt"/>
        <line num="69" count="4" type="stmt"/>
      </file>
      <file name="index.ts" path="/Users/kvzhukh/greensight/ensi/grove/workspace/packages/admin-ui-base/src/checkbox/index.ts">
        <metrics statements="0" coveredstatements="0" conditionals="0" coveredconditionals="0" methods="0" coveredmethods="0"/>
      </file>
      <file name="styles.module.css" path="/Users/kvzhukh/greensight/ensi/grove/workspace/packages/admin-ui-base/src/checkbox/styles.module.css">
        <metrics statements="0" coveredstatements="0" conditionals="0" coveredconditionals="0" methods="0" coveredmethods="0"/>
      </file>
      <file name="theme.ts" path="/Users/kvzhukh/greensight/ensi/grove/workspace/packages/admin-ui-base/src/checkbox/theme.ts">
        <metrics statements="1" coveredstatements="1" conditionals="0" coveredconditionals="0" methods="0" coveredmethods="0"/>
        <line num="8" count="4" type="stmt"/>
      </file>
      <file name="types.ts" path="/Users/kvzhukh/greensight/ensi/grove/workspace/packages/admin-ui-base/src/checkbox/types.ts">
        <metrics statements="0" coveredstatements="0" conditionals="0" coveredconditionals="0" methods="0" coveredmethods="0"/>
      </file>
    </package>
    <package name="checkbox-group">
      <metrics statements="14" coveredstatements="14" conditionals="15" coveredconditionals="12" methods="5" coveredmethods="5"/>
      <file name="Component.tsx" path="/Users/kvzhukh/greensight/ensi/grove/workspace/packages/admin-ui-base/src/checkbox-group/Component.tsx">
        <metrics statements="3" coveredstatements="3" conditionals="5" coveredconditionals="5" methods="1" coveredmethods="1"/>
        <line num="8" count="2" type="stmt"/>
        <line num="21" count="10" type="stmt"/>
        <line num="38" count="2" type="stmt"/>
      </file>
      <file name="FormCheckboxGroup.tsx" path="/Users/kvzhukh/greensight/ensi/grove/workspace/packages/admin-ui-base/src/checkbox-group/FormCheckboxGroup.tsx">
        <metrics statements="11" coveredstatements="11" conditionals="10" coveredconditionals="7" methods="4" coveredmethods="4"/>
        <line num="12" count="2" type="stmt"/>
        <line num="13" count="7" type="stmt"/>
        <line num="15" count="7" type="stmt"/>
        <line num="18" count="2" type="stmt"/>
        <line num="30" count="7" type="stmt"/>
        <line num="31" count="7" type="stmt"/>
        <line num="32" count="7" type="cond" truecount="2" falsecount="0"/>
        <line num="34" count="7" type="stmt"/>
        <line num="49" count="2" type="stmt"/>
        <line num="50" count="1" type="stmt"/>
        <line num="60" count="2" type="stmt"/>
      </file>
      <file name="index.ts" path="/Users/kvzhukh/greensight/ensi/grove/workspace/packages/admin-ui-base/src/checkbox-group/index.ts">
        <metrics statements="0" coveredstatements="0" conditionals="0" coveredconditionals="0" methods="0" coveredmethods="0"/>
      </file>
      <file name="styles.module.css" path="/Users/kvzhukh/greensight/ensi/grove/workspace/packages/admin-ui-base/src/checkbox-group/styles.module.css">
        <metrics statements="0" coveredstatements="0" conditionals="0" coveredconditionals="0" methods="0" coveredmethods="0"/>
      </file>
      <file name="types.ts" path="/Users/kvzhukh/greensight/ensi/grove/workspace/packages/admin-ui-base/src/checkbox-group/types.ts">
        <metrics statements="0" coveredstatements="0" conditionals="0" coveredconditionals="0" methods="0" coveredmethods="0"/>
      </file>
    </package>
    <package name="ds.common">
      <metrics statements="4" coveredstatements="3" conditionals="4" coveredconditionals="2" methods="1" coveredmethods="1"/>
      <file name="index.ts" path="/Users/kvzhukh/greensight/ensi/grove/workspace/packages/admin-ui-base/src/ds/common/index.ts">
        <metrics statements="0" coveredstatements="0" conditionals="0" coveredconditionals="0" methods="0" coveredmethods="0"/>
      </file>
      <file name="utils.ts" path="/Users/kvzhukh/greensight/ensi/grove/workspace/packages/admin-ui-base/src/ds/common/utils.ts">
        <metrics statements="4" coveredstatements="3" conditionals="4" coveredconditionals="2" methods="1" coveredmethods="1"/>
        <line num="1" count="2" type="stmt"/>
        <line num="2" count="1" type="cond" truecount="1" falsecount="1"/>
        <line num="3" count="0" type="stmt"/>
        <line num="6" count="1" type="cond" truecount="1" falsecount="1"/>
      </file>
    </package>
    <package name="ds.typography">
      <metrics statements="0" coveredstatements="0" conditionals="0" coveredconditionals="0" methods="0" coveredmethods="0"/>
      <file name="index.ts" path="/Users/kvzhukh/greensight/ensi/grove/workspace/packages/admin-ui-base/src/ds/typography/index.ts">
        <metrics statements="0" coveredstatements="0" conditionals="0" coveredconditionals="0" methods="0" coveredmethods="0"/>
      </file>
      <file name="styles.module.css" path="/Users/kvzhukh/greensight/ensi/grove/workspace/packages/admin-ui-base/src/ds/typography/styles.module.css">
        <metrics statements="0" coveredstatements="0" conditionals="0" coveredconditionals="0" methods="0" coveredmethods="0"/>
      </file>
    </package>
    <package name="field">
      <metrics statements="20" coveredstatements="19" conditionals="16" coveredconditionals="15" methods="4" coveredmethods="4"/>
      <file name="Component.tsx" path="/Users/kvzhukh/greensight/ensi/grove/workspace/packages/admin-ui-base/src/field/Component.tsx">
        <metrics statements="13" coveredstatements="13" conditionals="14" coveredconditionals="14" methods="3" coveredmethods="3"/>
        <line num="12" count="17" type="stmt"/>
        <line num="23" count="167" type="stmt"/>
        <line num="24" count="167" type="stmt"/>
        <line num="25" count="167" type="stmt"/>
        <line num="26" count="167" type="stmt"/>
        <line num="27" count="167" type="stmt"/>
        <line num="29" count="167" type="stmt"/>
        <line num="30" count="63" type="stmt"/>
        <line num="40" count="167" type="stmt"/>
        <line num="41" count="64" type="stmt"/>
        <line num="54" count="167" type="stmt"/>
        <line num="71" count="17" type="stmt"/>
        <line num="73" count="17" type="stmt"/>
      </file>
      <file name="context.ts" path="/Users/kvzhukh/greensight/ensi/grove/workspace/packages/admin-ui-base/src/field/context.ts">
        <metrics statements="6" coveredstatements="5" conditionals="2" coveredconditionals="1" methods="1" coveredmethods="1"/>
        <line num="5" count="17" type="stmt"/>
        <line num="7" count="17" type="stmt"/>
        <line num="8" count="484" type="stmt"/>
        <line num="10" count="484" type="cond" truecount="1" falsecount="1"/>
        <line num="11" count="0" type="stmt"/>
        <line num="14" count="484" type="stmt"/>
      </file>
      <file name="index.ts" path="/Users/kvzhukh/greensight/ensi/grove/workspace/packages/admin-ui-base/src/field/index.ts">
        <metrics statements="0" coveredstatements="0" conditionals="0" coveredconditionals="0" methods="0" coveredmethods="0"/>
      </file>
      <file name="styles.module.css" path="/Users/kvzhukh/greensight/ensi/grove/workspace/packages/admin-ui-base/src/field/styles.module.css">
        <metrics statements="0" coveredstatements="0" conditionals="0" coveredconditionals="0" methods="0" coveredmethods="0"/>
      </file>
      <file name="theme.ts" path="/Users/kvzhukh/greensight/ensi/grove/workspace/packages/admin-ui-base/src/field/theme.ts">
        <metrics statements="1" coveredstatements="1" conditionals="0" coveredconditionals="0" methods="0" coveredmethods="0"/>
        <line num="5" count="17" type="stmt"/>
      </file>
      <file name="types.ts" path="/Users/kvzhukh/greensight/ensi/grove/workspace/packages/admin-ui-base/src/field/types.ts">
        <metrics statements="0" coveredstatements="0" conditionals="0" coveredconditionals="0" methods="0" coveredmethods="0"/>
      </file>
    </package>
    <package name="field.components.Error">
      <metrics statements="7" coveredstatements="7" conditionals="4" coveredconditionals="4" methods="1" coveredmethods="1"/>
      <file name="index.tsx" path="/Users/kvzhukh/greensight/ensi/grove/workspace/packages/admin-ui-base/src/field/components/Error/index.tsx">
        <metrics statements="6" coveredstatements="6" conditionals="4" coveredconditionals="4" methods="1" coveredmethods="1"/>
        <line num="8" count="17" type="stmt"/>
        <line num="9" count="159" type="stmt"/>
        <line num="11" count="159" type="cond" truecount="4" falsecount="0"/>
        <line num="12" count="113" type="stmt"/>
        <line num="15" count="46" type="stmt"/>
        <line num="22" count="17" type="stmt"/>
      </file>
      <file name="styles.module.css" path="/Users/kvzhukh/greensight/ensi/grove/workspace/packages/admin-ui-base/src/field/components/Error/styles.module.css">
        <metrics statements="0" coveredstatements="0" conditionals="0" coveredconditionals="0" methods="0" coveredmethods="0"/>
      </file>
      <file name="theme.ts" path="/Users/kvzhukh/greensight/ensi/grove/workspace/packages/admin-ui-base/src/field/components/Error/theme.ts">
        <metrics statements="1" coveredstatements="1" conditionals="0" coveredconditionals="0" methods="0" coveredmethods="0"/>
        <line num="7" count="17" type="stmt"/>
      </file>
      <file name="types.ts" path="/Users/kvzhukh/greensight/ensi/grove/workspace/packages/admin-ui-base/src/field/components/Error/types.ts">
        <metrics statements="0" coveredstatements="0" conditionals="0" coveredconditionals="0" methods="0" coveredmethods="0"/>
      </file>
    </package>
    <package name="field.components.Hint">
      <metrics statements="7" coveredstatements="6" conditionals="2" coveredconditionals="1" methods="1" coveredmethods="1"/>
      <file name="index.tsx" path="/Users/kvzhukh/greensight/ensi/grove/workspace/packages/admin-ui-base/src/field/components/Hint/index.tsx">
        <metrics statements="6" coveredstatements="5" conditionals="2" coveredconditionals="1" methods="1" coveredmethods="1"/>
        <line num="9" count="17" type="stmt"/>
        <line num="10" count="13" type="stmt"/>
        <line num="12" count="13" type="cond" truecount="1" falsecount="1"/>
        <line num="13" count="0" type="stmt"/>
        <line num="16" count="13" type="stmt"/>
        <line num="28" count="17" type="stmt"/>
      </file>
      <file name="styles.module.css" path="/Users/kvzhukh/greensight/ensi/grove/workspace/packages/admin-ui-base/src/field/components/Hint/styles.module.css">
        <metrics statements="0" coveredstatements="0" conditionals="0" coveredconditionals="0" methods="0" coveredmethods="0"/>
      </file>
      <file name="theme.ts" path="/Users/kvzhukh/greensight/ensi/grove/workspace/packages/admin-ui-base/src/field/components/Hint/theme.ts">
        <metrics statements="1" coveredstatements="1" conditionals="0" coveredconditionals="0" methods="0" coveredmethods="0"/>
        <line num="7" count="17" type="stmt"/>
      </file>
      <file name="types.ts" path="/Users/kvzhukh/greensight/ensi/grove/workspace/packages/admin-ui-base/src/field/components/Hint/types.ts">
        <metrics statements="0" coveredstatements="0" conditionals="0" coveredconditionals="0" methods="0" coveredmethods="0"/>
      </file>
    </package>
    <package name="field.components.Label">
      <metrics statements="5" coveredstatements="5" conditionals="0" coveredconditionals="0" methods="1" coveredmethods="1"/>
      <file name="index.tsx" path="/Users/kvzhukh/greensight/ensi/grove/workspace/packages/admin-ui-base/src/field/components/Label/index.tsx">
        <metrics statements="4" coveredstatements="4" conditionals="0" coveredconditionals="0" methods="1" coveredmethods="1"/>
        <line num="9" count="17" type="stmt"/>
        <line num="10" count="145" type="stmt"/>
        <line num="12" count="145" type="stmt"/>
        <line num="24" count="17" type="stmt"/>
      </file>
      <file name="styles.module.css" path="/Users/kvzhukh/greensight/ensi/grove/workspace/packages/admin-ui-base/src/field/components/Label/styles.module.css">
        <metrics statements="0" coveredstatements="0" conditionals="0" coveredconditionals="0" methods="0" coveredmethods="0"/>
      </file>
      <file name="theme.ts" path="/Users/kvzhukh/greensight/ensi/grove/workspace/packages/admin-ui-base/src/field/components/Label/theme.ts">
        <metrics statements="1" coveredstatements="1" conditionals="0" coveredconditionals="0" methods="0" coveredmethods="0"/>
        <line num="7" count="17" type="stmt"/>
      </file>
      <file name="types.ts" path="/Users/kvzhukh/greensight/ensi/grove/workspace/packages/admin-ui-base/src/field/components/Label/types.ts">
        <metrics statements="0" coveredstatements="0" conditionals="0" coveredconditionals="0" methods="0" coveredmethods="0"/>
      </file>
    </package>
    <package name="form">
      <metrics statements="38" coveredstatements="33" conditionals="29" coveredconditionals="19" methods="13" coveredmethods="12"/>
      <file name="Component.tsx" path="/Users/kvzhukh/greensight/ensi/grove/workspace/packages/admin-ui-base/src/form/Component.tsx">
        <metrics statements="31" coveredstatements="26" conditionals="25" coveredconditionals="16" methods="11" coveredmethods="10"/>
        <line num="12" count="9" type="stmt"/>
        <line num="30" count="82" type="stmt"/>
        <line num="37" count="82" type="stmt"/>
        <line num="39" count="82" type="stmt"/>
        <line num="40" count="41" type="stmt"/>
        <line num="43" count="82" type="stmt"/>
        <line num="45" count="0" type="stmt"/>
        <line num="46" count="0" type="stmt"/>
        <line num="47" count="0" type="cond" truecount="0" falsecount="2"/>
        <line num="52" count="82" type="stmt"/>
        <line num="53" count="41" type="cond" truecount="1" falsecount="1"/>
        <line num="57" count="82" type="stmt"/>
        <line num="59" count="82" type="stmt"/>
        <line num="60" count="82" type="cond" truecount="2" falsecount="2"/>
        <line num="61" count="0" type="stmt"/>
        <line num="62" count="0" type="cond" truecount="0" falsecount="2"/>
        <line num="66" count="82" type="stmt"/>
        <line num="68" count="78" type="cond" truecount="2" falsecount="0"/>
        <line num="73" count="82" type="stmt"/>
        <line num="74" count="82" type="stmt"/>
        <line num="76" count="13" type="stmt"/>
        <line num="79" count="9" type="stmt"/>
        <line num="83" count="82" type="stmt"/>
        <line num="84" count="22" type="cond" truecount="1" falsecount="1"/>
        <line num="85" count="22" type="stmt"/>
        <line num="86" count="22" type="stmt"/>
        <line num="90" count="82" type="stmt"/>
        <line num="92" count="13" type="cond" truecount="1" falsecount="1"/>
        <line num="97" count="82" type="stmt"/>
        <line num="98" count="41" type="stmt"/>
        <line num="102" count="82" type="stmt"/>
      </file>
      <file name="context.ts" path="/Users/kvzhukh/greensight/ensi/grove/workspace/packages/admin-ui-base/src/form/context.ts">
        <metrics statements="6" coveredstatements="6" conditionals="2" coveredconditionals="2" methods="1" coveredmethods="1"/>
        <line num="12" count="17" type="stmt"/>
        <line num="14" count="17" type="stmt"/>
        <line num="15" count="192" type="stmt"/>
        <line num="17" count="192" type="cond" truecount="2" falsecount="0"/>
        <line num="18" count="2" type="stmt"/>
        <line num="21" count="189" type="stmt"/>
      </file>
      <file name="index.ts" path="/Users/kvzhukh/greensight/ensi/grove/workspace/packages/admin-ui-base/src/form/index.ts">
        <metrics statements="0" coveredstatements="0" conditionals="0" coveredconditionals="0" methods="0" coveredmethods="0"/>
      </file>
      <file name="types.ts" path="/Users/kvzhukh/greensight/ensi/grove/workspace/packages/admin-ui-base/src/form/types.ts">
        <metrics statements="0" coveredstatements="0" conditionals="0" coveredconditionals="0" methods="0" coveredmethods="0"/>
      </file>
      <file name="utils.ts" path="/Users/kvzhukh/greensight/ensi/grove/workspace/packages/admin-ui-base/src/form/utils.ts">
        <metrics statements="1" coveredstatements="1" conditionals="2" coveredconditionals="1" methods="1" coveredmethods="1"/>
        <line num="3" count="188" type="cond" truecount="1" falsecount="1"/>
      </file>
    </package>
    <package name="form.hooks">
      <metrics statements="24" coveredstatements="21" conditionals="9" coveredconditionals="7" methods="4" coveredmethods="4"/>
      <file name="useFieldHook.ts" path="/Users/kvzhukh/greensight/ensi/grove/workspace/packages/admin-ui-base/src/form/hooks/useFieldHook.ts">
        <metrics statements="24" coveredstatements="21" conditionals="9" coveredconditionals="7" methods="4" coveredmethods="4"/>
        <line num="9" count="17" type="stmt"/>
        <line num="10" count="188" type="stmt"/>
        <line num="11" count="188" type="stmt"/>
        <line num="13" count="188" type="stmt"/>
        <line num="18" count="188" type="stmt"/>
        <line num="20" count="13" type="stmt"/>
        <line num="21" count="13" type="stmt"/>
        <line num="22" count="13" type="cond" truecount="5" falsecount="0"/>
        <line num="23" count="13" type="stmt"/>
        <line num="28" count="188" type="stmt"/>
        <line num="34" count="188" type="stmt"/>
        <line num="36" count="12" type="stmt"/>
        <line num="37" count="12" type="stmt"/>
        <line num="42" count="188" type="stmt"/>
        <line num="47" count="66" type="cond" truecount="1" falsecount="1"/>
        <line num="48" count="0" type="stmt"/>
        <line num="49" count="0" type="stmt"/>
        <line num="52" count="66" type="cond" truecount="1" falsecount="1"/>
        <line num="53" count="0" type="stmt"/>
        <line num="56" count="66" type="stmt"/>
        <line num="57" count="66" type="stmt"/>
        <line num="58" count="66" type="stmt"/>
        <line num="59" count="66" type="stmt"/>
        <line num="64" count="188" type="stmt"/>
      </file>
    </package>
    <package name="hooks">
      <metrics statements="5" coveredstatements="5" conditionals="0" coveredconditionals="0" methods="2" coveredmethods="2"/>
      <file name="index.ts" path="/Users/kvzhukh/greensight/ensi/grove/workspace/packages/admin-ui-base/src/hooks/index.ts">
        <metrics statements="0" coveredstatements="0" conditionals="0" coveredconditionals="0" methods="0" coveredmethods="0"/>
      </file>
      <file name="usePrevious.ts" path="/Users/kvzhukh/greensight/ensi/grove/workspace/packages/admin-ui-base/src/hooks/usePrevious.ts">
        <metrics statements="5" coveredstatements="5" conditionals="0" coveredconditionals="0" methods="2" coveredmethods="2"/>
        <line num="3" count="9" type="stmt"/>
        <line num="4" count="82" type="stmt"/>
        <line num="6" count="82" type="stmt"/>
        <line num="7" count="41" type="stmt"/>
        <line num="10" count="82" type="stmt"/>
      </file>
    </package>
    <package name="icon">
      <metrics statements="3" coveredstatements="3" conditionals="4" coveredconditionals="4" methods="1" coveredmethods="1"/>
      <file name="Component.tsx" path="/Users/kvzhukh/greensight/ensi/grove/workspace/packages/admin-ui-base/src/icon/Component.tsx">
        <metrics statements="3" coveredstatements="3" conditionals="4" coveredconditionals="4" methods="1" coveredmethods="1"/>
        <line num="11" count="2" type="stmt"/>
        <line num="12" count="5" type="stmt"/>
        <line num="17" count="5" type="stmt"/>
      </file>
      <file name="index.ts" path="/Users/kvzhukh/greensight/ensi/grove/workspace/packages/admin-ui-base/src/icon/index.ts">
        <metrics statements="0" coveredstatements="0" conditionals="0" coveredconditionals="0" methods="0" coveredmethods="0"/>
      </file>
      <file name="styles.module.css" path="/Users/kvzhukh/greensight/ensi/grove/workspace/packages/admin-ui-base/src/icon/styles.module.css">
        <metrics statements="0" coveredstatements="0" conditionals="0" coveredconditionals="0" methods="0" coveredmethods="0"/>
      </file>
      <file name="types.ts" path="/Users/kvzhukh/greensight/ensi/grove/workspace/packages/admin-ui-base/src/icon/types.ts">
        <metrics statements="0" coveredstatements="0" conditionals="0" coveredconditionals="0" methods="0" coveredmethods="0"/>
      </file>
    </package>
    <package name="icons">
      <metrics statements="9" coveredstatements="9" conditionals="12" coveredconditionals="6" methods="3" coveredmethods="3"/>
      <file name="Check.tsx" path="/Users/kvzhukh/greensight/ensi/grove/workspace/packages/admin-ui-base/src/icons/Check.tsx">
        <metrics statements="3" coveredstatements="3" conditionals="4" coveredconditionals="2" methods="1" coveredmethods="1"/>
        <line num="3" count="15" type="stmt"/>
        <line num="4" count="55" type="stmt"/>
        <line num="19" count="15" type="stmt"/>
      </file>
      <file name="ChevronDown.tsx" path="/Users/kvzhukh/greensight/ensi/grove/workspace/packages/admin-ui-base/src/icons/ChevronDown.tsx">
        <metrics statements="3" coveredstatements="3" conditionals="4" coveredconditionals="2" methods="1" coveredmethods="1"/>
        <line num="3" count="15" type="stmt"/>
        <line num="4" count="112" type="stmt"/>
        <line num="19" count="15" type="stmt"/>
      </file>
      <file name="Clear.tsx" path="/Users/kvzhukh/greensight/ensi/grove/workspace/packages/admin-ui-base/src/icons/Clear.tsx">
        <metrics statements="3" coveredstatements="3" conditionals="4" coveredconditionals="2" methods="1" coveredmethods="1"/>
        <line num="3" count="15" type="stmt"/>
        <line num="4" count="34" type="stmt"/>
        <line num="19" count="15" type="stmt"/>
      </file>
      <file name="index.ts" path="/Users/kvzhukh/greensight/ensi/grove/workspace/packages/admin-ui-base/src/icons/index.ts">
        <metrics statements="0" coveredstatements="0" conditionals="0" coveredconditionals="0" methods="0" coveredmethods="0"/>
      </file>
    </package>
    <package name="input">
      <metrics statements="50" coveredstatements="47" conditionals="41" coveredconditionals="33" methods="14" coveredmethods="14"/>
      <file name="Component.tsx" path="/Users/kvzhukh/greensight/ensi/grove/workspace/packages/admin-ui-base/src/input/Component.tsx">
        <metrics statements="38" coveredstatements="35" conditionals="31" coveredconditionals="25" methods="10" coveredmethods="10"/>
        <line num="14" count="59" type="cond" truecount="2" falsecount="0"/>
        <line num="16" count="2" type="stmt"/>
        <line num="17" count="104" type="cond" truecount="2" falsecount="0"/>
        <line num="18" count="88" type="stmt"/>
        <line num="19" count="88" type="stmt"/>
        <line num="22" count="16" type="cond" truecount="1" falsecount="1"/>
        <line num="23" count="0" type="stmt"/>
        <line num="27" count="2" type="stmt"/>
        <line num="28" count="3" type="stmt"/>
        <line num="30" count="3" type="stmt"/>
        <line num="36" count="2" type="stmt"/>
        <line num="37" count="2" type="stmt"/>
        <line num="40" count="2" type="stmt"/>
        <line num="41" count="2" type="stmt"/>
        <line num="42" count="2" type="stmt"/>
        <line num="50" count="2" type="stmt"/>
        <line num="65" count="52" type="stmt"/>
        <line num="66" count="52" type="stmt"/>
        <line num="67" count="52" type="stmt"/>
        <line num="68" count="52" type="cond" truecount="2" falsecount="0"/>
        <line num="69" count="52" type="cond" truecount="3" falsecount="0"/>
        <line num="71" count="52" type="stmt"/>
        <line num="72" count="25" type="cond" truecount="1" falsecount="1"/>
        <line num="73" count="0" type="stmt"/>
        <line num="76" count="25" type="stmt"/>
        <line num="79" count="52" type="stmt"/>
        <line num="80" count="2" type="stmt"/>
        <line num="81" count="2" type="stmt"/>
        <line num="86" count="2" type="cond" truecount="1" falsecount="1"/>
        <line num="87" count="2" type="stmt"/>
        <line num="88" count="2" type="stmt"/>
        <line num="91" count="2" type="cond" truecount="1" falsecount="1"/>
        <line num="92" count="0" type="stmt"/>
        <line num="95" count="2" type="stmt"/>
        <line num="98" count="52" type="stmt"/>
        <line num="108" count="104" type="stmt"/>
        <line num="109" count="104" type="stmt"/>
        <line num="123" count="2" type="stmt"/>
      </file>
      <file name="FormInput.tsx" path="/Users/kvzhukh/greensight/ensi/grove/workspace/packages/admin-ui-base/src/input/FormInput.tsx">
        <metrics statements="11" coveredstatements="11" conditionals="10" coveredconditionals="8" methods="4" coveredmethods="4"/>
        <line num="12" count="2" type="stmt"/>
        <line num="13" count="44" type="stmt"/>
        <line num="15" count="44" type="stmt"/>
        <line num="18" count="2" type="stmt"/>
        <line num="29" count="44" type="stmt"/>
        <line num="30" count="44" type="stmt"/>
        <line num="31" count="44" type="cond" truecount="2" falsecount="0"/>
        <line num="33" count="44" type="stmt"/>
        <line num="49" count="26" type="stmt"/>
        <line num="50" count="2" type="stmt"/>
        <line num="58" count="2" type="stmt"/>
      </file>
      <file name="index.ts" path="/Users/kvzhukh/greensight/ensi/grove/workspace/packages/admin-ui-base/src/input/index.ts">
        <metrics statements="0" coveredstatements="0" conditionals="0" coveredconditionals="0" methods="0" coveredmethods="0"/>
      </file>
      <file name="styles.module.css" path="/Users/kvzhukh/greensight/ensi/grove/workspace/packages/admin-ui-base/src/input/styles.module.css">
        <metrics statements="0" coveredstatements="0" conditionals="0" coveredconditionals="0" methods="0" coveredmethods="0"/>
      </file>
      <file name="theme.ts" path="/Users/kvzhukh/greensight/ensi/grove/workspace/packages/admin-ui-base/src/input/theme.ts">
        <metrics statements="1" coveredstatements="1" conditionals="0" coveredconditionals="0" methods="0" coveredmethods="0"/>
        <line num="8" count="2" type="stmt"/>
      </file>
      <file name="types.ts" path="/Users/kvzhukh/greensight/ensi/grove/workspace/packages/admin-ui-base/src/input/types.ts">
        <metrics statements="0" coveredstatements="0" conditionals="0" coveredconditionals="0" methods="0" coveredmethods="0"/>
      </file>
    </package>
    <package name="multi-select">
      <metrics statements="23" coveredstatements="23" conditionals="24" coveredconditionals="21" methods="9" coveredmethods="9"/>
      <file name="Component.tsx" path="/Users/kvzhukh/greensight/ensi/grove/workspace/packages/admin-ui-base/src/multi-select/Component.tsx">
        <metrics statements="6" coveredstatements="6" conditionals="12" coveredconditionals="12" methods="3" coveredmethods="3"/>
        <line num="12" count="2" type="stmt"/>
        <line num="32" count="32" type="stmt"/>
        <line num="34" count="32" type="stmt"/>
        <line num="42" count="8" type="stmt"/>
        <line num="55" count="73" type="stmt"/>
        <line num="76" count="2" type="stmt"/>
      </file>
      <file name="FormMultiSelect.tsx" path="/Users/kvzhukh/greensight/ensi/grove/workspace/packages/admin-ui-base/src/multi-select/FormMultiSelect.tsx">
        <metrics statements="11" coveredstatements="11" conditionals="10" coveredconditionals="7" methods="4" coveredmethods="4"/>
        <line num="12" count="2" type="stmt"/>
        <line num="13" count="17" type="stmt"/>
        <line num="15" count="17" type="stmt"/>
        <line num="18" count="2" type="stmt"/>
        <line num="29" count="17" type="stmt"/>
        <line num="30" count="17" type="stmt"/>
        <line num="31" count="17" type="cond" truecount="2" falsecount="0"/>
        <line num="33" count="17" type="stmt"/>
        <line num="48" count="3" type="stmt"/>
        <line num="49" count="1" type="stmt"/>
        <line num="57" count="2" type="stmt"/>
      </file>
      <file name="index.ts" path="/Users/kvzhukh/greensight/ensi/grove/workspace/packages/admin-ui-base/src/multi-select/index.ts">
        <metrics statements="0" coveredstatements="0" conditionals="0" coveredconditionals="0" methods="0" coveredmethods="0"/>
      </file>
      <file name="styles.module.css" path="/Users/kvzhukh/greensight/ensi/grove/workspace/packages/admin-ui-base/src/multi-select/styles.module.css">
        <metrics statements="0" coveredstatements="0" conditionals="0" coveredconditionals="0" methods="0" coveredmethods="0"/>
      </file>
      <file name="theme.ts" path="/Users/kvzhukh/greensight/ensi/grove/workspace/packages/admin-ui-base/src/multi-select/theme.ts">
        <metrics statements="1" coveredstatements="1" conditionals="0" coveredconditionals="0" methods="0" coveredmethods="0"/>
        <line num="5" count="2" type="stmt"/>
      </file>
      <file name="types.ts" path="/Users/kvzhukh/greensight/ensi/grove/workspace/packages/admin-ui-base/src/multi-select/types.ts">
        <metrics statements="0" coveredstatements="0" conditionals="0" coveredconditionals="0" methods="0" coveredmethods="0"/>
      </file>
      <file name="utils.ts" path="/Users/kvzhukh/greensight/ensi/grove/workspace/packages/admin-ui-base/src/multi-select/utils.ts">
        <metrics statements="5" coveredstatements="5" conditionals="2" coveredconditionals="2" methods="2" coveredmethods="2"/>
        <line num="5" count="2" type="stmt"/>
        <line num="6" count="64" type="cond" truecount="2" falsecount="0"/>
        <line num="7" count="43" type="stmt"/>
        <line num="10" count="21" type="stmt"/>
        <line num="13" count="8" type="stmt"/>
      </file>
    </package>
    <package name="multi-select.components.ClearButton">
      <metrics statements="19" coveredstatements="17" conditionals="9" coveredconditionals="7" methods="4" coveredmethods="4"/>
      <file name="index.tsx" path="/Users/kvzhukh/greensight/ensi/grove/workspace/packages/admin-ui-base/src/multi-select/components/ClearButton/index.tsx">
        <metrics statements="18" coveredstatements="16" conditionals="9" coveredconditionals="7" methods="4" coveredmethods="4"/>
        <line num="13" count="2" type="stmt"/>
        <line num="14" count="12" type="cond" truecount="1" falsecount="1"/>
        <line num="15" count="0" type="stmt"/>
        <line num="18" count="12" type="cond" truecount="1" falsecount="1"/>
        <line num="19" count="12" type="stmt"/>
        <line num="22" count="0" type="stmt"/>
        <line num="25" count="2" type="stmt"/>
        <line num="34" count="19" type="stmt"/>
        <line num="35" count="19" type="stmt"/>
        <line num="37" count="19" type="cond" truecount="5" falsecount="0"/>
        <line num="38" count="12" type="stmt"/>
        <line num="41" count="7" type="stmt"/>
        <line num="47" count="2" type="stmt"/>
        <line num="48" count="2" type="stmt"/>
        <line num="51" count="2" type="stmt"/>
        <line num="52" count="2" type="stmt"/>
        <line num="53" count="2" type="stmt"/>
        <line num="61" count="2" type="stmt"/>
      </file>
      <file name="styles.module.css" path="/Users/kvzhukh/greensight/ensi/grove/workspace/packages/admin-ui-base/src/multi-select/components/ClearButton/styles.module.css">
        <metrics statements="0" coveredstatements="0" conditionals="0" coveredconditionals="0" methods="0" coveredmethods="0"/>
      </file>
      <file name="theme.ts" path="/Users/kvzhukh/greensight/ensi/grove/workspace/packages/admin-ui-base/src/multi-select/components/ClearButton/theme.ts">
        <metrics statements="1" coveredstatements="1" conditionals="0" coveredconditionals="0" methods="0" coveredmethods="0"/>
        <line num="5" count="2" type="stmt"/>
      </file>
    </package>
    <package name="multi-select.components.Item">
      <metrics statements="4" coveredstatements="4" conditionals="0" coveredconditionals="0" methods="1" coveredmethods="1"/>
      <file name="index.tsx" path="/Users/kvzhukh/greensight/ensi/grove/workspace/packages/admin-ui-base/src/multi-select/components/Item/index.tsx">
        <metrics statements="3" coveredstatements="3" conditionals="0" coveredconditionals="0" methods="1" coveredmethods="1"/>
        <line num="11" count="2" type="stmt"/>
        <line num="12" count="14" type="stmt"/>
        <line num="18" count="2" type="stmt"/>
      </file>
      <file name="styles.module.css" path="/Users/kvzhukh/greensight/ensi/grove/workspace/packages/admin-ui-base/src/multi-select/components/Item/styles.module.css">
        <metrics statements="0" coveredstatements="0" conditionals="0" coveredconditionals="0" methods="0" coveredmethods="0"/>
      </file>
      <file name="theme.ts" path="/Users/kvzhukh/greensight/ensi/grove/workspace/packages/admin-ui-base/src/multi-select/components/Item/theme.ts">
        <metrics statements="1" coveredstatements="1" conditionals="0" coveredconditionals="0" methods="0" coveredmethods="0"/>
        <line num="5" count="2" type="stmt"/>
      </file>
    </package>
    <package name="multi-select.components.List">
      <metrics statements="5" coveredstatements="5" conditionals="0" coveredconditionals="0" methods="2" coveredmethods="2"/>
      <file name="index.tsx" path="/Users/kvzhukh/greensight/ensi/grove/workspace/packages/admin-ui-base/src/multi-select/components/List/index.tsx">
        <metrics statements="4" coveredstatements="4" conditionals="0" coveredconditionals="0" methods="2" coveredmethods="2"/>
        <line num="19" count="2" type="stmt"/>
        <line num="20" count="73" type="stmt"/>
        <line num="23" count="55" type="stmt"/>
        <line num="36" count="2" type="stmt"/>
      </file>
      <file name="styles.module.css" path="/Users/kvzhukh/greensight/ensi/grove/workspace/packages/admin-ui-base/src/multi-select/components/List/styles.module.css">
        <metrics statements="0" coveredstatements="0" conditionals="0" coveredconditionals="0" methods="0" coveredmethods="0"/>
      </file>
      <file name="theme.ts" path="/Users/kvzhukh/greensight/ensi/grove/workspace/packages/admin-ui-base/src/multi-select/components/List/theme.ts">
        <metrics statements="1" coveredstatements="1" conditionals="0" coveredconditionals="0" methods="0" coveredmethods="0"/>
        <line num="8" count="2" type="stmt"/>
      </file>
    </package>
    <package name="multi-select.components.Popover">
      <metrics statements="4" coveredstatements="4" conditionals="0" coveredconditionals="0" methods="1" coveredmethods="1"/>
      <file name="index.tsx" path="/Users/kvzhukh/greensight/ensi/grove/workspace/packages/admin-ui-base/src/multi-select/components/Popover/index.tsx">
        <metrics statements="3" coveredstatements="3" conditionals="0" coveredconditionals="0" methods="1" coveredmethods="1"/>
        <line num="15" count="2" type="stmt"/>
        <line num="16" count="73" type="stmt"/>
        <line num="21" count="2" type="stmt"/>
      </file>
      <file name="styles.module.css" path="/Users/kvzhukh/greensight/ensi/grove/workspace/packages/admin-ui-base/src/multi-select/components/Popover/styles.module.css">
        <metrics statements="0" coveredstatements="0" conditionals="0" coveredconditionals="0" methods="0" coveredmethods="0"/>
      </file>
      <file name="theme.ts" path="/Users/kvzhukh/greensight/ensi/grove/workspace/packages/admin-ui-base/src/multi-select/components/Popover/theme.ts">
        <metrics statements="1" coveredstatements="1" conditionals="0" coveredconditionals="0" methods="0" coveredmethods="0"/>
        <line num="5" count="2" type="stmt"/>
      </file>
    </package>
    <package name="multi-select.components.Trigger">
      <metrics statements="25" coveredstatements="23" conditionals="26" coveredconditionals="21" methods="12" coveredmethods="12"/>
      <file name="index.tsx" path="/Users/kvzhukh/greensight/ensi/grove/workspace/packages/admin-ui-base/src/multi-select/components/Trigger/index.tsx">
        <metrics statements="23" coveredstatements="21" conditionals="24" coveredconditionals="20" methods="11" coveredmethods="11"/>
        <line num="24" count="2" type="stmt"/>
        <line num="25" count="12" type="stmt"/>
        <line num="30" count="2" type="stmt"/>
        <line num="31" count="1" type="cond" truecount="1" falsecount="1"/>
        <line num="32" count="0" type="stmt"/>
        <line num="35" count="1" type="stmt"/>
        <line num="52" count="2" type="stmt"/>
        <line num="65" count="110" type="stmt"/>
        <line num="67" count="110" type="stmt"/>
        <line num="68" count="1" type="cond" truecount="3" falsecount="1"/>
        <line num="69" count="0" type="stmt"/>
        <line num="72" count="1" type="stmt"/>
        <line num="75" count="110" type="stmt"/>
        <line num="88" count="78" type="cond" truecount="2" falsecount="0"/>
        <line num="89" count="53" type="stmt"/>
        <line num="92" count="42" type="stmt"/>
        <line num="94" count="25" type="stmt"/>
        <line num="100" count="1" type="cond" truecount="1" falsecount="1"/>
        <line num="101" count="2" type="stmt"/>
        <line num="106" count="12" type="stmt"/>
        <line num="111" count="1" type="cond" truecount="1" falsecount="1"/>
        <line num="112" count="2" type="stmt"/>
        <line num="137" count="2" type="stmt"/>
      </file>
      <file name="styles.module.css" path="/Users/kvzhukh/greensight/ensi/grove/workspace/packages/admin-ui-base/src/multi-select/components/Trigger/styles.module.css">
        <metrics statements="0" coveredstatements="0" conditionals="0" coveredconditionals="0" methods="0" coveredmethods="0"/>
      </file>
      <file name="theme.ts" path="/Users/kvzhukh/greensight/ensi/grove/workspace/packages/admin-ui-base/src/multi-select/components/Trigger/theme.ts">
        <metrics statements="2" coveredstatements="2" conditionals="2" coveredconditionals="1" methods="1" coveredmethods="1"/>
        <line num="10" count="2" type="stmt"/>
        <line num="27" count="12" type="cond" truecount="1" falsecount="1"/>
      </file>
    </package>
    <package name="number-input">
      <metrics statements="52" coveredstatements="51" conditionals="71" coveredconditionals="60" methods="17" coveredmethods="17"/>
      <file name="Component.tsx" path="/Users/kvzhukh/greensight/ensi/grove/workspace/packages/admin-ui-base/src/number-input/Component.tsx">
        <metrics statements="26" coveredstatements="25" conditionals="43" coveredconditionals="37" methods="9" coveredmethods="9"/>
        <line num="14" count="15" type="cond" truecount="4" falsecount="0"/>
        <line num="16" count="5" type="cond" truecount="2" falsecount="0"/>
        <line num="18" count="2" type="stmt"/>
        <line num="19" count="3" type="stmt"/>
        <line num="21" count="3" type="stmt"/>
        <line num="27" count="2" type="stmt"/>
        <line num="28" count="2" type="stmt"/>
        <line num="31" count="2" type="stmt"/>
        <line num="32" count="2" type="stmt"/>
        <line num="33" count="2" type="stmt"/>
        <line num="41" count="2" type="stmt"/>
        <line num="68" count="23" type="stmt"/>
        <line num="69" count="23" type="stmt"/>
        <line num="70" count="12" type="cond" truecount="2" falsecount="2"/>
        <line num="72" count="23" type="cond" truecount="2" falsecount="0"/>
        <line num="73" count="23" type="cond" truecount="3" falsecount="0"/>
        <line num="75" count="23" type="cond" truecount="2" falsecount="0"/>
        <line num="77" count="23" type="stmt"/>
        <line num="84" count="3" type="cond" truecount="1" falsecount="1"/>
        <line num="86" count="3" type="cond" truecount="2" falsecount="0"/>
        <line num="87" count="1" type="stmt"/>
        <line num="90" count="3" type="stmt"/>
        <line num="121" count="2" type="cond" truecount="1" falsecount="1"/>
        <line num="122" count="0" type="stmt"/>
        <line num="125" count="2" type="stmt"/>
        <line num="135" count="2" type="stmt"/>
      </file>
      <file name="FormNumberInput.tsx" path="/Users/kvzhukh/greensight/ensi/grove/workspace/packages/admin-ui-base/src/number-input/FormNumberInput.tsx">
        <metrics statements="21" coveredstatements="21" conditionals="20" coveredconditionals="16" methods="5" coveredmethods="5"/>
        <line num="16" count="2" type="stmt"/>
        <line num="17" count="14" type="stmt"/>
        <line num="19" count="14" type="stmt"/>
        <line num="34" count="2" type="stmt"/>
        <line num="36" count="2" type="stmt"/>
        <line num="37" count="14" type="cond" truecount="2" falsecount="0"/>
        <line num="38" count="8" type="stmt"/>
        <line num="41" count="6" type="cond" truecount="4" falsecount="0"/>
        <line num="42" count="2" type="stmt"/>
        <line num="45" count="4" type="cond" truecount="1" falsecount="1"/>
        <line num="47" count="14" type="cond" truecount="1" falsecount="1"/>
        <line num="50" count="2" type="stmt"/>
        <line num="62" count="14" type="stmt"/>
        <line num="63" count="14" type="stmt"/>
        <line num="64" count="14" type="cond" truecount="2" falsecount="0"/>
        <line num="65" count="14" type="stmt"/>
        <line num="67" count="14" type="stmt"/>
        <line num="84" count="3" type="cond" truecount="2" falsecount="0"/>
        <line num="85" count="3" type="stmt"/>
        <line num="87" count="2" type="stmt"/>
        <line num="95" count="2" type="stmt"/>
      </file>
      <file name="index.ts" path="/Users/kvzhukh/greensight/ensi/grove/workspace/packages/admin-ui-base/src/number-input/index.ts">
        <metrics statements="0" coveredstatements="0" conditionals="0" coveredconditionals="0" methods="0" coveredmethods="0"/>
      </file>
      <file name="styles.module.css" path="/Users/kvzhukh/greensight/ensi/grove/workspace/packages/admin-ui-base/src/number-input/styles.module.css">
        <metrics statements="0" coveredstatements="0" conditionals="0" coveredconditionals="0" methods="0" coveredmethods="0"/>
      </file>
      <file name="theme.ts" path="/Users/kvzhukh/greensight/ensi/grove/workspace/packages/admin-ui-base/src/number-input/theme.ts">
        <metrics statements="1" coveredstatements="1" conditionals="0" coveredconditionals="0" methods="0" coveredmethods="0"/>
        <line num="8" count="2" type="stmt"/>
      </file>
      <file name="transforms.ts" path="/Users/kvzhukh/greensight/ensi/grove/workspace/packages/admin-ui-base/src/number-input/transforms.ts">
        <metrics statements="4" coveredstatements="4" conditionals="8" coveredconditionals="7" methods="3" coveredmethods="3"/>
        <line num="4" count="2" type="stmt"/>
        <line num="5" count="8" type="cond" truecount="4" falsecount="0"/>
        <line num="6" count="2" type="cond" truecount="3" falsecount="1"/>
        <line num="10" count="2" type="stmt"/>
      </file>
      <file name="types.ts" path="/Users/kvzhukh/greensight/ensi/grove/workspace/packages/admin-ui-base/src/number-input/types.ts">
        <metrics statements="0" coveredstatements="0" conditionals="0" coveredconditionals="0" methods="0" coveredmethods="0"/>
      </file>
    </package>
    <package name="provider">
      <metrics statements="20" coveredstatements="19" conditionals="5" coveredconditionals="4" methods="8" coveredmethods="6"/>
      <file name="Component.tsx" path="/Users/kvzhukh/greensight/ensi/grove/workspace/packages/admin-ui-base/src/provider/Component.tsx">
        <metrics statements="10" coveredstatements="10" conditionals="3" coveredconditionals="3" methods="4" coveredmethods="4"/>
        <line num="11" count="11" type="stmt"/>
        <line num="23" count="17" type="stmt"/>
        <line num="24" count="17" type="cond" truecount="2" falsecount="0"/>
        <line num="26" count="17" type="stmt"/>
        <line num="27" count="17" type="stmt"/>
        <line num="34" count="17" type="stmt"/>
        <line num="43" count="11" type="stmt"/>
        <line num="51" count="17" type="stmt"/>
        <line num="52" count="17" type="stmt"/>
        <line num="59" count="17" type="stmt"/>
      </file>
      <file name="context.ts" path="/Users/kvzhukh/greensight/ensi/grove/workspace/packages/admin-ui-base/src/provider/context.ts">
        <metrics statements="2" coveredstatements="2" conditionals="0" coveredconditionals="0" methods="0" coveredmethods="0"/>
        <line num="5" count="11" type="stmt"/>
        <line num="10" count="11" type="stmt"/>
      </file>
      <file name="hooks.ts" path="/Users/kvzhukh/greensight/ensi/grove/workspace/packages/admin-ui-base/src/provider/hooks.ts">
        <metrics statements="8" coveredstatements="7" conditionals="2" coveredconditionals="1" methods="4" coveredmethods="2"/>
        <line num="6" count="11" type="stmt"/>
        <line num="7" count="45" type="stmt"/>
        <line num="9" count="45" type="cond" truecount="1" falsecount="1"/>
        <line num="10" count="0" type="stmt"/>
        <line num="13" count="45" type="stmt"/>
        <line num="16" count="45" type="stmt"/>
        <line num="18" count="11" type="stmt"/>
        <line num="20" count="11" type="stmt"/>
      </file>
      <file name="index.ts" path="/Users/kvzhukh/greensight/ensi/grove/workspace/packages/admin-ui-base/src/provider/index.ts">
        <metrics statements="0" coveredstatements="0" conditionals="0" coveredconditionals="0" methods="0" coveredmethods="0"/>
      </file>
      <file name="styles.module.css" path="/Users/kvzhukh/greensight/ensi/grove/workspace/packages/admin-ui-base/src/provider/styles.module.css">
        <metrics statements="0" coveredstatements="0" conditionals="0" coveredconditionals="0" methods="0" coveredmethods="0"/>
      </file>
      <file name="types.ts" path="/Users/kvzhukh/greensight/ensi/grove/workspace/packages/admin-ui-base/src/provider/types.ts">
        <metrics statements="0" coveredstatements="0" conditionals="0" coveredconditionals="0" methods="0" coveredmethods="0"/>
      </file>
    </package>
    <package name="select">
      <metrics statements="25" coveredstatements="25" conditionals="28" coveredconditionals="25" methods="8" coveredmethods="8"/>
      <file name="Component.tsx" path="/Users/kvzhukh/greensight/ensi/grove/workspace/packages/admin-ui-base/src/select/Component.tsx">
        <metrics statements="7" coveredstatements="7" conditionals="10" coveredconditionals="10" methods="3" coveredmethods="3"/>
        <line num="10" count="2" type="stmt"/>
        <line num="28" count="27" type="stmt"/>
        <line num="29" count="27" type="stmt"/>
        <line num="31" count="27" type="stmt"/>
        <line num="38" count="4" type="stmt"/>
        <line num="49" count="61" type="stmt"/>
        <line num="66" count="2" type="stmt"/>
      </file>
      <file name="FormSelect.tsx" path="/Users/kvzhukh/greensight/ensi/grove/workspace/packages/admin-ui-base/src/select/FormSelect.tsx">
        <metrics statements="11" coveredstatements="11" conditionals="12" coveredconditionals="9" methods="4" coveredmethods="4"/>
        <line num="12" count="2" type="stmt"/>
        <line num="13" count="15" type="stmt"/>
        <line num="15" count="15" type="stmt"/>
        <line num="18" count="2" type="stmt"/>
        <line num="29" count="15" type="stmt"/>
        <line num="30" count="15" type="stmt"/>
        <line num="31" count="15" type="cond" truecount="2" falsecount="0"/>
        <line num="33" count="15" type="stmt"/>
        <line num="48" count="2" type="cond" truecount="2" falsecount="0"/>
        <line num="49" count="1" type="stmt"/>
        <line num="57" count="2" type="stmt"/>
      </file>
      <file name="index.ts" path="/Users/kvzhukh/greensight/ensi/grove/workspace/packages/admin-ui-base/src/select/index.ts">
        <metrics statements="0" coveredstatements="0" conditionals="0" coveredconditionals="0" methods="0" coveredmethods="0"/>
      </file>
      <file name="styles.module.css" path="/Users/kvzhukh/greensight/ensi/grove/workspace/packages/admin-ui-base/src/select/styles.module.css">
        <metrics statements="0" coveredstatements="0" conditionals="0" coveredconditionals="0" methods="0" coveredmethods="0"/>
      </file>
      <file name="theme.ts" path="/Users/kvzhukh/greensight/ensi/grove/workspace/packages/admin-ui-base/src/select/theme.ts">
        <metrics statements="1" coveredstatements="1" conditionals="0" coveredconditionals="0" methods="0" coveredmethods="0"/>
        <line num="5" count="2" type="stmt"/>
      </file>
      <file name="types.ts" path="/Users/kvzhukh/greensight/ensi/grove/workspace/packages/admin-ui-base/src/select/types.ts">
        <metrics statements="0" coveredstatements="0" conditionals="0" coveredconditionals="0" methods="0" coveredmethods="0"/>
      </file>
      <file name="utils.ts" path="/Users/kvzhukh/greensight/ensi/grove/workspace/packages/admin-ui-base/src/select/utils.ts">
        <metrics statements="6" coveredstatements="6" conditionals="6" coveredconditionals="6" methods="1" coveredmethods="1"/>
        <line num="5" count="2" type="stmt"/>
        <line num="6" count="54" type="cond" truecount="2" falsecount="0"/>
        <line num="7" count="37" type="stmt"/>
        <line num="10" count="17" type="cond" truecount="4" falsecount="0"/>
        <line num="11" count="11" type="stmt"/>
        <line num="14" count="6" type="stmt"/>
      </file>
    </package>
    <package name="select.components.ClearButton">
      <metrics statements="13" coveredstatements="13" conditionals="5" coveredconditionals="5" methods="3" coveredmethods="3"/>
      <file name="index.tsx" path="/Users/kvzhukh/greensight/ensi/grove/workspace/packages/admin-ui-base/src/select/components/ClearButton/index.tsx">
        <metrics statements="12" coveredstatements="12" conditionals="5" coveredconditionals="5" methods="3" coveredmethods="3"/>
        <line num="14" count="2" type="stmt"/>
        <line num="23" count="15" type="stmt"/>
        <line num="24" count="15" type="stmt"/>
        <line num="26" count="15" type="cond" truecount="5" falsecount="0"/>
        <line num="27" count="11" type="stmt"/>
        <line num="30" count="4" type="stmt"/>
        <line num="36" count="2" type="stmt"/>
        <line num="37" count="2" type="stmt"/>
        <line num="40" count="2" type="stmt"/>
        <line num="41" count="2" type="stmt"/>
        <line num="42" count="2" type="stmt"/>
        <line num="50" count="2" type="stmt"/>
      </file>
      <file name="styles.module.css" path="/Users/kvzhukh/greensight/ensi/grove/workspace/packages/admin-ui-base/src/select/components/ClearButton/styles.module.css">
        <metrics statements="0" coveredstatements="0" conditionals="0" coveredconditionals="0" methods="0" coveredmethods="0"/>
      </file>
      <file name="theme.ts" path="/Users/kvzhukh/greensight/ensi/grove/workspace/packages/admin-ui-base/src/select/components/ClearButton/theme.ts">
        <metrics statements="1" coveredstatements="1" conditionals="0" coveredconditionals="0" methods="0" coveredmethods="0"/>
        <line num="5" count="2" type="stmt"/>
      </file>
    </package>
    <package name="select.components.Item">
      <metrics statements="4" coveredstatements="4" conditionals="0" coveredconditionals="0" methods="1" coveredmethods="1"/>
      <file name="index.tsx" path="/Users/kvzhukh/greensight/ensi/grove/workspace/packages/admin-ui-base/src/select/components/Item/index.tsx">
        <metrics statements="3" coveredstatements="3" conditionals="0" coveredconditionals="0" methods="1" coveredmethods="1"/>
        <line num="11" count="2" type="stmt"/>
        <line num="12" count="16" type="stmt"/>
        <line num="18" count="2" type="stmt"/>
      </file>
      <file name="styles.module.css" path="/Users/kvzhukh/greensight/ensi/grove/workspace/packages/admin-ui-base/src/select/components/Item/styles.module.css">
        <metrics statements="0" coveredstatements="0" conditionals="0" coveredconditionals="0" methods="0" coveredmethods="0"/>
      </file>
      <file name="theme.ts" path="/Users/kvzhukh/greensight/ensi/grove/workspace/packages/admin-ui-base/src/select/components/Item/theme.ts">
        <metrics statements="1" coveredstatements="1" conditionals="0" coveredconditionals="0" methods="0" coveredmethods="0"/>
        <line num="5" count="2" type="stmt"/>
      </file>
    </package>
    <package name="select.components.List">
      <metrics statements="5" coveredstatements="5" conditionals="0" coveredconditionals="0" methods="2" coveredmethods="2"/>
      <file name="index.tsx" path="/Users/kvzhukh/greensight/ensi/grove/workspace/packages/admin-ui-base/src/select/components/List/index.tsx">
        <metrics statements="4" coveredstatements="4" conditionals="0" coveredconditionals="0" methods="2" coveredmethods="2"/>
        <line num="15" count="2" type="stmt"/>
        <line num="16" count="61" type="stmt"/>
        <line num="19" count="46" type="stmt"/>
        <line num="32" count="2" type="stmt"/>
      </file>
      <file name="styles.module.css" path="/Users/kvzhukh/greensight/ensi/grove/workspace/packages/admin-ui-base/src/select/components/List/styles.module.css">
        <metrics statements="0" coveredstatements="0" conditionals="0" coveredconditionals="0" methods="0" coveredmethods="0"/>
      </file>
      <file name="theme.ts" path="/Users/kvzhukh/greensight/ensi/grove/workspace/packages/admin-ui-base/src/select/components/List/theme.ts">
        <metrics statements="1" coveredstatements="1" conditionals="0" coveredconditionals="0" methods="0" coveredmethods="0"/>
        <line num="8" count="2" type="stmt"/>
      </file>
    </package>
    <package name="select.components.Popover">
      <metrics statements="4" coveredstatements="4" conditionals="0" coveredconditionals="0" methods="1" coveredmethods="1"/>
      <file name="index.tsx" path="/Users/kvzhukh/greensight/ensi/grove/workspace/packages/admin-ui-base/src/select/components/Popover/index.tsx">
        <metrics statements="3" coveredstatements="3" conditionals="0" coveredconditionals="0" methods="1" coveredmethods="1"/>
        <line num="14" count="2" type="stmt"/>
        <line num="15" count="61" type="stmt"/>
        <line num="20" count="2" type="stmt"/>
      </file>
      <file name="styles.module.css" path="/Users/kvzhukh/greensight/ensi/grove/workspace/packages/admin-ui-base/src/select/components/Popover/styles.module.css">
        <metrics statements="0" coveredstatements="0" conditionals="0" coveredconditionals="0" methods="0" coveredmethods="0"/>
      </file>
      <file name="theme.ts" path="/Users/kvzhukh/greensight/ensi/grove/workspace/packages/admin-ui-base/src/select/components/Popover/theme.ts">
        <metrics statements="1" coveredstatements="1" conditionals="0" coveredconditionals="0" methods="0" coveredmethods="0"/>
        <line num="5" count="2" type="stmt"/>
      </file>
    </package>
    <package name="select.components.Trigger">
      <metrics statements="4" coveredstatements="4" conditionals="12" coveredconditionals="12" methods="1" coveredmethods="1"/>
      <file name="index.tsx" path="/Users/kvzhukh/greensight/ensi/grove/workspace/packages/admin-ui-base/src/select/components/Trigger/index.tsx">
        <metrics statements="3" coveredstatements="3" conditionals="12" coveredconditionals="12" methods="1" coveredmethods="1"/>
        <line num="22" count="2" type="stmt"/>
        <line num="31" count="61" type="stmt"/>
        <line num="54" count="2" type="stmt"/>
      </file>
      <file name="styles.module.css" path="/Users/kvzhukh/greensight/ensi/grove/workspace/packages/admin-ui-base/src/select/components/Trigger/styles.module.css">
        <metrics statements="0" coveredstatements="0" conditionals="0" coveredconditionals="0" methods="0" coveredmethods="0"/>
      </file>
      <file name="theme.ts" path="/Users/kvzhukh/greensight/ensi/grove/workspace/packages/admin-ui-base/src/select/components/Trigger/theme.ts">
        <metrics statements="1" coveredstatements="1" conditionals="0" coveredconditionals="0" methods="0" coveredmethods="0"/>
        <line num="8" count="2" type="stmt"/>
      </file>
    </package>
    <package name="switch">
      <metrics statements="16" coveredstatements="16" conditionals="14" coveredconditionals="13" methods="5" coveredmethods="5"/>
      <file name="Component.tsx" path="/Users/kvzhukh/greensight/ensi/grove/workspace/packages/admin-ui-base/src/switch/Component.tsx">
        <metrics statements="3" coveredstatements="3" conditionals="8" coveredconditionals="7" methods="1" coveredmethods="1"/>
        <line num="9" count="2" type="stmt"/>
        <line num="23" count="17" type="stmt"/>
        <line num="44" count="2" type="stmt"/>
      </file>
      <file name="FormSwitch.tsx" path="/Users/kvzhukh/greensight/ensi/grove/workspace/packages/admin-ui-base/src/switch/FormSwitch.tsx">
        <metrics statements="12" coveredstatements="12" conditionals="6" coveredconditionals="6" methods="4" coveredmethods="4"/>
        <line num="12" count="2" type="stmt"/>
        <line num="13" count="11" type="stmt"/>
        <line num="14" count="11" type="stmt"/>
        <line num="16" count="11" type="stmt"/>
        <line num="29" count="2" type="stmt"/>
        <line num="40" count="11" type="stmt"/>
        <line num="41" count="11" type="stmt"/>
        <line num="42" count="11" type="cond" truecount="2" falsecount="0"/>
        <line num="44" count="11" type="stmt"/>
        <line num="58" count="1" type="stmt"/>
        <line num="59" count="1" type="stmt"/>
        <line num="69" count="2" type="stmt"/>
      </file>
      <file name="index.ts" path="/Users/kvzhukh/greensight/ensi/grove/workspace/packages/admin-ui-base/src/switch/index.ts">
        <metrics statements="0" coveredstatements="0" conditionals="0" coveredconditionals="0" methods="0" coveredmethods="0"/>
      </file>
      <file name="styles.module.css" path="/Users/kvzhukh/greensight/ensi/grove/workspace/packages/admin-ui-base/src/switch/styles.module.css">
        <metrics statements="0" coveredstatements="0" conditionals="0" coveredconditionals="0" methods="0" coveredmethods="0"/>
      </file>
      <file name="theme.ts" path="/Users/kvzhukh/greensight/ensi/grove/workspace/packages/admin-ui-base/src/switch/theme.ts">
        <metrics statements="1" coveredstatements="1" conditionals="0" coveredconditionals="0" methods="0" coveredmethods="0"/>
        <line num="8" count="2" type="stmt"/>
      </file>
      <file name="types.ts" path="/Users/kvzhukh/greensight/ensi/grove/workspace/packages/admin-ui-base/src/switch/types.ts">
        <metrics statements="0" coveredstatements="0" conditionals="0" coveredconditionals="0" methods="0" coveredmethods="0"/>
      </file>
    </package>
    <package name="tag">
      <metrics statements="12" coveredstatements="12" conditionals="7" coveredconditionals="7" methods="4" coveredmethods="4"/>
      <file name="Component.tsx" path="/Users/kvzhukh/greensight/ensi/grove/workspace/packages/admin-ui-base/src/tag/Component.tsx">
        <metrics statements="11" coveredstatements="11" conditionals="7" coveredconditionals="7" methods="4" coveredmethods="4"/>
        <line num="11" count="1" type="stmt"/>
        <line num="12" count="2" type="stmt"/>
        <line num="14" count="2" type="stmt"/>
        <line num="21" count="1" type="stmt"/>
        <line num="22" count="1" type="stmt"/>
        <line num="23" count="1" type="stmt"/>
        <line num="26" count="1" type="stmt"/>
        <line num="27" count="1" type="stmt"/>
        <line num="35" count="1" type="stmt"/>
        <line num="46" count="6" type="stmt"/>
        <line num="58" count="1" type="stmt"/>
      </file>
      <file name="index.ts" path="/Users/kvzhukh/greensight/ensi/grove/workspace/packages/admin-ui-base/src/tag/index.ts">
        <metrics statements="0" coveredstatements="0" conditionals="0" coveredconditionals="0" methods="0" coveredmethods="0"/>
      </file>
      <file name="styles.module.css" path="/Users/kvzhukh/greensight/ensi/grove/workspace/packages/admin-ui-base/src/tag/styles.module.css">
        <metrics statements="0" coveredstatements="0" conditionals="0" coveredconditionals="0" methods="0" coveredmethods="0"/>
      </file>
      <file name="theme.ts" path="/Users/kvzhukh/greensight/ensi/grove/workspace/packages/admin-ui-base/src/tag/theme.ts">
        <metrics statements="1" coveredstatements="1" conditionals="0" coveredconditionals="0" methods="0" coveredmethods="0"/>
        <line num="5" count="1" type="stmt"/>
      </file>
      <file name="types.ts" path="/Users/kvzhukh/greensight/ensi/grove/workspace/packages/admin-ui-base/src/tag/types.ts">
        <metrics statements="0" coveredstatements="0" conditionals="0" coveredconditionals="0" methods="0" coveredmethods="0"/>
      </file>
    </package>
    <package name="textarea">
      <metrics statements="50" coveredstatements="47" conditionals="43" coveredconditionals="35" methods="14" coveredmethods="14"/>
      <file name="Component.tsx" path="/Users/kvzhukh/greensight/ensi/grove/workspace/packages/admin-ui-base/src/textarea/Component.tsx">
        <metrics statements="38" coveredstatements="35" conditionals="33" coveredconditionals="27" methods="10" coveredmethods="10"/>
        <line num="14" count="47" type="cond" truecount="2" falsecount="0"/>
        <line num="16" count="2" type="stmt"/>
        <line num="17" count="80" type="cond" truecount="2" falsecount="0"/>
        <line num="18" count="64" type="stmt"/>
        <line num="19" count="64" type="stmt"/>
        <line num="22" count="16" type="cond" truecount="1" falsecount="1"/>
        <line num="23" count="0" type="stmt"/>
        <line num="27" count="2" type="stmt"/>
        <line num="28" count="3" type="stmt"/>
        <line num="30" count="3" type="stmt"/>
        <line num="36" count="2" type="stmt"/>
        <line num="37" count="2" type="stmt"/>
        <line num="40" count="2" type="stmt"/>
        <line num="41" count="2" type="stmt"/>
        <line num="42" count="2" type="stmt"/>
        <line num="50" count="2" type="stmt"/>
        <line num="65" count="40" type="stmt"/>
        <line num="66" count="40" type="stmt"/>
        <line num="67" count="40" type="stmt"/>
        <line num="68" count="40" type="cond" truecount="2" falsecount="0"/>
        <line num="69" count="40" type="cond" truecount="3" falsecount="0"/>
        <line num="71" count="40" type="stmt"/>
        <line num="72" count="13" type="cond" truecount="1" falsecount="1"/>
        <line num="73" count="0" type="stmt"/>
        <line num="76" count="13" type="stmt"/>
        <line num="79" count="40" type="stmt"/>
        <line num="80" count="2" type="stmt"/>
        <line num="81" count="2" type="stmt"/>
        <line num="86" count="2" type="cond" truecount="1" falsecount="1"/>
        <line num="87" count="2" type="stmt"/>
        <line num="88" count="2" type="stmt"/>
        <line num="91" count="2" type="cond" truecount="1" falsecount="1"/>
        <line num="92" count="0" type="stmt"/>
        <line num="95" count="2" type="stmt"/>
        <line num="98" count="40" type="stmt"/>
        <line num="110" count="80" type="stmt"/>
        <line num="111" count="80" type="stmt"/>
        <line num="125" count="2" type="stmt"/>
      </file>
      <file name="FormTextArea.tsx" path="/Users/kvzhukh/greensight/ensi/grove/workspace/packages/admin-ui-base/src/textarea/FormTextArea.tsx">
        <metrics statements="11" coveredstatements="11" conditionals="10" coveredconditionals="8" methods="4" coveredmethods="4"/>
        <line num="12" count="2" type="stmt"/>
        <line num="13" count="32" type="stmt"/>
        <line num="15" count="32" type="stmt"/>
        <line num="18" count="2" type="stmt"/>
        <line num="29" count="32" type="stmt"/>
        <line num="30" count="32" type="stmt"/>
        <line num="31" count="32" type="cond" truecount="2" falsecount="0"/>
        <line num="33" count="32" type="stmt"/>
        <line num="49" count="14" type="stmt"/>
        <line num="50" count="2" type="stmt"/>
        <line num="58" count="2" type="stmt"/>
      </file>
      <file name="index.ts" path="/Users/kvzhukh/greensight/ensi/grove/workspace/packages/admin-ui-base/src/textarea/index.ts">
        <metrics statements="0" coveredstatements="0" conditionals="0" coveredconditionals="0" methods="0" coveredmethods="0"/>
      </file>
      <file name="styles.module.css" path="/Users/kvzhukh/greensight/ensi/grove/workspace/packages/admin-ui-base/src/textarea/styles.module.css">
        <metrics statements="0" coveredstatements="0" conditionals="0" coveredconditionals="0" methods="0" coveredmethods="0"/>
      </file>
      <file name="theme.ts" path="/Users/kvzhukh/greensight/ensi/grove/workspace/packages/admin-ui-base/src/textarea/theme.ts">
        <metrics statements="1" coveredstatements="1" conditionals="0" coveredconditionals="0" methods="0" coveredmethods="0"/>
        <line num="8" count="2" type="stmt"/>
      </file>
      <file name="types.ts" path="/Users/kvzhukh/greensight/ensi/grove/workspace/packages/admin-ui-base/src/textarea/types.ts">
        <metrics statements="0" coveredstatements="0" conditionals="0" coveredconditionals="0" methods="0" coveredmethods="0"/>
      </file>
    </package>
  </project>
</coverage>
