{"/Users/kvzhukh/greensight/ensi/grove/workspace/packages/admin-ui-base/src/badge/Component.tsx": {"path":"/Users/kvzhukh/greensight/ensi/grove/workspace/packages/admin-ui-base/src/badge/Component.tsx","statementMap":{"0":{"start":{"line":6,"column":21},"end":{"line":17,"column":null}},"1":{"start":{"line":15,"column":4},"end":{"line":17,"column":null}},"2":{"start":{"line":20,"column":0},"end":{"line":20,"column":null}}},"fnMap":{"0":{"name":"(anonymous_0)","decl":{"start":{"line":6,"column":21},"end":{"line":6,"column":22}},"loc":{"start":{"line":15,"column":4},"end":{"line":17,"column":null}},"line":15}},"branchMap":{"0":{"loc":{"start":{"line":9,"column":4},"end":{"line":9,"column":null}},"type":"default-arg","locations":[{"start":{"line":9,"column":11},"end":{"line":9,"column":null}}],"line":9},"1":{"loc":{"start":{"line":10,"column":4},"end":{"line":10,"column":null}},"type":"default-arg","locations":[{"start":{"line":10,"column":14},"end":{"line":10,"column":null}}],"line":10}},"s":{"0":1,"1":3,"2":1},"f":{"0":3},"b":{"0":[3],"1":[3]},"meta":{"lastBranch":2,"lastFunction":1,"lastStatement":3,"seen":{"s:6:21:17:Infinity":0,"f:6:21:6:22":0,"s:15:4:17:Infinity":1,"b:9:11:9:Infinity":0,"b:10:14:10:Infinity":1,"s:20:0:20:Infinity":2},"fnNames":{}}}
,"/Users/kvzhukh/greensight/ensi/grove/workspace/packages/admin-ui-base/src/badge/index.ts": {"path":"/Users/kvzhukh/greensight/ensi/grove/workspace/packages/admin-ui-base/src/badge/index.ts","statementMap":{},"fnMap":{},"branchMap":{},"s":{},"f":{},"b":{},"meta":{"lastBranch":0,"lastFunction":0,"lastStatement":0,"seen":{},"fnNames":{}}}
,"/Users/kvzhukh/greensight/ensi/grove/workspace/packages/admin-ui-base/src/badge/styles.module.css": {"path":"/Users/kvzhukh/greensight/ensi/grove/workspace/packages/admin-ui-base/src/badge/styles.module.css","statementMap":{},"fnMap":{},"branchMap":{},"s":{},"f":{},"b":{},"meta":{"lastBranch":0,"lastFunction":0,"lastStatement":0,"seen":{},"fnNames":{}}}
,"/Users/kvzhukh/greensight/ensi/grove/workspace/packages/admin-ui-base/src/badge/theme.ts": {"path":"/Users/kvzhukh/greensight/ensi/grove/workspace/packages/admin-ui-base/src/badge/theme.ts","statementMap":{"0":{"start":{"line":5,"column":13},"end":{"line":23,"column":null}}},"fnMap":{},"branchMap":{},"s":{"0":1},"f":{},"b":{},"meta":{"lastBranch":0,"lastFunction":0,"lastStatement":1,"seen":{"s:5:13:23:Infinity":0},"fnNames":{}}}
,"/Users/kvzhukh/greensight/ensi/grove/workspace/packages/admin-ui-base/src/badge/types.ts": {"path":"/Users/kvzhukh/greensight/ensi/grove/workspace/packages/admin-ui-base/src/badge/types.ts","statementMap":{},"fnMap":{},"branchMap":{},"s":{},"f":{},"b":{},"meta":{"lastBranch":0,"lastFunction":0,"lastStatement":0,"seen":{},"fnNames":{}}}
,"/Users/kvzhukh/greensight/ensi/grove/workspace/packages/admin-ui-base/src/button/Component.tsx": {"path":"/Users/kvzhukh/greensight/ensi/grove/workspace/packages/admin-ui-base/src/button/Component.tsx","statementMap":{"0":{"start":{"line":12,"column":22},"end":{"line":45,"column":null}},"1":{"start":{"line":25,"column":22},"end":{"line":25,"column":null}},"2":{"start":{"line":27,"column":22},"end":{"line":30,"column":null}},"3":{"start":{"line":32,"column":4},"end":{"line":43,"column":null}}},"fnMap":{"0":{"name":"(anonymous_0)","decl":{"start":{"line":12,"column":22},"end":{"line":12,"column":57}},"loc":{"start":{"line":24,"column":23},"end":{"line":45,"column":null}},"line":24}},"branchMap":{"0":{"loc":{"start":{"line":14,"column":4},"end":{"line":14,"column":null}},"type":"default-arg","locations":[{"start":{"line":14,"column":11},"end":{"line":14,"column":null}}],"line":14},"1":{"loc":{"start":{"line":15,"column":4},"end":{"line":15,"column":null}},"type":"default-arg","locations":[{"start":{"line":15,"column":11},"end":{"line":15,"column":null}}],"line":15},"2":{"loc":{"start":{"line":16,"column":4},"end":{"line":16,"column":null}},"type":"default-arg","locations":[{"start":{"line":16,"column":14},"end":{"line":16,"column":null}}],"line":16},"3":{"loc":{"start":{"line":17,"column":4},"end":{"line":17,"column":null}},"type":"default-arg","locations":[{"start":{"line":17,"column":12},"end":{"line":17,"column":null}}],"line":17},"4":{"loc":{"start":{"line":25,"column":22},"end":{"line":25,"column":null}},"type":"binary-expr","locations":[{"start":{"line":25,"column":22},"end":{"line":25,"column":28}},{"start":{"line":25,"column":28},"end":{"line":25,"column":null}}],"line":25},"5":{"loc":{"start":{"line":29,"column":12},"end":{"line":29,"column":null}},"type":"binary-expr","locations":[{"start":{"line":29,"column":12},"end":{"line":29,"column":42}},{"start":{"line":29,"column":42},"end":{"line":29,"column":null}}],"line":29},"6":{"loc":{"start":{"line":34,"column":17},"end":{"line":34,"column":null}},"type":"cond-expr","locations":[{"start":{"line":34,"column":42},"end":{"line":34,"column":53}},{"start":{"line":34,"column":53},"end":{"line":34,"column":null}}],"line":34},"7":{"loc":{"start":{"line":40,"column":13},"end":{"line":40,"column":null}},"type":"cond-expr","locations":[{"start":{"line":40,"column":35},"end":{"line":40,"column":56}},{"start":{"line":40,"column":56},"end":{"line":40,"column":null}}],"line":40},"8":{"loc":{"start":{"line":40,"column":13},"end":{"line":40,"column":35}},"type":"binary-expr","locations":[{"start":{"line":40,"column":13},"end":{"line":40,"column":21}},{"start":{"line":40,"column":21},"end":{"line":40,"column":35}}],"line":40},"9":{"loc":{"start":{"line":42,"column":13},"end":{"line":42,"column":null}},"type":"cond-expr","locations":[{"start":{"line":42,"column":34},"end":{"line":42,"column":55}},{"start":{"line":42,"column":55},"end":{"line":42,"column":null}}],"line":42},"10":{"loc":{"start":{"line":42,"column":13},"end":{"line":42,"column":34}},"type":"binary-expr","locations":[{"start":{"line":42,"column":13},"end":{"line":42,"column":21}},{"start":{"line":42,"column":21},"end":{"line":42,"column":34}}],"line":42}},"s":{"0":3,"1":26,"2":26,"3":26},"f":{"0":26},"b":{"0":[26],"1":[26],"2":[26],"3":[26],"4":[26,25],"5":[26,0],"6":[25,1],"7":[1,25],"8":[26,2],"9":[1,25],"10":[26,2]},"meta":{"lastBranch":11,"lastFunction":1,"lastStatement":4,"seen":{"s:12:22:45:Infinity":0,"f:12:22:12:57":0,"b:14:11:14:Infinity":0,"b:15:11:15:Infinity":1,"b:16:14:16:Infinity":2,"b:17:12:17:Infinity":3,"s:25:22:25:Infinity":1,"b:25:22:25:28:25:28:25:Infinity":4,"s:27:22:30:Infinity":2,"b:29:12:29:42:29:42:29:Infinity":5,"s:32:4:43:Infinity":3,"b:34:42:34:53:34:53:34:Infinity":6,"b:40:35:40:56:40:56:40:Infinity":7,"b:40:13:40:21:40:21:40:35":8,"b:42:34:42:55:42:55:42:Infinity":9,"b:42:13:42:21:42:21:42:34":10},"fnNames":{}}}
,"/Users/kvzhukh/greensight/ensi/grove/workspace/packages/admin-ui-base/src/button/index.ts": {"path":"/Users/kvzhukh/greensight/ensi/grove/workspace/packages/admin-ui-base/src/button/index.ts","statementMap":{},"fnMap":{},"branchMap":{},"s":{},"f":{},"b":{},"meta":{"lastBranch":0,"lastFunction":0,"lastStatement":0,"seen":{},"fnNames":{}}}
,"/Users/kvzhukh/greensight/ensi/grove/workspace/packages/admin-ui-base/src/button/styles.module.css": {"path":"/Users/kvzhukh/greensight/ensi/grove/workspace/packages/admin-ui-base/src/button/styles.module.css","statementMap":{},"fnMap":{},"branchMap":{},"s":{},"f":{},"b":{},"meta":{"lastBranch":0,"lastFunction":0,"lastStatement":0,"seen":{},"fnNames":{}}}
,"/Users/kvzhukh/greensight/ensi/grove/workspace/packages/admin-ui-base/src/button/theme.ts": {"path":"/Users/kvzhukh/greensight/ensi/grove/workspace/packages/admin-ui-base/src/button/theme.ts","statementMap":{"0":{"start":{"line":5,"column":13},"end":{"line":25,"column":null}}},"fnMap":{},"branchMap":{},"s":{"0":3},"f":{},"b":{},"meta":{"lastBranch":0,"lastFunction":0,"lastStatement":1,"seen":{"s:5:13:25:Infinity":0},"fnNames":{}}}
,"/Users/kvzhukh/greensight/ensi/grove/workspace/packages/admin-ui-base/src/button/types.ts": {"path":"/Users/kvzhukh/greensight/ensi/grove/workspace/packages/admin-ui-base/src/button/types.ts","statementMap":{},"fnMap":{},"branchMap":{},"s":{},"f":{},"b":{},"meta":{"lastBranch":0,"lastFunction":0,"lastStatement":0,"seen":{},"fnNames":{}}}
,"/Users/kvzhukh/greensight/ensi/grove/workspace/packages/admin-ui-base/src/checkbox/Component.tsx": {"path":"/Users/kvzhukh/greensight/ensi/grove/workspace/packages/admin-ui-base/src/checkbox/Component.tsx","statementMap":{"0":{"start":{"line":11,"column":24},"end":{"line":49,"column":null}},"1":{"start":{"line":27,"column":4},"end":{"line":49,"column":null}},"2":{"start":{"line":52,"column":0},"end":{"line":52,"column":null}}},"fnMap":{"0":{"name":"(anonymous_0)","decl":{"start":{"line":11,"column":24},"end":{"line":11,"column":25}},"loc":{"start":{"line":27,"column":4},"end":{"line":49,"column":null}},"line":27}},"branchMap":{"0":{"loc":{"start":{"line":13,"column":4},"end":{"line":13,"column":null}},"type":"default-arg","locations":[{"start":{"line":13,"column":11},"end":{"line":13,"column":null}}],"line":13},"1":{"loc":{"start":{"line":14,"column":4},"end":{"line":14,"column":null}},"type":"default-arg","locations":[{"start":{"line":14,"column":14},"end":{"line":14,"column":null}}],"line":14},"2":{"loc":{"start":{"line":18,"column":4},"end":{"line":18,"column":null}},"type":"default-arg","locations":[{"start":{"line":18,"column":20},"end":{"line":18,"column":null}}],"line":18},"3":{"loc":{"start":{"line":21,"column":4},"end":{"line":21,"column":null}},"type":"default-arg","locations":[{"start":{"line":21,"column":14},"end":{"line":21,"column":null}}],"line":21},"4":{"loc":{"start":{"line":22,"column":4},"end":{"line":22,"column":null}},"type":"default-arg","locations":[{"start":{"line":22,"column":15},"end":{"line":22,"column":null}}],"line":22},"5":{"loc":{"start":{"line":39,"column":26},"end":{"line":39,"column":null}},"type":"binary-expr","locations":[{"start":{"line":39,"column":26},"end":{"line":39,"column":37}},{"start":{"line":39,"column":37},"end":{"line":39,"column":null}}],"line":39},"6":{"loc":{"start":{"line":47,"column":13},"end":{"line":47,"column":null}},"type":"cond-expr","locations":[{"start":{"line":47,"column":32},"end":{"line":47,"column":83}},{"start":{"line":47,"column":83},"end":{"line":47,"column":null}}],"line":47}},"s":{"0":4,"1":25,"2":4},"f":{"0":25},"b":{"0":[25],"1":[25],"2":[25],"3":[25],"4":[25],"5":[25,23],"6":[25,0]},"meta":{"lastBranch":7,"lastFunction":1,"lastStatement":3,"seen":{"s:11:24:49:Infinity":0,"f:11:24:11:25":0,"s:27:4:49:Infinity":1,"b:13:11:13:Infinity":0,"b:14:14:14:Infinity":1,"b:18:20:18:Infinity":2,"b:21:14:21:Infinity":3,"b:22:15:22:Infinity":4,"b:39:26:39:37:39:37:39:Infinity":5,"b:47:32:47:83:47:83:47:Infinity":6,"s:52:0:52:Infinity":2},"fnNames":{}}}
,"/Users/kvzhukh/greensight/ensi/grove/workspace/packages/admin-ui-base/src/checkbox/FormCheckbox.tsx": {"path":"/Users/kvzhukh/greensight/ensi/grove/workspace/packages/admin-ui-base/src/checkbox/FormCheckbox.tsx","statementMap":{"0":{"start":{"line":12,"column":28},"end":{"line":27,"column":null}},"1":{"start":{"line":13,"column":50},"end":{"line":13,"column":null}},"2":{"start":{"line":14,"column":85},"end":{"line":14,"column":null}},"3":{"start":{"line":16,"column":4},"end":{"line":25,"column":null}},"4":{"start":{"line":29,"column":28},"end":{"line":67,"column":null}},"5":{"start":{"line":40,"column":72},"end":{"line":40,"column":null}},"6":{"start":{"line":41,"column":10},"end":{"line":41,"column":null}},"7":{"start":{"line":42,"column":23},"end":{"line":42,"column":null}},"8":{"start":{"line":44,"column":4},"end":{"line":65,"column":null}},"9":{"start":{"line":58,"column":34},"end":{"line":58,"column":null}},"10":{"start":{"line":59,"column":30},"end":{"line":59,"column":null}},"11":{"start":{"line":69,"column":0},"end":{"line":69,"column":null}}},"fnMap":{"0":{"name":"(anonymous_0)","decl":{"start":{"line":12,"column":28},"end":{"line":12,"column":29}},"loc":{"start":{"line":12,"column":66},"end":{"line":27,"column":null}},"line":12},"1":{"name":"(anonymous_1)","decl":{"start":{"line":29,"column":28},"end":{"line":29,"column":29}},"loc":{"start":{"line":39,"column":26},"end":{"line":67,"column":null}},"line":39},"2":{"name":"(anonymous_2)","decl":{"start":{"line":58,"column":26},"end":{"line":58,"column":34}},"loc":{"start":{"line":58,"column":34},"end":{"line":58,"column":null}},"line":58},"3":{"name":"(anonymous_3)","decl":{"start":{"line":59,"column":24},"end":{"line":59,"column":30}},"loc":{"start":{"line":59,"column":30},"end":{"line":59,"column":null}},"line":59}},"branchMap":{"0":{"loc":{"start":{"line":32,"column":4},"end":{"line":32,"column":null}},"type":"default-arg","locations":[{"start":{"line":32,"column":11},"end":{"line":32,"column":null}}],"line":32},"1":{"loc":{"start":{"line":33,"column":4},"end":{"line":33,"column":null}},"type":"default-arg","locations":[{"start":{"line":33,"column":12},"end":{"line":33,"column":null}}],"line":33},"2":{"loc":{"start":{"line":42,"column":23},"end":{"line":42,"column":null}},"type":"binary-expr","locations":[{"start":{"line":42,"column":23},"end":{"line":42,"column":35}},{"start":{"line":42,"column":35},"end":{"line":42,"column":null}}],"line":42},"3":{"loc":{"start":{"line":63,"column":13},"end":{"line":63,"column":null}},"type":"cond-expr","locations":[{"start":{"line":63,"column":20},"end":{"line":63,"column":54}},{"start":{"line":63,"column":54},"end":{"line":63,"column":null}}],"line":63}},"s":{"0":4,"1":11,"2":11,"3":11,"4":4,"5":11,"6":11,"7":11,"8":11,"9":1,"10":1,"11":4},"f":{"0":11,"1":11,"2":1,"3":1},"b":{"0":[11],"1":[11],"2":[11,11],"3":[2,9]},"meta":{"lastBranch":4,"lastFunction":4,"lastStatement":12,"seen":{"s:12:28:27:Infinity":0,"f:12:28:12:29":0,"s:13:50:13:Infinity":1,"s:14:85:14:Infinity":2,"s:16:4:25:Infinity":3,"s:29:28:67:Infinity":4,"f:29:28:29:29":1,"b:32:11:32:Infinity":0,"b:33:12:33:Infinity":1,"s:40:72:40:Infinity":5,"s:41:10:41:Infinity":6,"s:42:23:42:Infinity":7,"b:42:23:42:35:42:35:42:Infinity":2,"s:44:4:65:Infinity":8,"f:58:26:58:34":2,"s:58:34:58:Infinity":9,"f:59:24:59:30":3,"s:59:30:59:Infinity":10,"b:63:20:63:54:63:54:63:Infinity":3,"s:69:0:69:Infinity":11},"fnNames":{}}}
,"/Users/kvzhukh/greensight/ensi/grove/workspace/packages/admin-ui-base/src/checkbox/index.ts": {"path":"/Users/kvzhukh/greensight/ensi/grove/workspace/packages/admin-ui-base/src/checkbox/index.ts","statementMap":{},"fnMap":{},"branchMap":{},"s":{},"f":{},"b":{},"meta":{"lastBranch":0,"lastFunction":0,"lastStatement":0,"seen":{},"fnNames":{}}}
,"/Users/kvzhukh/greensight/ensi/grove/workspace/packages/admin-ui-base/src/checkbox/styles.module.css": {"path":"/Users/kvzhukh/greensight/ensi/grove/workspace/packages/admin-ui-base/src/checkbox/styles.module.css","statementMap":{},"fnMap":{},"branchMap":{},"s":{},"f":{},"b":{},"meta":{"lastBranch":0,"lastFunction":0,"lastStatement":0,"seen":{},"fnNames":{}}}
,"/Users/kvzhukh/greensight/ensi/grove/workspace/packages/admin-ui-base/src/checkbox/theme.ts": {"path":"/Users/kvzhukh/greensight/ensi/grove/workspace/packages/admin-ui-base/src/checkbox/theme.ts","statementMap":{"0":{"start":{"line":8,"column":13},"end":{"line":23,"column":null}}},"fnMap":{},"branchMap":{},"s":{"0":4},"f":{},"b":{},"meta":{"lastBranch":0,"lastFunction":0,"lastStatement":1,"seen":{"s:8:13:23:Infinity":0},"fnNames":{}}}
,"/Users/kvzhukh/greensight/ensi/grove/workspace/packages/admin-ui-base/src/checkbox/types.ts": {"path":"/Users/kvzhukh/greensight/ensi/grove/workspace/packages/admin-ui-base/src/checkbox/types.ts","statementMap":{},"fnMap":{},"branchMap":{},"s":{},"f":{},"b":{},"meta":{"lastBranch":0,"lastFunction":0,"lastStatement":0,"seen":{},"fnNames":{}}}
,"/Users/kvzhukh/greensight/ensi/grove/workspace/packages/admin-ui-base/src/checkbox-group/Component.tsx": {"path":"/Users/kvzhukh/greensight/ensi/grove/workspace/packages/admin-ui-base/src/checkbox-group/Component.tsx","statementMap":{"0":{"start":{"line":8,"column":29},"end":{"line":35,"column":null}},"1":{"start":{"line":21,"column":4},"end":{"line":35,"column":null}},"2":{"start":{"line":38,"column":0},"end":{"line":38,"column":null}}},"fnMap":{"0":{"name":"(anonymous_0)","decl":{"start":{"line":8,"column":29},"end":{"line":8,"column":30}},"loc":{"start":{"line":21,"column":4},"end":{"line":35,"column":null}},"line":21}},"branchMap":{"0":{"loc":{"start":{"line":14,"column":4},"end":{"line":14,"column":null}},"type":"default-arg","locations":[{"start":{"line":14,"column":11},"end":{"line":14,"column":null}}],"line":14},"1":{"loc":{"start":{"line":15,"column":4},"end":{"line":15,"column":null}},"type":"default-arg","locations":[{"start":{"line":15,"column":14},"end":{"line":15,"column":null}}],"line":15},"2":{"loc":{"start":{"line":16,"column":4},"end":{"line":16,"column":null}},"type":"default-arg","locations":[{"start":{"line":16,"column":15},"end":{"line":16,"column":null}}],"line":16},"3":{"loc":{"start":{"line":29,"column":22},"end":{"line":29,"column":null}},"type":"binary-expr","locations":[{"start":{"line":29,"column":22},"end":{"line":29,"column":33}},{"start":{"line":29,"column":33},"end":{"line":29,"column":null}}],"line":29}},"s":{"0":2,"1":10,"2":2},"f":{"0":10},"b":{"0":[10],"1":[10],"2":[10],"3":[10,9]},"meta":{"lastBranch":4,"lastFunction":1,"lastStatement":3,"seen":{"s:8:29:35:Infinity":0,"f:8:29:8:30":0,"s:21:4:35:Infinity":1,"b:14:11:14:Infinity":0,"b:15:14:15:Infinity":1,"b:16:15:16:Infinity":2,"b:29:22:29:33:29:33:29:Infinity":3,"s:38:0:38:Infinity":2},"fnNames":{}}}
,"/Users/kvzhukh/greensight/ensi/grove/workspace/packages/admin-ui-base/src/checkbox-group/FormCheckboxGroup.tsx": {"path":"/Users/kvzhukh/greensight/ensi/grove/workspace/packages/admin-ui-base/src/checkbox-group/FormCheckboxGroup.tsx","statementMap":{"0":{"start":{"line":12,"column":33},"end":{"line":16,"column":null}},"1":{"start":{"line":13,"column":50},"end":{"line":13,"column":null}},"2":{"start":{"line":15,"column":4},"end":{"line":15,"column":null}},"3":{"start":{"line":18,"column":33},"end":{"line":58,"column":null}},"4":{"start":{"line":30,"column":72},"end":{"line":30,"column":null}},"5":{"start":{"line":31,"column":10},"end":{"line":31,"column":null}},"6":{"start":{"line":32,"column":23},"end":{"line":32,"column":null}},"7":{"start":{"line":34,"column":4},"end":{"line":56,"column":null}},"8":{"start":{"line":49,"column":34},"end":{"line":49,"column":null}},"9":{"start":{"line":50,"column":30},"end":{"line":50,"column":null}},"10":{"start":{"line":60,"column":0},"end":{"line":60,"column":null}}},"fnMap":{"0":{"name":"(anonymous_0)","decl":{"start":{"line":12,"column":33},"end":{"line":12,"column":34}},"loc":{"start":{"line":12,"column":76},"end":{"line":16,"column":null}},"line":12},"1":{"name":"(anonymous_1)","decl":{"start":{"line":18,"column":33},"end":{"line":18,"column":34}},"loc":{"start":{"line":29,"column":31},"end":{"line":58,"column":null}},"line":29},"2":{"name":"(anonymous_2)","decl":{"start":{"line":49,"column":26},"end":{"line":49,"column":34}},"loc":{"start":{"line":49,"column":34},"end":{"line":49,"column":null}},"line":49},"3":{"name":"(anonymous_3)","decl":{"start":{"line":50,"column":24},"end":{"line":50,"column":30}},"loc":{"start":{"line":50,"column":30},"end":{"line":50,"column":null}},"line":50}},"branchMap":{"0":{"loc":{"start":{"line":22,"column":4},"end":{"line":22,"column":null}},"type":"default-arg","locations":[{"start":{"line":22,"column":11},"end":{"line":22,"column":null}}],"line":22},"1":{"loc":{"start":{"line":23,"column":4},"end":{"line":23,"column":null}},"type":"default-arg","locations":[{"start":{"line":23,"column":12},"end":{"line":23,"column":null}}],"line":23},"2":{"loc":{"start":{"line":32,"column":23},"end":{"line":32,"column":null}},"type":"binary-expr","locations":[{"start":{"line":32,"column":23},"end":{"line":32,"column":35}},{"start":{"line":32,"column":35},"end":{"line":32,"column":null}}],"line":32},"3":{"loc":{"start":{"line":43,"column":13},"end":{"line":43,"column":null}},"type":"cond-expr","locations":[{"start":{"line":43,"column":21},"end":{"line":43,"column":58}},{"start":{"line":43,"column":58},"end":{"line":43,"column":null}}],"line":43},"4":{"loc":{"start":{"line":48,"column":24},"end":{"line":48,"column":null}},"type":"binary-expr","locations":[{"start":{"line":48,"column":24},"end":{"line":48,"column":64}},{"start":{"line":48,"column":64},"end":{"line":48,"column":null}}],"line":48},"5":{"loc":{"start":{"line":54,"column":13},"end":{"line":54,"column":null}},"type":"cond-expr","locations":[{"start":{"line":54,"column":20},"end":{"line":54,"column":54}},{"start":{"line":54,"column":54},"end":{"line":54,"column":null}}],"line":54}},"s":{"0":2,"1":7,"2":7,"3":2,"4":7,"5":7,"6":7,"7":7,"8":2,"9":1,"10":2},"f":{"0":7,"1":7,"2":2,"3":1},"b":{"0":[7],"1":[7],"2":[7,7],"3":[7,0],"4":[7,0],"5":[0,7]},"meta":{"lastBranch":6,"lastFunction":4,"lastStatement":11,"seen":{"s:12:33:16:Infinity":0,"f:12:33:12:34":0,"s:13:50:13:Infinity":1,"s:15:4:15:Infinity":2,"s:18:33:58:Infinity":3,"f:18:33:18:34":1,"b:22:11:22:Infinity":0,"b:23:12:23:Infinity":1,"s:30:72:30:Infinity":4,"s:31:10:31:Infinity":5,"s:32:23:32:Infinity":6,"b:32:23:32:35:32:35:32:Infinity":2,"s:34:4:56:Infinity":7,"b:43:21:43:58:43:58:43:Infinity":3,"b:48:24:48:64:48:64:48:Infinity":4,"f:49:26:49:34":2,"s:49:34:49:Infinity":8,"f:50:24:50:30":3,"s:50:30:50:Infinity":9,"b:54:20:54:54:54:54:54:Infinity":5,"s:60:0:60:Infinity":10},"fnNames":{}}}
,"/Users/kvzhukh/greensight/ensi/grove/workspace/packages/admin-ui-base/src/checkbox-group/index.ts": {"path":"/Users/kvzhukh/greensight/ensi/grove/workspace/packages/admin-ui-base/src/checkbox-group/index.ts","statementMap":{},"fnMap":{},"branchMap":{},"s":{},"f":{},"b":{},"meta":{"lastBranch":0,"lastFunction":0,"lastStatement":0,"seen":{},"fnNames":{}}}
,"/Users/kvzhukh/greensight/ensi/grove/workspace/packages/admin-ui-base/src/checkbox-group/styles.module.css": {"path":"/Users/kvzhukh/greensight/ensi/grove/workspace/packages/admin-ui-base/src/checkbox-group/styles.module.css","statementMap":{},"fnMap":{},"branchMap":{},"s":{},"f":{},"b":{},"meta":{"lastBranch":0,"lastFunction":0,"lastStatement":0,"seen":{},"fnNames":{}}}
,"/Users/kvzhukh/greensight/ensi/grove/workspace/packages/admin-ui-base/src/checkbox-group/types.ts": {"path":"/Users/kvzhukh/greensight/ensi/grove/workspace/packages/admin-ui-base/src/checkbox-group/types.ts","statementMap":{},"fnMap":{},"branchMap":{},"s":{},"f":{},"b":{},"meta":{"lastBranch":0,"lastFunction":0,"lastStatement":0,"seen":{},"fnNames":{}}}
,"/Users/kvzhukh/greensight/ensi/grove/workspace/packages/admin-ui-base/src/drawer/Component.tsx": {"path":"/Users/kvzhukh/greensight/ensi/grove/workspace/packages/admin-ui-base/src/drawer/Component.tsx","statementMap":{"0":{"start":{"line":16,"column":27},"end":{"line":28,"column":null}},"1":{"start":{"line":25,"column":4},"end":{"line":25,"column":null}},"2":{"start":{"line":27,"column":4},"end":{"line":27,"column":null}},"3":{"start":{"line":30,"column":19},"end":{"line":75,"column":null}},"4":{"start":{"line":46,"column":4},"end":{"line":75,"column":null}},"5":{"start":{"line":55,"column":12},"end":{"line":73,"column":null}},"6":{"start":{"line":78,"column":0},"end":{"line":78,"column":null}},"7":{"start":{"line":80,"column":22},"end":{"line":86,"column":null}}},"fnMap":{"0":{"name":"(anonymous_0)","decl":{"start":{"line":16,"column":27},"end":{"line":16,"column":28}},"loc":{"start":{"line":24,"column":6},"end":{"line":28,"column":null}},"line":24},"1":{"name":"(anonymous_1)","decl":{"start":{"line":30,"column":19},"end":{"line":30,"column":20}},"loc":{"start":{"line":46,"column":4},"end":{"line":75,"column":null}},"line":46},"2":{"name":"(anonymous_2)","decl":{"start":{"line":54,"column":9},"end":{"line":54,"column":10}},"loc":{"start":{"line":55,"column":12},"end":{"line":73,"column":null}},"line":55}},"branchMap":{"0":{"loc":{"start":{"line":36,"column":4},"end":{"line":36,"column":null}},"type":"default-arg","locations":[{"start":{"line":36,"column":11},"end":{"line":36,"column":null}}],"line":36},"1":{"loc":{"start":{"line":37,"column":4},"end":{"line":37,"column":null}},"type":"default-arg","locations":[{"start":{"line":37,"column":14},"end":{"line":37,"column":null}}],"line":37},"2":{"loc":{"start":{"line":38,"column":4},"end":{"line":38,"column":null}},"type":"default-arg","locations":[{"start":{"line":38,"column":16},"end":{"line":38,"column":null}}],"line":38},"3":{"loc":{"start":{"line":39,"column":4},"end":{"line":39,"column":null}},"type":"default-arg","locations":[{"start":{"line":39,"column":17},"end":{"line":39,"column":null}}],"line":39},"4":{"loc":{"start":{"line":40,"column":4},"end":{"line":40,"column":null}},"type":"default-arg","locations":[{"start":{"line":40,"column":18},"end":{"line":40,"column":null}}],"line":40},"5":{"loc":{"start":{"line":41,"column":4},"end":{"line":41,"column":null}},"type":"default-arg","locations":[{"start":{"line":41,"column":26},"end":{"line":41,"column":null}}],"line":41},"6":{"loc":{"start":{"line":61,"column":34},"end":{"line":61,"column":null}},"type":"cond-expr","locations":[{"start":{"line":61,"column":47},"end":{"line":61,"column":59}},{"start":{"line":61,"column":59},"end":{"line":61,"column":null}}],"line":61}},"s":{"0":1,"1":12,"2":12,"3":1,"4":8,"5":12,"6":1,"7":1},"f":{"0":12,"1":8,"2":12},"b":{"0":[8],"1":[8],"2":[8],"3":[8],"4":[8],"5":[8],"6":[2,10]},"meta":{"lastBranch":7,"lastFunction":3,"lastStatement":8,"seen":{"s:16:27:28:Infinity":0,"f:16:27:16:28":0,"s:25:4:25:Infinity":1,"s:27:4:27:Infinity":2,"s:30:19:75:Infinity":3,"f:30:19:30:20":1,"s:46:4:75:Infinity":4,"b:36:11:36:Infinity":0,"b:37:14:37:Infinity":1,"b:38:16:38:Infinity":2,"b:39:17:39:Infinity":3,"b:40:18:40:Infinity":4,"b:41:26:41:Infinity":5,"f:54:9:54:10":2,"s:55:12:73:Infinity":5,"b:61:47:61:59:61:59:61:Infinity":6,"s:78:0:78:Infinity":6,"s:80:22:86:Infinity":7},"fnNames":{}}}
,"/Users/kvzhukh/greensight/ensi/grove/workspace/packages/admin-ui-base/src/drawer/index.ts": {"path":"/Users/kvzhukh/greensight/ensi/grove/workspace/packages/admin-ui-base/src/drawer/index.ts","statementMap":{},"fnMap":{},"branchMap":{},"s":{},"f":{},"b":{},"meta":{"lastBranch":0,"lastFunction":0,"lastStatement":0,"seen":{},"fnNames":{}}}
,"/Users/kvzhukh/greensight/ensi/grove/workspace/packages/admin-ui-base/src/drawer/styles.module.css": {"path":"/Users/kvzhukh/greensight/ensi/grove/workspace/packages/admin-ui-base/src/drawer/styles.module.css","statementMap":{},"fnMap":{},"branchMap":{},"s":{},"f":{},"b":{},"meta":{"lastBranch":0,"lastFunction":0,"lastStatement":0,"seen":{},"fnNames":{}}}
,"/Users/kvzhukh/greensight/ensi/grove/workspace/packages/admin-ui-base/src/drawer/theme.ts": {"path":"/Users/kvzhukh/greensight/ensi/grove/workspace/packages/admin-ui-base/src/drawer/theme.ts","statementMap":{"0":{"start":{"line":5,"column":13},"end":{"line":15,"column":null}},"1":{"start":{"line":17,"column":13},"end":{"line":42,"column":null}}},"fnMap":{},"branchMap":{},"s":{"0":1,"1":1},"f":{},"b":{},"meta":{"lastBranch":0,"lastFunction":0,"lastStatement":2,"seen":{"s:5:13:15:Infinity":0,"s:17:13:42:Infinity":1},"fnNames":{}}}
,"/Users/kvzhukh/greensight/ensi/grove/workspace/packages/admin-ui-base/src/drawer/types.ts": {"path":"/Users/kvzhukh/greensight/ensi/grove/workspace/packages/admin-ui-base/src/drawer/types.ts","statementMap":{},"fnMap":{},"branchMap":{},"s":{},"f":{},"b":{},"meta":{"lastBranch":0,"lastFunction":0,"lastStatement":0,"seen":{},"fnNames":{}}}
,"/Users/kvzhukh/greensight/ensi/grove/workspace/packages/admin-ui-base/src/drawer/components/Body/index.tsx": {"path":"/Users/kvzhukh/greensight/ensi/grove/workspace/packages/admin-ui-base/src/drawer/components/Body/index.tsx","statementMap":{"0":{"start":{"line":7,"column":26},"end":{"line":10,"column":null}},"1":{"start":{"line":8,"column":4},"end":{"line":10,"column":null}},"2":{"start":{"line":13,"column":0},"end":{"line":13,"column":null}}},"fnMap":{"0":{"name":"(anonymous_0)","decl":{"start":{"line":7,"column":26},"end":{"line":7,"column":27}},"loc":{"start":{"line":8,"column":4},"end":{"line":10,"column":null}},"line":8}},"branchMap":{},"s":{"0":1,"1":7,"2":1},"f":{"0":7},"b":{},"meta":{"lastBranch":0,"lastFunction":1,"lastStatement":3,"seen":{"s:7:26:10:Infinity":0,"f:7:26:7:27":0,"s:8:4:10:Infinity":1,"s:13:0:13:Infinity":2},"fnNames":{}}}
,"/Users/kvzhukh/greensight/ensi/grove/workspace/packages/admin-ui-base/src/drawer/components/Body/styles.module.css": {"path":"/Users/kvzhukh/greensight/ensi/grove/workspace/packages/admin-ui-base/src/drawer/components/Body/styles.module.css","statementMap":{},"fnMap":{},"branchMap":{},"s":{},"f":{},"b":{},"meta":{"lastBranch":0,"lastFunction":0,"lastStatement":0,"seen":{},"fnNames":{}}}
,"/Users/kvzhukh/greensight/ensi/grove/workspace/packages/admin-ui-base/src/drawer/components/Body/types.ts": {"path":"/Users/kvzhukh/greensight/ensi/grove/workspace/packages/admin-ui-base/src/drawer/components/Body/types.ts","statementMap":{},"fnMap":{},"branchMap":{},"s":{},"f":{},"b":{},"meta":{"lastBranch":0,"lastFunction":0,"lastStatement":0,"seen":{},"fnNames":{}}}
,"/Users/kvzhukh/greensight/ensi/grove/workspace/packages/admin-ui-base/src/drawer/components/CloseButton/index.tsx": {"path":"/Users/kvzhukh/greensight/ensi/grove/workspace/packages/admin-ui-base/src/drawer/components/CloseButton/index.tsx","statementMap":{"0":{"start":{"line":13,"column":33},"end":{"line":34,"column":null}},"1":{"start":{"line":14,"column":18},"end":{"line":14,"column":null}},"2":{"start":{"line":15,"column":10},"end":{"line":15,"column":null}},"3":{"start":{"line":17,"column":4},"end":{"line":32,"column":null}},"4":{"start":{"line":25,"column":16},"end":{"line":25,"column":null}},"5":{"start":{"line":26,"column":16},"end":{"line":28,"column":null}},"6":{"start":{"line":27,"column":20},"end":{"line":27,"column":null}},"7":{"start":{"line":36,"column":0},"end":{"line":36,"column":null}}},"fnMap":{"0":{"name":"(anonymous_0)","decl":{"start":{"line":13,"column":33},"end":{"line":13,"column":34}},"loc":{"start":{"line":13,"column":108},"end":{"line":34,"column":null}},"line":13},"1":{"name":"(anonymous_1)","decl":{"start":{"line":24,"column":21},"end":{"line":24,"column":30}},"loc":{"start":{"line":24,"column":30},"end":{"line":29,"column":null}},"line":24}},"branchMap":{"0":{"loc":{"start":{"line":26,"column":16},"end":{"line":28,"column":null}},"type":"if","locations":[{"start":{"line":26,"column":16},"end":{"line":28,"column":null}},{"start":{},"end":{}}],"line":26}},"s":{"0":1,"1":7,"2":7,"3":7,"4":1,"5":1,"6":1,"7":1},"f":{"0":7,"1":1},"b":{"0":[1,0]},"meta":{"lastBranch":1,"lastFunction":2,"lastStatement":8,"seen":{"s:13:33:34:Infinity":0,"f:13:33:13:34":0,"s:14:18:14:Infinity":1,"s:15:10:15:Infinity":2,"s:17:4:32:Infinity":3,"f:24:21:24:30":1,"s:25:16:25:Infinity":4,"b:26:16:28:Infinity:undefined:undefined:undefined:undefined":0,"s:26:16:28:Infinity":5,"s:27:20:27:Infinity":6,"s:36:0:36:Infinity":7},"fnNames":{}}}
,"/Users/kvzhukh/greensight/ensi/grove/workspace/packages/admin-ui-base/src/drawer/components/CloseButton/styles.module.css": {"path":"/Users/kvzhukh/greensight/ensi/grove/workspace/packages/admin-ui-base/src/drawer/components/CloseButton/styles.module.css","statementMap":{},"fnMap":{},"branchMap":{},"s":{},"f":{},"b":{},"meta":{"lastBranch":0,"lastFunction":0,"lastStatement":0,"seen":{},"fnNames":{}}}
,"/Users/kvzhukh/greensight/ensi/grove/workspace/packages/admin-ui-base/src/drawer/components/CloseButton/types.ts": {"path":"/Users/kvzhukh/greensight/ensi/grove/workspace/packages/admin-ui-base/src/drawer/components/CloseButton/types.ts","statementMap":{},"fnMap":{},"branchMap":{},"s":{},"f":{},"b":{},"meta":{"lastBranch":0,"lastFunction":0,"lastStatement":0,"seen":{},"fnNames":{}}}
,"/Users/kvzhukh/greensight/ensi/grove/workspace/packages/admin-ui-base/src/drawer/components/Footer/index.tsx": {"path":"/Users/kvzhukh/greensight/ensi/grove/workspace/packages/admin-ui-base/src/drawer/components/Footer/index.tsx","statementMap":{"0":{"start":{"line":7,"column":28},"end":{"line":10,"column":null}},"1":{"start":{"line":8,"column":4},"end":{"line":10,"column":null}},"2":{"start":{"line":13,"column":0},"end":{"line":13,"column":null}}},"fnMap":{"0":{"name":"(anonymous_0)","decl":{"start":{"line":7,"column":28},"end":{"line":7,"column":29}},"loc":{"start":{"line":8,"column":4},"end":{"line":10,"column":null}},"line":8}},"branchMap":{},"s":{"0":1,"1":7,"2":1},"f":{"0":7},"b":{},"meta":{"lastBranch":0,"lastFunction":1,"lastStatement":3,"seen":{"s:7:28:10:Infinity":0,"f:7:28:7:29":0,"s:8:4:10:Infinity":1,"s:13:0:13:Infinity":2},"fnNames":{}}}
,"/Users/kvzhukh/greensight/ensi/grove/workspace/packages/admin-ui-base/src/drawer/components/Footer/styles.module.css": {"path":"/Users/kvzhukh/greensight/ensi/grove/workspace/packages/admin-ui-base/src/drawer/components/Footer/styles.module.css","statementMap":{},"fnMap":{},"branchMap":{},"s":{},"f":{},"b":{},"meta":{"lastBranch":0,"lastFunction":0,"lastStatement":0,"seen":{},"fnNames":{}}}
,"/Users/kvzhukh/greensight/ensi/grove/workspace/packages/admin-ui-base/src/drawer/components/Footer/types.ts": {"path":"/Users/kvzhukh/greensight/ensi/grove/workspace/packages/admin-ui-base/src/drawer/components/Footer/types.ts","statementMap":{},"fnMap":{},"branchMap":{},"s":{},"f":{},"b":{},"meta":{"lastBranch":0,"lastFunction":0,"lastStatement":0,"seen":{},"fnNames":{}}}
,"/Users/kvzhukh/greensight/ensi/grove/workspace/packages/admin-ui-base/src/drawer/components/Header/index.tsx": {"path":"/Users/kvzhukh/greensight/ensi/grove/workspace/packages/admin-ui-base/src/drawer/components/Header/index.tsx","statementMap":{"0":{"start":{"line":7,"column":28},"end":{"line":10,"column":null}},"1":{"start":{"line":8,"column":4},"end":{"line":10,"column":null}},"2":{"start":{"line":13,"column":0},"end":{"line":13,"column":null}}},"fnMap":{"0":{"name":"(anonymous_0)","decl":{"start":{"line":7,"column":28},"end":{"line":7,"column":29}},"loc":{"start":{"line":8,"column":4},"end":{"line":10,"column":null}},"line":8}},"branchMap":{},"s":{"0":1,"1":7,"2":1},"f":{"0":7},"b":{},"meta":{"lastBranch":0,"lastFunction":1,"lastStatement":3,"seen":{"s:7:28:10:Infinity":0,"f:7:28:7:29":0,"s:8:4:10:Infinity":1,"s:13:0:13:Infinity":2},"fnNames":{}}}
,"/Users/kvzhukh/greensight/ensi/grove/workspace/packages/admin-ui-base/src/drawer/components/Header/styles.module.css": {"path":"/Users/kvzhukh/greensight/ensi/grove/workspace/packages/admin-ui-base/src/drawer/components/Header/styles.module.css","statementMap":{},"fnMap":{},"branchMap":{},"s":{},"f":{},"b":{},"meta":{"lastBranch":0,"lastFunction":0,"lastStatement":0,"seen":{},"fnNames":{}}}
,"/Users/kvzhukh/greensight/ensi/grove/workspace/packages/admin-ui-base/src/drawer/components/Header/types.ts": {"path":"/Users/kvzhukh/greensight/ensi/grove/workspace/packages/admin-ui-base/src/drawer/components/Header/types.ts","statementMap":{},"fnMap":{},"branchMap":{},"s":{},"f":{},"b":{},"meta":{"lastBranch":0,"lastFunction":0,"lastStatement":0,"seen":{},"fnNames":{}}}
,"/Users/kvzhukh/greensight/ensi/grove/workspace/packages/admin-ui-base/src/drawer/components/Title/index.tsx": {"path":"/Users/kvzhukh/greensight/ensi/grove/workspace/packages/admin-ui-base/src/drawer/components/Title/index.tsx","statementMap":{"0":{"start":{"line":7,"column":27},"end":{"line":10,"column":null}},"1":{"start":{"line":8,"column":4},"end":{"line":10,"column":null}},"2":{"start":{"line":13,"column":0},"end":{"line":13,"column":null}}},"fnMap":{"0":{"name":"(anonymous_0)","decl":{"start":{"line":7,"column":27},"end":{"line":7,"column":28}},"loc":{"start":{"line":8,"column":4},"end":{"line":10,"column":null}},"line":8}},"branchMap":{},"s":{"0":1,"1":7,"2":1},"f":{"0":7},"b":{},"meta":{"lastBranch":0,"lastFunction":1,"lastStatement":3,"seen":{"s:7:27:10:Infinity":0,"f:7:27:7:28":0,"s:8:4:10:Infinity":1,"s:13:0:13:Infinity":2},"fnNames":{}}}
,"/Users/kvzhukh/greensight/ensi/grove/workspace/packages/admin-ui-base/src/drawer/components/Title/styles.module.css": {"path":"/Users/kvzhukh/greensight/ensi/grove/workspace/packages/admin-ui-base/src/drawer/components/Title/styles.module.css","statementMap":{},"fnMap":{},"branchMap":{},"s":{},"f":{},"b":{},"meta":{"lastBranch":0,"lastFunction":0,"lastStatement":0,"seen":{},"fnNames":{}}}
,"/Users/kvzhukh/greensight/ensi/grove/workspace/packages/admin-ui-base/src/drawer/components/Title/theme.ts": {"path":"/Users/kvzhukh/greensight/ensi/grove/workspace/packages/admin-ui-base/src/drawer/components/Title/theme.ts","statementMap":{"0":{"start":{"line":7,"column":13},"end":{"line":7,"column":null}}},"fnMap":{},"branchMap":{},"s":{"0":1},"f":{},"b":{},"meta":{"lastBranch":0,"lastFunction":0,"lastStatement":1,"seen":{"s:7:13:7:Infinity":0},"fnNames":{}}}
,"/Users/kvzhukh/greensight/ensi/grove/workspace/packages/admin-ui-base/src/drawer/components/Title/types.ts": {"path":"/Users/kvzhukh/greensight/ensi/grove/workspace/packages/admin-ui-base/src/drawer/components/Title/types.ts","statementMap":{},"fnMap":{},"branchMap":{},"s":{},"f":{},"b":{},"meta":{"lastBranch":0,"lastFunction":0,"lastStatement":0,"seen":{},"fnNames":{}}}
,"/Users/kvzhukh/greensight/ensi/grove/workspace/packages/admin-ui-base/src/ds/common/index.ts": {"path":"/Users/kvzhukh/greensight/ensi/grove/workspace/packages/admin-ui-base/src/ds/common/index.ts","statementMap":{},"fnMap":{},"branchMap":{},"s":{},"f":{},"b":{},"meta":{"lastBranch":0,"lastFunction":0,"lastStatement":0,"seen":{},"fnNames":{}}}
,"/Users/kvzhukh/greensight/ensi/grove/workspace/packages/admin-ui-base/src/ds/common/utils.ts": {"path":"/Users/kvzhukh/greensight/ensi/grove/workspace/packages/admin-ui-base/src/ds/common/utils.ts","statementMap":{"0":{"start":{"line":1,"column":25},"end":{"line":7,"column":null}},"1":{"start":{"line":2,"column":4},"end":{"line":4,"column":null}},"2":{"start":{"line":3,"column":8},"end":{"line":3,"column":null}},"3":{"start":{"line":6,"column":4},"end":{"line":6,"column":null}}},"fnMap":{"0":{"name":"(anonymous_0)","decl":{"start":{"line":1,"column":25},"end":{"line":1,"column":26}},"loc":{"start":{"line":1,"column":85},"end":{"line":7,"column":null}},"line":1}},"branchMap":{"0":{"loc":{"start":{"line":2,"column":4},"end":{"line":4,"column":null}},"type":"if","locations":[{"start":{"line":2,"column":4},"end":{"line":4,"column":null}},{"start":{},"end":{}}],"line":2},"1":{"loc":{"start":{"line":6,"column":11},"end":{"line":6,"column":null}},"type":"cond-expr","locations":[{"start":{"line":6,"column":39},"end":{"line":6,"column":54}},{"start":{"line":6,"column":54},"end":{"line":6,"column":null}}],"line":6}},"s":{"0":5,"1":4,"2":1,"3":3},"f":{"0":4},"b":{"0":[1,3],"1":[2,1]},"meta":{"lastBranch":2,"lastFunction":1,"lastStatement":4,"seen":{"s:1:25:7:Infinity":0,"f:1:25:1:26":0,"b:2:4:4:Infinity:undefined:undefined:undefined:undefined":0,"s:2:4:4:Infinity":1,"s:3:8:3:Infinity":2,"s:6:4:6:Infinity":3,"b:6:39:6:54:6:54:6:Infinity":1},"fnNames":{}}}
,"/Users/kvzhukh/greensight/ensi/grove/workspace/packages/admin-ui-base/src/ds/typography/index.ts": {"path":"/Users/kvzhukh/greensight/ensi/grove/workspace/packages/admin-ui-base/src/ds/typography/index.ts","statementMap":{},"fnMap":{},"branchMap":{},"s":{},"f":{},"b":{},"meta":{"lastBranch":0,"lastFunction":0,"lastStatement":0,"seen":{},"fnNames":{}}}
,"/Users/kvzhukh/greensight/ensi/grove/workspace/packages/admin-ui-base/src/ds/typography/styles.module.css": {"path":"/Users/kvzhukh/greensight/ensi/grove/workspace/packages/admin-ui-base/src/ds/typography/styles.module.css","statementMap":{},"fnMap":{},"branchMap":{},"s":{},"f":{},"b":{},"meta":{"lastBranch":0,"lastFunction":0,"lastStatement":0,"seen":{},"fnNames":{}}}
,"/Users/kvzhukh/greensight/ensi/grove/workspace/packages/admin-ui-base/src/field/Component.tsx": {"path":"/Users/kvzhukh/greensight/ensi/grove/workspace/packages/admin-ui-base/src/field/Component.tsx","statementMap":{"0":{"start":{"line":12,"column":18},"end":{"line":69,"column":null}},"1":{"start":{"line":23,"column":10},"end":{"line":23,"column":null}},"2":{"start":{"line":24,"column":15},"end":{"line":24,"column":null}},"3":{"start":{"line":25,"column":20},"end":{"line":25,"column":null}},"4":{"start":{"line":26,"column":19},"end":{"line":26,"column":null}},"5":{"start":{"line":27,"column":20},"end":{"line":27,"column":null}},"6":{"start":{"line":29,"column":10},"end":{"line":38,"column":null}},"7":{"start":{"line":30,"column":15},"end":{"line":36,"column":null}},"8":{"start":{"line":40,"column":10},"end":{"line":52,"column":null}},"9":{"start":{"line":41,"column":15},"end":{"line":50,"column":null}},"10":{"start":{"line":54,"column":4},"end":{"line":67,"column":null}},"11":{"start":{"line":71,"column":0},"end":{"line":71,"column":null}},"12":{"start":{"line":73,"column":21},"end":{"line":77,"column":null}}},"fnMap":{"0":{"name":"(anonymous_0)","decl":{"start":{"line":12,"column":18},"end":{"line":12,"column":19}},"loc":{"start":{"line":22,"column":19},"end":{"line":69,"column":null}},"line":22},"1":{"name":"(anonymous_1)","decl":{"start":{"line":30,"column":8},"end":{"line":30,"column":15}},"loc":{"start":{"line":30,"column":15},"end":{"line":36,"column":null}},"line":30},"2":{"name":"(anonymous_2)","decl":{"start":{"line":41,"column":8},"end":{"line":41,"column":15}},"loc":{"start":{"line":41,"column":15},"end":{"line":50,"column":null}},"line":41}},"branchMap":{"0":{"loc":{"start":{"line":15,"column":4},"end":{"line":15,"column":null}},"type":"default-arg","locations":[{"start":{"line":15,"column":14},"end":{"line":15,"column":null}}],"line":15},"1":{"loc":{"start":{"line":16,"column":4},"end":{"line":16,"column":null}},"type":"default-arg","locations":[{"start":{"line":16,"column":15},"end":{"line":16,"column":null}}],"line":16},"2":{"loc":{"start":{"line":17,"column":4},"end":{"line":17,"column":null}},"type":"default-arg","locations":[{"start":{"line":17,"column":11},"end":{"line":17,"column":null}}],"line":17},"3":{"loc":{"start":{"line":18,"column":4},"end":{"line":18,"column":null}},"type":"default-arg","locations":[{"start":{"line":18,"column":12},"end":{"line":18,"column":null}}],"line":18},"4":{"loc":{"start":{"line":33,"column":41},"end":{"line":33,"column":65}},"type":"cond-expr","locations":[{"start":{"line":33,"column":51},"end":{"line":33,"column":61}},{"start":{"line":33,"column":61},"end":{"line":33,"column":65}}],"line":33},"5":{"loc":{"start":{"line":34,"column":28},"end":{"line":34,"column":null}},"type":"binary-expr","locations":[{"start":{"line":34,"column":28},"end":{"line":34,"column":39}},{"start":{"line":34,"column":39},"end":{"line":34,"column":null}}],"line":34},"6":{"loc":{"start":{"line":35,"column":22},"end":{"line":35,"column":null}},"type":"binary-expr","locations":[{"start":{"line":35,"column":22},"end":{"line":35,"column":34}},{"start":{"line":35,"column":34},"end":{"line":35,"column":null}}],"line":35},"7":{"loc":{"start":{"line":60,"column":30},"end":{"line":60,"column":null}},"type":"binary-expr","locations":[{"start":{"line":60,"column":30},"end":{"line":60,"column":41}},{"start":{"line":60,"column":41},"end":{"line":60,"column":null}}],"line":60},"8":{"loc":{"start":{"line":61,"column":31},"end":{"line":61,"column":null}},"type":"binary-expr","locations":[{"start":{"line":61,"column":31},"end":{"line":61,"column":43}},{"start":{"line":61,"column":43},"end":{"line":61,"column":null}}],"line":61}},"s":{"0":17,"1":167,"2":167,"3":167,"4":167,"5":167,"6":167,"7":63,"8":167,"9":64,"10":167,"11":17,"12":17},"f":{"0":167,"1":63,"2":64},"b":{"0":[167],"1":[167],"2":[167],"3":[167],"4":[16,47],"5":[63,47],"6":[63,53],"7":[167,120],"8":[167,150]},"meta":{"lastBranch":9,"lastFunction":3,"lastStatement":13,"seen":{"s:12:18:69:Infinity":0,"f:12:18:12:19":0,"b:15:14:15:Infinity":0,"b:16:15:16:Infinity":1,"b:17:11:17:Infinity":2,"b:18:12:18:Infinity":3,"s:23:10:23:Infinity":1,"s:24:15:24:Infinity":2,"s:25:20:25:Infinity":3,"s:26:19:26:Infinity":4,"s:27:20:27:Infinity":5,"s:29:10:38:Infinity":6,"f:30:8:30:15":1,"s:30:15:36:Infinity":7,"b:33:51:33:61:33:61:33:65":4,"b:34:28:34:39:34:39:34:Infinity":5,"b:35:22:35:34:35:34:35:Infinity":6,"s:40:10:52:Infinity":8,"f:41:8:41:15":2,"s:41:15:50:Infinity":9,"s:54:4:67:Infinity":10,"b:60:30:60:41:60:41:60:Infinity":7,"b:61:31:61:43:61:43:61:Infinity":8,"s:71:0:71:Infinity":11,"s:73:21:77:Infinity":12},"fnNames":{}}}
,"/Users/kvzhukh/greensight/ensi/grove/workspace/packages/admin-ui-base/src/field/context.ts": {"path":"/Users/kvzhukh/greensight/ensi/grove/workspace/packages/admin-ui-base/src/field/context.ts","statementMap":{"0":{"start":{"line":5,"column":13},"end":{"line":5,"column":null}},"1":{"start":{"line":7,"column":24},"end":{"line":15,"column":null}},"2":{"start":{"line":8,"column":10},"end":{"line":8,"column":null}},"3":{"start":{"line":10,"column":4},"end":{"line":12,"column":null}},"4":{"start":{"line":11,"column":8},"end":{"line":11,"column":null}},"5":{"start":{"line":14,"column":4},"end":{"line":14,"column":null}}},"fnMap":{"0":{"name":"(anonymous_0)","decl":{"start":{"line":7,"column":24},"end":{"line":7,"column":50}},"loc":{"start":{"line":7,"column":50},"end":{"line":15,"column":null}},"line":7}},"branchMap":{"0":{"loc":{"start":{"line":10,"column":4},"end":{"line":12,"column":null}},"type":"if","locations":[{"start":{"line":10,"column":4},"end":{"line":12,"column":null}},{"start":{},"end":{}}],"line":10}},"s":{"0":17,"1":17,"2":487,"3":487,"4":2,"5":484},"f":{"0":487},"b":{"0":[2,485]},"meta":{"lastBranch":1,"lastFunction":1,"lastStatement":6,"seen":{"s:5:13:5:Infinity":0,"s:7:24:15:Infinity":1,"f:7:24:7:50":0,"s:8:10:8:Infinity":2,"b:10:4:12:Infinity:undefined:undefined:undefined:undefined":0,"s:10:4:12:Infinity":3,"s:11:8:11:Infinity":4,"s:14:4:14:Infinity":5},"fnNames":{}}}
,"/Users/kvzhukh/greensight/ensi/grove/workspace/packages/admin-ui-base/src/field/index.ts": {"path":"/Users/kvzhukh/greensight/ensi/grove/workspace/packages/admin-ui-base/src/field/index.ts","statementMap":{},"fnMap":{},"branchMap":{},"s":{},"f":{},"b":{},"meta":{"lastBranch":0,"lastFunction":0,"lastStatement":0,"seen":{},"fnNames":{}}}
,"/Users/kvzhukh/greensight/ensi/grove/workspace/packages/admin-ui-base/src/field/styles.module.css": {"path":"/Users/kvzhukh/greensight/ensi/grove/workspace/packages/admin-ui-base/src/field/styles.module.css","statementMap":{},"fnMap":{},"branchMap":{},"s":{},"f":{},"b":{},"meta":{"lastBranch":0,"lastFunction":0,"lastStatement":0,"seen":{},"fnNames":{}}}
,"/Users/kvzhukh/greensight/ensi/grove/workspace/packages/admin-ui-base/src/field/theme.ts": {"path":"/Users/kvzhukh/greensight/ensi/grove/workspace/packages/admin-ui-base/src/field/theme.ts","statementMap":{"0":{"start":{"line":5,"column":13},"end":{"line":21,"column":null}}},"fnMap":{},"branchMap":{},"s":{"0":17},"f":{},"b":{},"meta":{"lastBranch":0,"lastFunction":0,"lastStatement":1,"seen":{"s:5:13:21:Infinity":0},"fnNames":{}}}
,"/Users/kvzhukh/greensight/ensi/grove/workspace/packages/admin-ui-base/src/field/types.ts": {"path":"/Users/kvzhukh/greensight/ensi/grove/workspace/packages/admin-ui-base/src/field/types.ts","statementMap":{},"fnMap":{},"branchMap":{},"s":{},"f":{},"b":{},"meta":{"lastBranch":0,"lastFunction":0,"lastStatement":0,"seen":{},"fnNames":{}}}
,"/Users/kvzhukh/greensight/ensi/grove/workspace/packages/admin-ui-base/src/field/components/Error/index.tsx": {"path":"/Users/kvzhukh/greensight/ensi/grove/workspace/packages/admin-ui-base/src/field/components/Error/index.tsx","statementMap":{"0":{"start":{"line":8,"column":26},"end":{"line":20,"column":null}},"1":{"start":{"line":9,"column":35},"end":{"line":9,"column":null}},"2":{"start":{"line":11,"column":4},"end":{"line":13,"column":null}},"3":{"start":{"line":12,"column":8},"end":{"line":12,"column":null}},"4":{"start":{"line":15,"column":4},"end":{"line":18,"column":null}},"5":{"start":{"line":22,"column":0},"end":{"line":22,"column":null}}},"fnMap":{"0":{"name":"(anonymous_0)","decl":{"start":{"line":8,"column":26},"end":{"line":8,"column":27}},"loc":{"start":{"line":8,"column":83},"end":{"line":20,"column":null}},"line":8}},"branchMap":{"0":{"loc":{"start":{"line":11,"column":4},"end":{"line":13,"column":null}},"type":"if","locations":[{"start":{"line":11,"column":4},"end":{"line":13,"column":null}},{"start":{},"end":{}}],"line":11},"1":{"loc":{"start":{"line":11,"column":8},"end":{"line":11,"column":31}},"type":"binary-expr","locations":[{"start":{"line":11,"column":8},"end":{"line":11,"column":21}},{"start":{"line":11,"column":21},"end":{"line":11,"column":31}}],"line":11}},"s":{"0":17,"1":159,"2":159,"3":113,"4":46,"5":17},"f":{"0":159},"b":{"0":[113,46],"1":[159,47]},"meta":{"lastBranch":2,"lastFunction":1,"lastStatement":6,"seen":{"s:8:26:20:Infinity":0,"f:8:26:8:27":0,"s:9:35:9:Infinity":1,"b:11:4:13:Infinity:undefined:undefined:undefined:undefined":0,"s:11:4:13:Infinity":2,"b:11:8:11:21:11:21:11:31":1,"s:12:8:12:Infinity":3,"s:15:4:18:Infinity":4,"s:22:0:22:Infinity":5},"fnNames":{}}}
,"/Users/kvzhukh/greensight/ensi/grove/workspace/packages/admin-ui-base/src/field/components/Error/styles.module.css": {"path":"/Users/kvzhukh/greensight/ensi/grove/workspace/packages/admin-ui-base/src/field/components/Error/styles.module.css","statementMap":{},"fnMap":{},"branchMap":{},"s":{},"f":{},"b":{},"meta":{"lastBranch":0,"lastFunction":0,"lastStatement":0,"seen":{},"fnNames":{}}}
,"/Users/kvzhukh/greensight/ensi/grove/workspace/packages/admin-ui-base/src/field/components/Error/theme.ts": {"path":"/Users/kvzhukh/greensight/ensi/grove/workspace/packages/admin-ui-base/src/field/components/Error/theme.ts","statementMap":{"0":{"start":{"line":7,"column":13},"end":{"line":18,"column":null}}},"fnMap":{},"branchMap":{},"s":{"0":17},"f":{},"b":{},"meta":{"lastBranch":0,"lastFunction":0,"lastStatement":1,"seen":{"s:7:13:18:Infinity":0},"fnNames":{}}}
,"/Users/kvzhukh/greensight/ensi/grove/workspace/packages/admin-ui-base/src/field/components/Error/types.ts": {"path":"/Users/kvzhukh/greensight/ensi/grove/workspace/packages/admin-ui-base/src/field/components/Error/types.ts","statementMap":{},"fnMap":{},"branchMap":{},"s":{},"f":{},"b":{},"meta":{"lastBranch":0,"lastFunction":0,"lastStatement":0,"seen":{},"fnNames":{}}}
,"/Users/kvzhukh/greensight/ensi/grove/workspace/packages/admin-ui-base/src/field/components/Hint/index.tsx": {"path":"/Users/kvzhukh/greensight/ensi/grove/workspace/packages/admin-ui-base/src/field/components/Hint/index.tsx","statementMap":{"0":{"start":{"line":9,"column":25},"end":{"line":26,"column":null}},"1":{"start":{"line":10,"column":35},"end":{"line":10,"column":null}},"2":{"start":{"line":12,"column":4},"end":{"line":14,"column":null}},"3":{"start":{"line":13,"column":8},"end":{"line":13,"column":null}},"4":{"start":{"line":16,"column":4},"end":{"line":24,"column":null}},"5":{"start":{"line":28,"column":0},"end":{"line":28,"column":null}}},"fnMap":{"0":{"name":"(anonymous_0)","decl":{"start":{"line":9,"column":25},"end":{"line":9,"column":26}},"loc":{"start":{"line":9,"column":81},"end":{"line":26,"column":null}},"line":9}},"branchMap":{"0":{"loc":{"start":{"line":12,"column":4},"end":{"line":14,"column":null}},"type":"if","locations":[{"start":{"line":12,"column":4},"end":{"line":14,"column":null}},{"start":{},"end":{}}],"line":12}},"s":{"0":17,"1":13,"2":13,"3":0,"4":13,"5":17},"f":{"0":13},"b":{"0":[0,13]},"meta":{"lastBranch":1,"lastFunction":1,"lastStatement":6,"seen":{"s:9:25:26:Infinity":0,"f:9:25:9:26":0,"s:10:35:10:Infinity":1,"b:12:4:14:Infinity:undefined:undefined:undefined:undefined":0,"s:12:4:14:Infinity":2,"s:13:8:13:Infinity":3,"s:16:4:24:Infinity":4,"s:28:0:28:Infinity":5},"fnNames":{}}}
,"/Users/kvzhukh/greensight/ensi/grove/workspace/packages/admin-ui-base/src/field/components/Hint/styles.module.css": {"path":"/Users/kvzhukh/greensight/ensi/grove/workspace/packages/admin-ui-base/src/field/components/Hint/styles.module.css","statementMap":{},"fnMap":{},"branchMap":{},"s":{},"f":{},"b":{},"meta":{"lastBranch":0,"lastFunction":0,"lastStatement":0,"seen":{},"fnNames":{}}}
,"/Users/kvzhukh/greensight/ensi/grove/workspace/packages/admin-ui-base/src/field/components/Hint/theme.ts": {"path":"/Users/kvzhukh/greensight/ensi/grove/workspace/packages/admin-ui-base/src/field/components/Hint/theme.ts","statementMap":{"0":{"start":{"line":7,"column":13},"end":{"line":23,"column":null}}},"fnMap":{},"branchMap":{},"s":{"0":17},"f":{},"b":{},"meta":{"lastBranch":0,"lastFunction":0,"lastStatement":1,"seen":{"s:7:13:23:Infinity":0},"fnNames":{}}}
,"/Users/kvzhukh/greensight/ensi/grove/workspace/packages/admin-ui-base/src/field/components/Hint/types.ts": {"path":"/Users/kvzhukh/greensight/ensi/grove/workspace/packages/admin-ui-base/src/field/components/Hint/types.ts","statementMap":{},"fnMap":{},"branchMap":{},"s":{},"f":{},"b":{},"meta":{"lastBranch":0,"lastFunction":0,"lastStatement":0,"seen":{},"fnNames":{}}}
,"/Users/kvzhukh/greensight/ensi/grove/workspace/packages/admin-ui-base/src/field/components/Label/index.tsx": {"path":"/Users/kvzhukh/greensight/ensi/grove/workspace/packages/admin-ui-base/src/field/components/Label/index.tsx","statementMap":{"0":{"start":{"line":9,"column":26},"end":{"line":22,"column":null}},"1":{"start":{"line":10,"column":40},"end":{"line":10,"column":null}},"2":{"start":{"line":12,"column":4},"end":{"line":20,"column":null}},"3":{"start":{"line":24,"column":0},"end":{"line":24,"column":null}}},"fnMap":{"0":{"name":"(anonymous_0)","decl":{"start":{"line":9,"column":26},"end":{"line":9,"column":27}},"loc":{"start":{"line":9,"column":83},"end":{"line":22,"column":null}},"line":9}},"branchMap":{},"s":{"0":17,"1":145,"2":145,"3":17},"f":{"0":145},"b":{},"meta":{"lastBranch":0,"lastFunction":1,"lastStatement":4,"seen":{"s:9:26:22:Infinity":0,"f:9:26:9:27":0,"s:10:40:10:Infinity":1,"s:12:4:20:Infinity":2,"s:24:0:24:Infinity":3},"fnNames":{}}}
,"/Users/kvzhukh/greensight/ensi/grove/workspace/packages/admin-ui-base/src/field/components/Label/styles.module.css": {"path":"/Users/kvzhukh/greensight/ensi/grove/workspace/packages/admin-ui-base/src/field/components/Label/styles.module.css","statementMap":{},"fnMap":{},"branchMap":{},"s":{},"f":{},"b":{},"meta":{"lastBranch":0,"lastFunction":0,"lastStatement":0,"seen":{},"fnNames":{}}}
,"/Users/kvzhukh/greensight/ensi/grove/workspace/packages/admin-ui-base/src/field/components/Label/theme.ts": {"path":"/Users/kvzhukh/greensight/ensi/grove/workspace/packages/admin-ui-base/src/field/components/Label/theme.ts","statementMap":{"0":{"start":{"line":7,"column":13},"end":{"line":23,"column":null}}},"fnMap":{},"branchMap":{},"s":{"0":17},"f":{},"b":{},"meta":{"lastBranch":0,"lastFunction":0,"lastStatement":1,"seen":{"s:7:13:23:Infinity":0},"fnNames":{}}}
,"/Users/kvzhukh/greensight/ensi/grove/workspace/packages/admin-ui-base/src/field/components/Label/types.ts": {"path":"/Users/kvzhukh/greensight/ensi/grove/workspace/packages/admin-ui-base/src/field/components/Label/types.ts","statementMap":{},"fnMap":{},"branchMap":{},"s":{},"f":{},"b":{},"meta":{"lastBranch":0,"lastFunction":0,"lastStatement":0,"seen":{},"fnNames":{}}}
,"/Users/kvzhukh/greensight/ensi/grove/workspace/packages/admin-ui-base/src/form/Component.tsx": {"path":"/Users/kvzhukh/greensight/ensi/grove/workspace/packages/admin-ui-base/src/form/Component.tsx","statementMap":{"0":{"start":{"line":12,"column":20},"end":{"line":115,"column":null}},"1":{"start":{"line":30,"column":10},"end":{"line":35,"column":null}},"2":{"start":{"line":37,"column":10},"end":{"line":37,"column":null}},"3":{"start":{"line":39,"column":4},"end":{"line":41,"column":null}},"4":{"start":{"line":40,"column":8},"end":{"line":40,"column":null}},"5":{"start":{"line":43,"column":10},"end":{"line":50,"column":null}},"6":{"start":{"line":45,"column":12},"end":{"line":45,"column":null}},"7":{"start":{"line":46,"column":27},"end":{"line":46,"column":null}},"8":{"start":{"line":47,"column":12},"end":{"line":47,"column":null}},"9":{"start":{"line":47,"column":25},"end":{"line":47,"column":null}},"10":{"start":{"line":52,"column":10},"end":{"line":55,"column":null}},"11":{"start":{"line":53,"column":15},"end":{"line":53,"column":null}},"12":{"start":{"line":57,"column":10},"end":{"line":57,"column":null}},"13":{"start":{"line":59,"column":4},"end":{"line":64,"column":null}},"14":{"start":{"line":60,"column":8},"end":{"line":63,"column":null}},"15":{"start":{"line":61,"column":12},"end":{"line":61,"column":null}},"16":{"start":{"line":62,"column":12},"end":{"line":62,"column":null}},"17":{"start":{"line":62,"column":39},"end":{"line":62,"column":null}},"18":{"start":{"line":66,"column":10},"end":{"line":71,"column":null}},"19":{"start":{"line":68,"column":12},"end":{"line":68,"column":null}},"20":{"start":{"line":68,"column":26},"end":{"line":68,"column":null}},"21":{"start":{"line":73,"column":10},"end":{"line":73,"column":null}},"22":{"start":{"line":74,"column":4},"end":{"line":81,"column":null}},"23":{"start":{"line":76,"column":12},"end":{"line":76,"column":null}},"24":{"start":{"line":79,"column":12},"end":{"line":79,"column":null}},"25":{"start":{"line":83,"column":10},"end":{"line":88,"column":null}},"26":{"start":{"line":84,"column":8},"end":{"line":87,"column":null}},"27":{"start":{"line":85,"column":12},"end":{"line":85,"column":null}},"28":{"start":{"line":86,"column":12},"end":{"line":86,"column":null}},"29":{"start":{"line":90,"column":10},"end":{"line":95,"column":null}},"30":{"start":{"line":92,"column":12},"end":{"line":92,"column":null}},"31":{"start":{"line":92,"column":24},"end":{"line":92,"column":null}},"32":{"start":{"line":97,"column":10},"end":{"line":100,"column":null}},"33":{"start":{"line":98,"column":15},"end":{"line":98,"column":null}},"34":{"start":{"line":102,"column":4},"end":{"line":113,"column":null}}},"fnMap":{"0":{"name":"(anonymous_0)","decl":{"start":{"line":12,"column":20},"end":{"line":12,"column":44}},"loc":{"start":{"line":29,"column":21},"end":{"line":115,"column":null}},"line":29},"1":{"name":"(anonymous_1)","decl":{"start":{"line":39,"column":14},"end":{"line":39,"column":20}},"loc":{"start":{"line":39,"column":20},"end":{"line":41,"column":7}},"line":39},"2":{"name":"(anonymous_2)","decl":{"start":{"line":44,"column":8},"end":{"line":44,"column":9}},"loc":{"start":{"line":44,"column":41},"end":{"line":48,"column":null}},"line":44},"3":{"name":"(anonymous_3)","decl":{"start":{"line":53,"column":8},"end":{"line":53,"column":15}},"loc":{"start":{"line":53,"column":15},"end":{"line":53,"column":null}},"line":53},"4":{"name":"(anonymous_4)","decl":{"start":{"line":59,"column":14},"end":{"line":59,"column":20}},"loc":{"start":{"line":59,"column":20},"end":{"line":64,"column":7}},"line":59},"5":{"name":"(anonymous_5)","decl":{"start":{"line":67,"column":8},"end":{"line":67,"column":9}},"loc":{"start":{"line":67,"column":50},"end":{"line":69,"column":null}},"line":67},"6":{"name":"(anonymous_6)","decl":{"start":{"line":75,"column":8},"end":{"line":75,"column":14}},"loc":{"start":{"line":75,"column":19},"end":{"line":77,"column":null}},"line":75},"7":{"name":"(anonymous_7)","decl":{"start":{"line":78,"column":8},"end":{"line":78,"column":14}},"loc":{"start":{"line":78,"column":24},"end":{"line":80,"column":null}},"line":78},"8":{"name":"(anonymous_8)","decl":{"start":{"line":83,"column":40},"end":{"line":83,"column":41}},"loc":{"start":{"line":83,"column":68},"end":{"line":88,"column":7}},"line":83},"9":{"name":"(anonymous_9)","decl":{"start":{"line":91,"column":8},"end":{"line":91,"column":9}},"loc":{"start":{"line":91,"column":50},"end":{"line":93,"column":null}},"line":91},"10":{"name":"(anonymous_10)","decl":{"start":{"line":98,"column":8},"end":{"line":98,"column":15}},"loc":{"start":{"line":98,"column":15},"end":{"line":98,"column":null}},"line":98}},"branchMap":{"0":{"loc":{"start":{"line":17,"column":4},"end":{"line":17,"column":null}},"type":"default-arg","locations":[{"start":{"line":17,"column":11},"end":{"line":17,"column":null}}],"line":17},"1":{"loc":{"start":{"line":18,"column":4},"end":{"line":18,"column":null}},"type":"default-arg","locations":[{"start":{"line":18,"column":13},"end":{"line":18,"column":null}}],"line":18},"2":{"loc":{"start":{"line":19,"column":4},"end":{"line":19,"column":null}},"type":"default-arg","locations":[{"start":{"line":19,"column":25},"end":{"line":19,"column":null}}],"line":19},"3":{"loc":{"start":{"line":20,"column":4},"end":{"line":20,"column":null}},"type":"default-arg","locations":[{"start":{"line":20,"column":28},"end":{"line":20,"column":null}}],"line":20},"4":{"loc":{"start":{"line":21,"column":4},"end":{"line":21,"column":null}},"type":"default-arg","locations":[{"start":{"line":21,"column":15},"end":{"line":21,"column":null}}],"line":21},"5":{"loc":{"start":{"line":33,"column":12},"end":{"line":33,"column":null}},"type":"binary-expr","locations":[{"start":{"line":33,"column":12},"end":{"line":33,"column":32}},{"start":{"line":33,"column":32},"end":{"line":33,"column":null}}],"line":33},"6":{"loc":{"start":{"line":47,"column":12},"end":{"line":47,"column":null}},"type":"if","locations":[{"start":{"line":47,"column":12},"end":{"line":47,"column":null}},{"start":{},"end":{}}],"line":47},"7":{"loc":{"start":{"line":53,"column":15},"end":{"line":53,"column":null}},"type":"cond-expr","locations":[{"start":{"line":53,"column":52},"end":{"line":53,"column":87}},{"start":{"line":53,"column":87},"end":{"line":53,"column":null}}],"line":53},"8":{"loc":{"start":{"line":60,"column":8},"end":{"line":63,"column":null}},"type":"if","locations":[{"start":{"line":60,"column":8},"end":{"line":63,"column":null}},{"start":{},"end":{}}],"line":60},"9":{"loc":{"start":{"line":60,"column":12},"end":{"line":60,"column":80}},"type":"binary-expr","locations":[{"start":{"line":60,"column":12},"end":{"line":60,"column":34}},{"start":{"line":60,"column":34},"end":{"line":60,"column":80}}],"line":60},"10":{"loc":{"start":{"line":62,"column":12},"end":{"line":62,"column":null}},"type":"if","locations":[{"start":{"line":62,"column":12},"end":{"line":62,"column":null}},{"start":{},"end":{}}],"line":62},"11":{"loc":{"start":{"line":68,"column":12},"end":{"line":68,"column":null}},"type":"if","locations":[{"start":{"line":68,"column":12},"end":{"line":68,"column":null}},{"start":{},"end":{}}],"line":68},"12":{"loc":{"start":{"line":84,"column":8},"end":{"line":87,"column":null}},"type":"if","locations":[{"start":{"line":84,"column":8},"end":{"line":87,"column":null}},{"start":{},"end":{}}],"line":84},"13":{"loc":{"start":{"line":92,"column":12},"end":{"line":92,"column":null}},"type":"if","locations":[{"start":{"line":92,"column":12},"end":{"line":92,"column":null}},{"start":{},"end":{}}],"line":92},"14":{"loc":{"start":{"line":105,"column":17},"end":{"line":110,"column":null}},"type":"cond-expr","locations":[{"start":{"line":106,"column":20},"end":{"line":108,"column":null}},{"start":{"line":110,"column":20},"end":{"line":110,"column":null}}],"line":105}},"s":{"0":9,"1":97,"2":97,"3":97,"4":46,"5":97,"6":1,"7":1,"8":1,"9":1,"10":97,"11":48,"12":97,"13":97,"14":96,"15":4,"16":4,"17":2,"18":97,"19":81,"20":1,"21":97,"22":97,"23":13,"24":9,"25":97,"26":22,"27":22,"28":22,"29":97,"30":15,"31":1,"32":97,"33":46,"34":97},"f":{"0":97,"1":46,"2":1,"3":48,"4":96,"5":81,"6":13,"7":9,"8":22,"9":15,"10":46},"b":{"0":[97],"1":[97],"2":[97],"3":[97],"4":[97],"5":[97,32],"6":[1,0],"7":[1,47],"8":[4,92],"9":[96,8],"10":[2,2],"11":[1,80],"12":[22,0],"13":[1,14],"14":[95,2]},"meta":{"lastBranch":15,"lastFunction":11,"lastStatement":35,"seen":{"s:12:20:115:Infinity":0,"f:12:20:12:44":0,"b:17:11:17:Infinity":0,"b:18:13:18:Infinity":1,"b:19:25:19:Infinity":2,"b:20:28:20:Infinity":3,"b:21:15:21:Infinity":4,"s:30:10:35:Infinity":1,"b:33:12:33:32:33:32:33:Infinity":5,"s:37:10:37:Infinity":2,"s:39:4:41:Infinity":3,"f:39:14:39:20":1,"s:40:8:40:Infinity":4,"s:43:10:50:Infinity":5,"f:44:8:44:9":2,"s:45:12:45:Infinity":6,"s:46:27:46:Infinity":7,"b:47:12:47:Infinity:undefined:undefined:undefined:undefined":6,"s:47:12:47:Infinity":8,"s:47:25:47:Infinity":9,"s:52:10:55:Infinity":10,"f:53:8:53:15":3,"s:53:15:53:Infinity":11,"b:53:52:53:87:53:87:53:Infinity":7,"s:57:10:57:Infinity":12,"s:59:4:64:Infinity":13,"f:59:14:59:20":4,"b:60:8:63:Infinity:undefined:undefined:undefined:undefined":8,"s:60:8:63:Infinity":14,"b:60:12:60:34:60:34:60:80":9,"s:61:12:61:Infinity":15,"b:62:12:62:Infinity:undefined:undefined:undefined:undefined":10,"s:62:12:62:Infinity":16,"s:62:39:62:Infinity":17,"s:66:10:71:Infinity":18,"f:67:8:67:9":5,"b:68:12:68:Infinity:undefined:undefined:undefined:undefined":11,"s:68:12:68:Infinity":19,"s:68:26:68:Infinity":20,"s:73:10:73:Infinity":21,"s:74:4:81:Infinity":22,"f:75:8:75:14":6,"s:76:12:76:Infinity":23,"f:78:8:78:14":7,"s:79:12:79:Infinity":24,"s:83:10:88:Infinity":25,"f:83:40:83:41":8,"b:84:8:87:Infinity:undefined:undefined:undefined:undefined":12,"s:84:8:87:Infinity":26,"s:85:12:85:Infinity":27,"s:86:12:86:Infinity":28,"s:90:10:95:Infinity":29,"f:91:8:91:9":9,"b:92:12:92:Infinity:undefined:undefined:undefined:undefined":13,"s:92:12:92:Infinity":30,"s:92:24:92:Infinity":31,"s:97:10:100:Infinity":32,"f:98:8:98:15":10,"s:98:15:98:Infinity":33,"s:102:4:113:Infinity":34,"b:106:20:108:Infinity:110:20:110:Infinity":14},"fnNames":{}}}
,"/Users/kvzhukh/greensight/ensi/grove/workspace/packages/admin-ui-base/src/form/context.ts": {"path":"/Users/kvzhukh/greensight/ensi/grove/workspace/packages/admin-ui-base/src/form/context.ts","statementMap":{"0":{"start":{"line":12,"column":13},"end":{"line":12,"column":null}},"1":{"start":{"line":14,"column":26},"end":{"line":22,"column":null}},"2":{"start":{"line":15,"column":10},"end":{"line":15,"column":null}},"3":{"start":{"line":17,"column":4},"end":{"line":19,"column":null}},"4":{"start":{"line":18,"column":8},"end":{"line":18,"column":null}},"5":{"start":{"line":21,"column":4},"end":{"line":21,"column":null}}},"fnMap":{"0":{"name":"(anonymous_0)","decl":{"start":{"line":14,"column":26},"end":{"line":14,"column":51}},"loc":{"start":{"line":14,"column":51},"end":{"line":22,"column":null}},"line":14}},"branchMap":{"0":{"loc":{"start":{"line":17,"column":4},"end":{"line":19,"column":null}},"type":"if","locations":[{"start":{"line":17,"column":4},"end":{"line":19,"column":null}},{"start":{},"end":{}}],"line":17}},"s":{"0":17,"1":17,"2":211,"3":211,"4":2,"5":208},"f":{"0":211},"b":{"0":[2,209]},"meta":{"lastBranch":1,"lastFunction":1,"lastStatement":6,"seen":{"s:12:13:12:Infinity":0,"s:14:26:22:Infinity":1,"f:14:26:14:51":0,"s:15:10:15:Infinity":2,"b:17:4:19:Infinity:undefined:undefined:undefined:undefined":0,"s:17:4:19:Infinity":3,"s:18:8:18:Infinity":4,"s:21:4:21:Infinity":5},"fnNames":{}}}
,"/Users/kvzhukh/greensight/ensi/grove/workspace/packages/admin-ui-base/src/form/index.ts": {"path":"/Users/kvzhukh/greensight/ensi/grove/workspace/packages/admin-ui-base/src/form/index.ts","statementMap":{},"fnMap":{},"branchMap":{},"s":{},"f":{},"b":{},"meta":{"lastBranch":0,"lastFunction":0,"lastStatement":0,"seen":{},"fnNames":{}}}
,"/Users/kvzhukh/greensight/ensi/grove/workspace/packages/admin-ui-base/src/form/types.ts": {"path":"/Users/kvzhukh/greensight/ensi/grove/workspace/packages/admin-ui-base/src/form/types.ts","statementMap":{},"fnMap":{},"branchMap":{},"s":{},"f":{},"b":{},"meta":{"lastBranch":0,"lastFunction":0,"lastStatement":0,"seen":{},"fnNames":{}}}
,"/Users/kvzhukh/greensight/ensi/grove/workspace/packages/admin-ui-base/src/form/utils.ts": {"path":"/Users/kvzhukh/greensight/ensi/grove/workspace/packages/admin-ui-base/src/form/utils.ts","statementMap":{"0":{"start":{"line":3,"column":24},"end":{"line":3,"column":null}},"1":{"start":{"line":3,"column":49},"end":{"line":3,"column":null}}},"fnMap":{"0":{"name":"(anonymous_0)","decl":{"start":{"line":3,"column":24},"end":{"line":3,"column":25}},"loc":{"start":{"line":3,"column":49},"end":{"line":3,"column":null}},"line":3}},"branchMap":{"0":{"loc":{"start":{"line":3,"column":49},"end":{"line":3,"column":null}},"type":"cond-expr","locations":[{"start":{"line":3,"column":72},"end":{"line":3,"column":83}},{"start":{"line":3,"column":83},"end":{"line":3,"column":null}}],"line":3}},"s":{"0":17,"1":204},"f":{"0":204},"b":{"0":[0,204]},"meta":{"lastBranch":1,"lastFunction":1,"lastStatement":2,"seen":{"s:3:24:3:Infinity":0,"f:3:24:3:25":0,"s:3:49:3:Infinity":1,"b:3:72:3:83:3:83:3:Infinity":0},"fnNames":{}}}
,"/Users/kvzhukh/greensight/ensi/grove/workspace/packages/admin-ui-base/src/form/hooks/useFieldHook.ts": {"path":"/Users/kvzhukh/greensight/ensi/grove/workspace/packages/admin-ui-base/src/form/hooks/useFieldHook.ts","statementMap":{"0":{"start":{"line":9,"column":28},"end":{"line":65,"column":null}},"1":{"start":{"line":10,"column":51},"end":{"line":10,"column":null}},"2":{"start":{"line":11,"column":30},"end":{"line":11,"column":null}},"3":{"start":{"line":13,"column":30},"end":{"line":16,"column":null}},"4":{"start":{"line":18,"column":10},"end":{"line":26,"column":null}},"5":{"start":{"line":20,"column":12},"end":{"line":20,"column":null}},"6":{"start":{"line":21,"column":27},"end":{"line":21,"column":null}},"7":{"start":{"line":22,"column":26},"end":{"line":22,"column":null}},"8":{"start":{"line":23,"column":12},"end":{"line":23,"column":null}},"9":{"start":{"line":28,"column":23},"end":{"line":32,"column":null}},"10":{"start":{"line":34,"column":10},"end":{"line":40,"column":null}},"11":{"start":{"line":36,"column":12},"end":{"line":36,"column":null}},"12":{"start":{"line":37,"column":12},"end":{"line":37,"column":null}},"13":{"start":{"line":42,"column":10},"end":{"line":62,"column":null}},"14":{"start":{"line":47,"column":12},"end":{"line":50,"column":null}},"15":{"start":{"line":48,"column":16},"end":{"line":48,"column":null}},"16":{"start":{"line":49,"column":16},"end":{"line":49,"column":null}},"17":{"start":{"line":52,"column":12},"end":{"line":54,"column":null}},"18":{"start":{"line":53,"column":16},"end":{"line":53,"column":null}},"19":{"start":{"line":56,"column":12},"end":{"line":56,"column":null}},"20":{"start":{"line":57,"column":27},"end":{"line":57,"column":null}},"21":{"start":{"line":58,"column":30},"end":{"line":58,"column":null}},"22":{"start":{"line":59,"column":12},"end":{"line":59,"column":null}},"23":{"start":{"line":64,"column":4},"end":{"line":64,"column":null}}},"fnMap":{"0":{"name":"(anonymous_0)","decl":{"start":{"line":9,"column":28},"end":{"line":9,"column":73}},"loc":{"start":{"line":9,"column":107},"end":{"line":65,"column":null}},"line":9},"1":{"name":"(anonymous_1)","decl":{"start":{"line":19,"column":8},"end":{"line":19,"column":9}},"loc":{"start":{"line":19,"column":38},"end":{"line":24,"column":null}},"line":19},"2":{"name":"(anonymous_2)","decl":{"start":{"line":35,"column":8},"end":{"line":35,"column":9}},"loc":{"start":{"line":35,"column":37},"end":{"line":38,"column":null}},"line":35},"3":{"name":"(anonymous_3)","decl":{"start":{"line":43,"column":8},"end":{"line":43,"column":null}},"loc":{"start":{"line":46,"column":13},"end":{"line":60,"column":null}},"line":46}},"branchMap":{"0":{"loc":{"start":{"line":22,"column":26},"end":{"line":22,"column":null}},"type":"cond-expr","locations":[{"start":{"line":22,"column":92},"end":{"line":22,"column":107}},{"start":{"line":22,"column":107},"end":{"line":22,"column":null}}],"line":22},"1":{"loc":{"start":{"line":22,"column":26},"end":{"line":22,"column":92}},"type":"binary-expr","locations":[{"start":{"line":22,"column":26},"end":{"line":22,"column":36}},{"start":{"line":22,"column":36},"end":{"line":22,"column":57}},{"start":{"line":22,"column":57},"end":{"line":22,"column":92}}],"line":22},"2":{"loc":{"start":{"line":47,"column":12},"end":{"line":50,"column":null}},"type":"if","locations":[{"start":{"line":47,"column":12},"end":{"line":50,"column":null}},{"start":{},"end":{}}],"line":47},"3":{"loc":{"start":{"line":52,"column":12},"end":{"line":54,"column":null}},"type":"if","locations":[{"start":{"line":52,"column":12},"end":{"line":54,"column":null}},{"start":{},"end":{}}],"line":52}},"s":{"0":17,"1":207,"2":207,"3":207,"4":207,"5":15,"6":15,"7":15,"8":15,"9":207,"10":207,"11":14,"12":14,"13":207,"14":71,"15":2,"16":2,"17":69,"18":2,"19":67,"20":67,"21":67,"22":67,"23":207},"f":{"0":207,"1":15,"2":14,"3":71},"b":{"0":[8,7],"1":[15,8,8],"2":[2,69],"3":[2,67]},"meta":{"lastBranch":4,"lastFunction":4,"lastStatement":24,"seen":{"s:9:28:65:Infinity":0,"f:9:28:9:73":0,"s:10:51:10:Infinity":1,"s:11:30:11:Infinity":2,"s:13:30:16:Infinity":3,"s:18:10:26:Infinity":4,"f:19:8:19:9":1,"s:20:12:20:Infinity":5,"s:21:27:21:Infinity":6,"s:22:26:22:Infinity":7,"b:22:92:22:107:22:107:22:Infinity":0,"b:22:26:22:36:22:36:22:57:22:57:22:92":1,"s:23:12:23:Infinity":8,"s:28:23:32:Infinity":9,"s:34:10:40:Infinity":10,"f:35:8:35:9":2,"s:36:12:36:Infinity":11,"s:37:12:37:Infinity":12,"s:42:10:62:Infinity":13,"f:43:8:43:Infinity":3,"b:47:12:50:Infinity:undefined:undefined:undefined:undefined":2,"s:47:12:50:Infinity":14,"s:48:16:48:Infinity":15,"s:49:16:49:Infinity":16,"b:52:12:54:Infinity:undefined:undefined:undefined:undefined":3,"s:52:12:54:Infinity":17,"s:53:16:53:Infinity":18,"s:56:12:56:Infinity":19,"s:57:27:57:Infinity":20,"s:58:30:58:Infinity":21,"s:59:12:59:Infinity":22,"s:64:4:64:Infinity":23},"fnNames":{}}}
,"/Users/kvzhukh/greensight/ensi/grove/workspace/packages/admin-ui-base/src/hooks/index.ts": {"path":"/Users/kvzhukh/greensight/ensi/grove/workspace/packages/admin-ui-base/src/hooks/index.ts","statementMap":{},"fnMap":{},"branchMap":{},"s":{},"f":{},"b":{},"meta":{"lastBranch":0,"lastFunction":0,"lastStatement":0,"seen":{},"fnNames":{}}}
,"/Users/kvzhukh/greensight/ensi/grove/workspace/packages/admin-ui-base/src/hooks/useOverlayExitComplete.ts": {"path":"/Users/kvzhukh/greensight/ensi/grove/workspace/packages/admin-ui-base/src/hooks/useOverlayExitComplete.ts","statementMap":{"0":{"start":{"line":8,"column":38},"end":{"line":37,"column":null}},"1":{"start":{"line":9,"column":10},"end":{"line":9,"column":null}},"2":{"start":{"line":10,"column":10},"end":{"line":10,"column":null}},"3":{"start":{"line":11,"column":4},"end":{"line":11,"column":null}},"4":{"start":{"line":13,"column":4},"end":{"line":15,"column":null}},"5":{"start":{"line":14,"column":8},"end":{"line":14,"column":null}},"6":{"start":{"line":17,"column":4},"end":{"line":24,"column":null}},"7":{"start":{"line":18,"column":8},"end":{"line":20,"column":null}},"8":{"start":{"line":19,"column":12},"end":{"line":19,"column":null}},"9":{"start":{"line":22,"column":8},"end":{"line":22,"column":null}},"10":{"start":{"line":23,"column":8},"end":{"line":23,"column":null}},"11":{"start":{"line":26,"column":4},"end":{"line":36,"column":null}},"12":{"start":{"line":27,"column":14},"end":{"line":34,"column":null}},"13":{"start":{"line":28,"column":12},"end":{"line":30,"column":null}},"14":{"start":{"line":29,"column":16},"end":{"line":29,"column":null}},"15":{"start":{"line":32,"column":12},"end":{"line":32,"column":null}},"16":{"start":{"line":33,"column":12},"end":{"line":33,"column":null}}},"fnMap":{"0":{"name":"(anonymous_0)","decl":{"start":{"line":8,"column":38},"end":{"line":8,"column":39}},"loc":{"start":{"line":8,"column":106},"end":{"line":37,"column":null}},"line":8},"1":{"name":"(anonymous_1)","decl":{"start":{"line":17,"column":14},"end":{"line":17,"column":20}},"loc":{"start":{"line":17,"column":20},"end":{"line":24,"column":7}},"line":17},"2":{"name":"(anonymous_2)","decl":{"start":{"line":27,"column":8},"end":{"line":27,"column":14}},"loc":{"start":{"line":27,"column":14},"end":{"line":34,"column":null}},"line":27},"3":{"name":"(anonymous_3)","decl":{"start":{"line":27,"column":14},"end":{"line":27,"column":20}},"loc":{"start":{"line":27,"column":20},"end":{"line":34,"column":null}},"line":27}},"branchMap":{"0":{"loc":{"start":{"line":13,"column":4},"end":{"line":15,"column":null}},"type":"if","locations":[{"start":{"line":13,"column":4},"end":{"line":15,"column":null}},{"start":{},"end":{}}],"line":13},"1":{"loc":{"start":{"line":13,"column":8},"end":{"line":13,"column":27}},"type":"binary-expr","locations":[{"start":{"line":13,"column":8},"end":{"line":13,"column":16}},{"start":{"line":13,"column":16},"end":{"line":13,"column":27}}],"line":13},"2":{"loc":{"start":{"line":18,"column":8},"end":{"line":20,"column":null}},"type":"if","locations":[{"start":{"line":18,"column":8},"end":{"line":20,"column":null}},{"start":{},"end":{}}],"line":18},"3":{"loc":{"start":{"line":18,"column":12},"end":{"line":18,"column":58}},"type":"binary-expr","locations":[{"start":{"line":18,"column":12},"end":{"line":18,"column":39}},{"start":{"line":18,"column":39},"end":{"line":18,"column":47}},{"start":{"line":18,"column":47},"end":{"line":18,"column":58}}],"line":18},"4":{"loc":{"start":{"line":28,"column":12},"end":{"line":30,"column":null}},"type":"if","locations":[{"start":{"line":28,"column":12},"end":{"line":30,"column":null}},{"start":{},"end":{}}],"line":28}},"s":{"0":13,"1":42,"2":42,"3":42,"4":42,"5":42,"6":42,"7":24,"8":24,"9":0,"10":0,"11":42,"12":18,"13":18,"14":0,"15":18,"16":18},"f":{"0":42,"1":24,"2":18,"3":18},"b":{"0":[42,0],"1":[42,6],"2":[24,0],"3":[24,24,6],"4":[0,18]},"meta":{"lastBranch":5,"lastFunction":4,"lastStatement":17,"seen":{"s:8:38:37:Infinity":0,"f:8:38:8:39":0,"s:9:10:9:Infinity":1,"s:10:10:10:Infinity":2,"s:11:4:11:Infinity":3,"b:13:4:15:Infinity:undefined:undefined:undefined:undefined":0,"s:13:4:15:Infinity":4,"b:13:8:13:16:13:16:13:27":1,"s:14:8:14:Infinity":5,"s:17:4:24:Infinity":6,"f:17:14:17:20":1,"b:18:8:20:Infinity:undefined:undefined:undefined:undefined":2,"s:18:8:20:Infinity":7,"b:18:12:18:39:18:39:18:47:18:47:18:58":3,"s:19:12:19:Infinity":8,"s:22:8:22:Infinity":9,"s:23:8:23:Infinity":10,"s:26:4:36:Infinity":11,"f:27:8:27:14":2,"s:27:14:34:Infinity":12,"f:27:14:27:20":3,"b:28:12:30:Infinity:undefined:undefined:undefined:undefined":4,"s:28:12:30:Infinity":13,"s:29:16:29:Infinity":14,"s:32:12:32:Infinity":15,"s:33:12:33:Infinity":16},"fnNames":{}}}
,"/Users/kvzhukh/greensight/ensi/grove/workspace/packages/admin-ui-base/src/hooks/usePrevious.ts": {"path":"/Users/kvzhukh/greensight/ensi/grove/workspace/packages/admin-ui-base/src/hooks/usePrevious.ts","statementMap":{"0":{"start":{"line":3,"column":27},"end":{"line":11,"column":null}},"1":{"start":{"line":4,"column":10},"end":{"line":4,"column":null}},"2":{"start":{"line":6,"column":4},"end":{"line":8,"column":null}},"3":{"start":{"line":7,"column":8},"end":{"line":7,"column":null}},"4":{"start":{"line":10,"column":4},"end":{"line":10,"column":null}}},"fnMap":{"0":{"name":"(anonymous_0)","decl":{"start":{"line":3,"column":27},"end":{"line":3,"column":31}},"loc":{"start":{"line":3,"column":62},"end":{"line":11,"column":null}},"line":3},"1":{"name":"(anonymous_1)","decl":{"start":{"line":6,"column":14},"end":{"line":6,"column":20}},"loc":{"start":{"line":6,"column":20},"end":{"line":8,"column":7}},"line":6}},"branchMap":{},"s":{"0":13,"1":97,"2":97,"3":48,"4":97},"f":{"0":97,"1":48},"b":{},"meta":{"lastBranch":0,"lastFunction":2,"lastStatement":5,"seen":{"s:3:27:11:Infinity":0,"f:3:27:3:31":0,"s:4:10:4:Infinity":1,"s:6:4:8:Infinity":2,"f:6:14:6:20":1,"s:7:8:7:Infinity":3,"s:10:4:10:Infinity":4},"fnNames":{}}}
[...]
":null}},"24":{"start":{"line":72,"column":8},"end":{"line":74,"column":null}},"25":{"start":{"line":73,"column":12},"end":{"line":73,"column":null}},"26":{"start":{"line":76,"column":8},"end":{"line":76,"column":null}},"27":{"start":{"line":79,"column":28},"end":{"line":96,"column":null}},"28":{"start":{"line":80,"column":19},"end":{"line":80,"column":null}},"29":{"start":{"line":81,"column":22},"end":{"line":84,"column":null}},"30":{"start":{"line":86,"column":8},"end":{"line":89,"column":null}},"31":{"start":{"line":87,"column":27},"end":{"line":87,"column":null}},"32":{"start":{"line":88,"column":12},"end":{"line":88,"column":null}},"33":{"start":{"line":91,"column":8},"end":{"line":93,"column":null}},"34":{"start":{"line":92,"column":12},"end":{"line":92,"column":null}},"35":{"start":{"line":95,"column":8},"end":{"line":95,"column":null}},"36":{"start":{"line":98,"column":4},"end":{"line":119,"column":null}},"37":{"start":{"line":108,"column":20},"end":{"line":108,"column":null}},"38":{"start":{"line":109,"column":20},"end":{"line":109,"column":null}},"39":{"start":{"line":123,"column":0},"end":{"line":123,"column":null}}},"fnMap":{"0":{"name":"(anonymous_0)","decl":{"start":{"line":14,"column":22},"end":{"line":14,"column":23}},"loc":{"start":{"line":14,"column":43},"end":{"line":14,"column":null}},"line":14},"1":{"name":"(anonymous_1)","decl":{"start":{"line":16,"column":18},"end":{"line":16,"column":23}},"loc":{"start":{"line":16,"column":70},"end":{"line":25,"column":null}},"line":16},"2":{"name":"(anonymous_2)","decl":{"start":{"line":27,"column":28},"end":{"line":27,"column":29}},"loc":{"start":{"line":27,"column":70},"end":{"line":48,"column":null}},"line":27},"3":{"name":"(anonymous_3)","decl":{"start":{"line":35,"column":27},"end":{"line":35,"column":36}},"loc":{"start":{"line":35,"column":36},"end":{"line":38,"column":null}},"line":35},"4":{"name":"(anonymous_4)","decl":{"start":{"line":39,"column":21},"end":{"line":39,"column":30}},"loc":{"start":{"line":39,"column":30},"end":{"line":43,"column":null}},"line":39},"5":{"name":"(anonymous_5)","decl":{"start":{"line":50,"column":24},"end":{"line":50,"column":25}},"loc":{"start":{"line":64,"column":22},"end":{"line":121,"column":null}},"line":64},"6":{"name":"(anonymous_6)","decl":{"start":{"line":67,"column":63},"end":{"line":67,"column":69}},"loc":{"start":{"line":67,"column":69},"end":{"line":67,"column":96}},"line":67},"7":{"name":"(anonymous_7)","decl":{"start":{"line":71,"column":66},"end":{"line":71,"column":75}},"loc":{"start":{"line":71,"column":75},"end":{"line":77,"column":null}},"line":71},"8":{"name":"(anonymous_8)","decl":{"start":{"line":79,"column":28},"end":{"line":79,"column":34}},"loc":{"start":{"line":79,"column":34},"end":{"line":96,"column":null}},"line":79},"9":{"name":"(anonymous_9)","decl":{"start":{"line":107,"column":21},"end":{"line":107,"column":29}},"loc":{"start":{"line":107,"column":29},"end":{"line":110,"column":null}},"line":107}},"branchMap":{"0":{"loc":{"start":{"line":14,"column":43},"end":{"line":14,"column":null}},"type":"cond-expr","locations":[{"start":{"line":14,"column":59},"end":{"line":14,"column":64}},{"start":{"line":14,"column":64},"end":{"line":14,"column":null}}],"line":14},"1":{"loc":{"start":{"line":17,"column":4},"end":{"line":20,"column":null}},"type":"if","locations":[{"start":{"line":17,"column":4},"end":{"line":20,"column":null}},{"start":{},"end":{}}],"line":17},"2":{"loc":{"start":{"line":22,"column":4},"end":{"line":24,"column":null}},"type":"if","locations":[{"start":{"line":22,"column":4},"end":{"line":24,"column":null}},{"start":{},"end":{}}],"line":22},"3":{"loc":{"start":{"line":52,"column":4},"end":{"line":52,"column":null}},"type":"default-arg","locations":[{"start":{"line":52,"column":11},"end":{"line":52,"column":null}}],"line":52},"4":{"loc":{"start":{"line":53,"column":4},"end":{"line":53,"column":null}},"type":"default-arg","locations":[{"start":{"line":53,"column":14},"end":{"line":53,"column":null}}],"line":53},"5":{"loc":{"start":{"line":54,"column":4},"end":{"line":54,"column":null}},"type":"default-arg","locations":[{"start":{"line":54,"column":12},"end":{"line":54,"column":null}}],"line":54},"6":{"loc":{"start":{"line":55,"column":4},"end":{"line":55,"column":null}},"type":"default-arg","locations":[{"start":{"line":55,"column":14},"end":{"line":55,"column":null}}],"line":55},"7":{"loc":{"start":{"line":56,"column":4},"end":{"line":56,"column":null}},"type":"default-arg","locations":[{"start":{"line":56,"column":15},"end":{"line":56,"column":null}}],"line":56},"8":{"loc":{"start":{"line":57,"column":4},"end":{"line":57,"column":null}},"type":"default-arg","locations":[{"start":{"line":57,"column":12},"end":{"line":57,"column":null}}],"line":57},"9":{"loc":{"start":{"line":68,"column":25},"end":{"line":68,"column":null}},"type":"cond-expr","locations":[{"start":{"line":68,"column":40},"end":{"line":68,"column":63}},{"start":{"line":68,"column":63},"end":{"line":68,"column":null}}],"line":68},"10":{"loc":{"start":{"line":69,"column":22},"end":{"line":69,"column":null}},"type":"binary-expr","locations":[{"start":{"line":69,"column":22},"end":{"line":69,"column":31}},{"start":{"line":69,"column":31},"end":{"line":69,"column":44}},{"start":{"line":69,"column":44},"end":{"line":69,"column":null}}],"line":69},"11":{"loc":{"start":{"line":72,"column":8},"end":{"line":74,"column":null}},"type":"if","locations":[{"start":{"line":72,"column":8},"end":{"line":74,"column":null}},{"start":{},"end":{}}],"line":72},"12":{"loc":{"start":{"line":82,"column":20},"end":{"line":82,"column":null}},"type":"binary-expr","locations":[{"start":{"line":82,"column":20},"end":{"line":82,"column":26}},{"start":{"line":82,"column":26},"end":{"line":82,"column":null}}],"line":82},"13":{"loc":{"start":{"line":83,"column":27},"end":{"line":83,"column":null}},"type":"binary-expr","locations":[{"start":{"line":83,"column":27},"end":{"line":83,"column":33}},{"start":{"line":83,"column":33},"end":{"line":83,"column":null}}],"line":83},"14":{"loc":{"start":{"line":86,"column":8},"end":{"line":89,"column":null}},"type":"if","locations":[{"start":{"line":86,"column":8},"end":{"line":89,"column":null}},{"start":{},"end":{}}],"line":86},"15":{"loc":{"start":{"line":91,"column":8},"end":{"line":93,"column":null}},"type":"if","locations":[{"start":{"line":91,"column":8},"end":{"line":93,"column":null}},{"start":{},"end":{}}],"line":91},"16":{"loc":{"start":{"line":115,"column":30},"end":{"line":115,"column":null}},"type":"binary-expr","locations":[{"start":{"line":115,"column":30},"end":{"line":115,"column":41}},{"start":{"line":115,"column":41},"end":{"line":115,"column":null}}],"line":115},"17":{"loc":{"start":{"line":118,"column":13},"end":{"line":118,"column":null}},"type":"cond-expr","locations":[{"start":{"line":118,"column":25},"end":{"line":118,"column":77}},{"start":{"line":118,"column":77},"end":{"line":118,"column":null}}],"line":118}},"s":{"0":2,"1":49,"2":2,"3":88,"4":64,"5":64,"6":24,"7":2,"8":2,"9":5,"10":5,"11":3,"12":3,"13":3,"14":3,"15":3,"16":2,"17":44,"18":44,"19":44,"20":16,"21":44,"22":44,"23":44,"24":14,"25":1,"26":14,"27":44,"28":3,"29":3,"30":3,"31":3,"32":3,"33":3,"34":1,"35":3,"36":44,"37":88,"38":88,"39":2},"f":{"0":49,"1":88,"2":5,"3":3,"4":3,"5":44,"6":16,"7":14,"8":3,"9":88},"b":{"0":[15,34],"1":[64,24],"2":[2,22],"3":[44],"4":[44],"5":[44],"6":[44],"7":[44],"8":[44],"9":[33,11],"10":[44,8,8],"11":[1,13],"12":[3,0],"13":[3,0],"14":[3,0],"15":[1,2],"16":[44,34],"17":[5,39]},"meta":{"lastBranch":18,"lastFunction":10,"lastStatement":40,"seen":{"s:14:22:14:Infinity":0,"f:14:22:14:23":0,"s:14:43:14:Infinity":1,"b:14:59:14:64:14:64:14:Infinity":0,"s:16:18:25:Infinity":2,"f:16:18:16:23":1,"b:17:4:20:Infinity:undefined:undefined:undefined:undefined":1,"s:17:4:20:Infinity":3,"s:18:8:18:Infinity":4,"s:19:8:19:Infinity":5,"b:22:4:24:Infinity:undefined:undefined:undefined:undefined":2,"s:22:4:24:Infinity":6,"s:23:8:23:Infinity":7,"s:27:28:48:Infinity":8,"f:27:28:27:29":2,"s:28:18:28:Infinity":9,"s:30:4:46:Infinity":10,"f:35:27:35:36":3,"s:36:16:36:Infinity":11,"s:37:16:37:Infinity":12,"f:39:21:39:30":4,"s:40:16:40:Infinity":13,"s:41:16:41:Infinity":14,"s:42:16:42:Infinity":15,"s:50:24:121:Infinity":16,"f:50:24:50:25":5,"b:52:11:52:Infinity":3,"b:53:14:53:Infinity":4,"b:54:12:54:Infinity":5,"b:55:14:55:Infinity":6,"b:56:15:56:Infinity":7,"b:57:12:57:Infinity":8,"s:65:10:65:Infinity":17,"s:66:25:66:Infinity":18,"s:67:50:67:Infinity":19,"f:67:63:67:69":6,"s:67:69:67:96":20,"s:68:25:68:Infinity":21,"b:68:40:68:63:68:63:68:Infinity":9,"s:69:22:69:Infinity":22,"b:69:22:69:31:69:31:69:44:69:44:69:Infinity":10,"s:71:66:77:Infinity":23,"f:71:66:71:75":7,"b:72:8:74:Infinity:undefined:undefined:undefined:undefined":11,"s:72:8:74:Infinity":24,"s:73:12:73:Infinity":25,"s:76:8:76:Infinity":26,"s:79:28:96:Infinity":27,"f:79:28:79:34":8,"s:80:19:80:Infinity":28,"s:81:22:84:Infinity":29,"b:82:20:82:26:82:26:82:Infinity":12,"b:83:27:83:33:83:33:83:Infinity":13,"b:86:8:89:Infinity:undefined:undefined:undefined:undefined":14,"s:86:8:89:Infinity":30,"s:87:27:87:Infinity":31,"s:88:12:88:Infinity":32,"b:91:8:93:Infinity:undefined:undefined:undefined:undefined":15,"s:91:8:93:Infinity":33,"s:92:12:92:Infinity":34,"s:95:8:95:Infinity":35,"s:98:4:119:Infinity":36,"f:107:21:107:29":9,"s:108:20:108:Infinity":37,"s:109:20:109:Infinity":38,"b:115:30:115:41:115:41:115:Infinity":16,"b:118:25:118:77:118:77:118:Infinity":17,"s:123:0:123:Infinity":39},"fnNames":{}}}
,"/Users/kvzhukh/greensight/ensi/grove/workspace/packages/admin-ui-base/src/textarea/FormTextArea.tsx": {"path":"/Users/kvzhukh/greensight/ensi/grove/workspace/packages/admin-ui-base/src/textarea/FormTextArea.tsx","statementMap":{"0":{"start":{"line":12,"column":28},"end":{"line":16,"column":null}},"1":{"start":{"line":13,"column":50},"end":{"line":13,"column":null}},"2":{"start":{"line":15,"column":4},"end":{"line":15,"column":null}},"3":{"start":{"line":18,"column":28},"end":{"line":56,"column":null}},"4":{"start":{"line":29,"column":89},"end":{"line":29,"column":null}},"5":{"start":{"line":30,"column":10},"end":{"line":30,"column":null}},"6":{"start":{"line":31,"column":23},"end":{"line":31,"column":null}},"7":{"start":{"line":33,"column":4},"end":{"line":54,"column":null}},"8":{"start":{"line":49,"column":31},"end":{"line":49,"column":null}},"9":{"start":{"line":50,"column":29},"end":{"line":50,"column":null}},"10":{"start":{"line":58,"column":0},"end":{"line":58,"column":null}}},"fnMap":{"0":{"name":"(anonymous_0)","decl":{"start":{"line":12,"column":28},"end":{"line":12,"column":29}},"loc":{"start":{"line":12,"column":66},"end":{"line":16,"column":null}},"line":12},"1":{"name":"(anonymous_1)","decl":{"start":{"line":18,"column":28},"end":{"line":18,"column":29}},"loc":{"start":{"line":28,"column":26},"end":{"line":56,"column":null}},"line":28},"2":{"name":"(anonymous_2)","decl":{"start":{"line":49,"column":26},"end":{"line":49,"column":31}},"loc":{"start":{"line":49,"column":31},"end":{"line":49,"column":null}},"line":49},"3":{"name":"(anonymous_3)","decl":{"start":{"line":50,"column":24},"end":{"line":50,"column":29}},"loc":{"start":{"line":50,"column":29},"end":{"line":50,"column":null}},"line":50}},"branchMap":{"0":{"loc":{"start":{"line":22,"column":4},"end":{"line":22,"column":null}},"type":"default-arg","locations":[{"start":{"line":22,"column":11},"end":{"line":22,"column":null}}],"line":22},"1":{"loc":{"start":{"line":23,"column":4},"end":{"line":23,"column":null}},"type":"default-arg","locations":[{"start":{"line":23,"column":12},"end":{"line":23,"column":null}}],"line":23},"2":{"loc":{"start":{"line":31,"column":23},"end":{"line":31,"column":null}},"type":"binary-expr","locations":[{"start":{"line":31,"column":23},"end":{"line":31,"column":35}},{"start":{"line":31,"column":35},"end":{"line":31,"column":null}}],"line":31},"3":{"loc":{"start":{"line":42,"column":13},"end":{"line":42,"column":null}},"type":"cond-expr","locations":[{"start":{"line":42,"column":21},"end":{"line":42,"column":58}},{"start":{"line":42,"column":58},"end":{"line":42,"column":null}}],"line":42},"4":{"loc":{"start":{"line":48,"column":23},"end":{"line":48,"column":null}},"type":"binary-expr","locations":[{"start":{"line":48,"column":23},"end":{"line":48,"column":38}},{"start":{"line":48,"column":38},"end":{"line":48,"column":null}}],"line":48},"5":{"loc":{"start":{"line":52,"column":13},"end":{"line":52,"column":null}},"type":"cond-expr","locations":[{"start":{"line":52,"column":20},"end":{"line":52,"column":54}},{"start":{"line":52,"column":54},"end":{"line":52,"column":null}}],"line":52}},"s":{"0":2,"1":32,"2":32,"3":2,"4":32,"5":32,"6":32,"7":32,"8":14,"9":2,"10":2},"f":{"0":32,"1":32,"2":14,"3":2},"b":{"0":[32],"1":[32],"2":[32,32],"3":[32,0],"4":[32,0],"5":[2,30]},"meta":{"lastBranch":6,"lastFunction":4,"lastStatement":11,"seen":{"s:12:28:16:Infinity":0,"f:12:28:12:29":0,"s:13:50:13:Infinity":1,"s:15:4:15:Infinity":2,"s:18:28:56:Infinity":3,"f:18:28:18:29":1,"b:22:11:22:Infinity":0,"b:23:12:23:Infinity":1,"s:29:89:29:Infinity":4,"s:30:10:30:Infinity":5,"s:31:23:31:Infinity":6,"b:31:23:31:35:31:35:31:Infinity":2,"s:33:4:54:Infinity":7,"b:42:21:42:58:42:58:42:Infinity":3,"b:48:23:48:38:48:38:48:Infinity":4,"f:49:26:49:31":2,"s:49:31:49:Infinity":8,"f:50:24:50:29":3,"s:50:29:50:Infinity":9,"b:52:20:52:54:52:54:52:Infinity":5,"s:58:0:58:Infinity":10},"fnNames":{}}}
,"/Users/kvzhukh/greensight/ensi/grove/workspace/packages/admin-ui-base/src/textarea/index.ts": {"path":"/Users/kvzhukh/greensight/ensi/grove/workspace/packages/admin-ui-base/src/textarea/index.ts","statementMap":{},"fnMap":{},"branchMap":{},"s":{},"f":{},"b":{},"meta":{"lastBranch":0,"lastFunction":0,"lastStatement":0,"seen":{},"fnNames":{}}}
,"/Users/kvzhukh/greensight/ensi/grove/workspace/packages/admin-ui-base/src/textarea/styles.module.css": {"path":"/Users/kvzhukh/greensight/ensi/grove/workspace/packages/admin-ui-base/src/textarea/styles.module.css","statementMap":{},"fnMap":{},"branchMap":{},"s":{},"f":{},"b":{},"meta":{"lastBranch":0,"lastFunction":0,"lastStatement":0,"seen":{},"fnNames":{}}}
,"/Users/kvzhukh/greensight/ensi/grove/workspace/packages/admin-ui-base/src/textarea/theme.ts": {"path":"/Users/kvzhukh/greensight/ensi/grove/workspace/packages/admin-ui-base/src/textarea/theme.ts","statementMap":{"0":{"start":{"line":8,"column":13},"end":{"line":28,"column":null}}},"fnMap":{},"branchMap":{},"s":{"0":2},"f":{},"b":{},"meta":{"lastBranch":0,"lastFunction":0,"lastStatement":1,"seen":{"s:8:13:28:Infinity":0},"fnNames":{}}}
,"/Users/kvzhukh/greensight/ensi/grove/workspace/packages/admin-ui-base/src/textarea/types.ts": {"path":"/Users/kvzhukh/greensight/ensi/grove/workspace/packages/admin-ui-base/src/textarea/types.ts","statementMap":{},"fnMap":{},"branchMap":{},"s":{},"f":{},"b":{},"meta":{"lastBranch":0,"lastFunction":0,"lastStatement":0,"seen":{},"fnNames":{}}}
,"/Users/kvzhukh/greensight/ensi/grove/workspace/packages/admin-ui-base/src/tooltip/Component.tsx": {"path":"/Users/kvzhukh/greensight/ensi/grove/workspace/packages/admin-ui-base/src/tooltip/Component.tsx","statementMap":{"0":{"start":{"line":20,"column":20},"end":{"line":21,"column":null}},"1":{"start":{"line":21,"column":4},"end":{"line":21,"column":null}},"2":{"start":{"line":24,"column":0},"end":{"line":24,"column":null}},"3":{"start":{"line":27,"column":23},"end":{"line":27,"column":null}},"4":{"start":{"line":27,"column":63},"end":{"line":27,"column":null}},"5":{"start":{"line":29,"column":0},"end":{"line":29,"column":null}},"6":{"start":{"line":31,"column":23},"end":{"line":57,"column":null}},"7":{"start":{"line":42,"column":4},"end":{"line":57,"column":null}},"8":{"start":{"line":60,"column":0},"end":{"line":60,"column":null}},"9":{"start":{"line":62,"column":23},"end":{"line":65,"column":null}}},"fnMap":{"0":{"name":"(anonymous_0)","decl":{"start":{"line":20,"column":20},"end":{"line":20,"column":21}},"loc":{"start":{"line":21,"column":4},"end":{"line":21,"column":null}},"line":21},"1":{"name":"(anonymous_1)","decl":{"start":{"line":27,"column":23},"end":{"line":27,"column":24}},"loc":{"start":{"line":27,"column":63},"end":{"line":27,"column":null}},"line":27},"2":{"name":"(anonymous_2)","decl":{"start":{"line":31,"column":23},"end":{"line":31,"column":24}},"loc":{"start":{"line":42,"column":4},"end":{"line":57,"column":null}},"line":42}},"branchMap":{"0":{"loc":{"start":{"line":20,"column":23},"end":{"line":20,"column":36}},"type":"default-arg","locations":[{"start":{"line":20,"column":31},"end":{"line":20,"column":36}}],"line":20},"1":{"loc":{"start":{"line":20,"column":36},"end":{"line":20,"column":54}},"type":"default-arg","locations":[{"start":{"line":20,"column":49},"end":{"line":20,"column":54}}],"line":20},"2":{"loc":{"start":{"line":34,"column":4},"end":{"line":34,"column":null}},"type":"default-arg","locations":[{"start":{"line":34,"column":11},"end":{"line":34,"column":null}}],"line":34},"3":{"loc":{"start":{"line":35,"column":4},"end":{"line":35,"column":null}},"type":"default-arg","locations":[{"start":{"line":35,"column":14},"end":{"line":35,"column":null}}],"line":35},"4":{"loc":{"start":{"line":36,"column":4},"end":{"line":36,"column":null}},"type":"default-arg","locations":[{"start":{"line":36,"column":12},"end":{"line":36,"column":null}}],"line":36},"5":{"loc":{"start":{"line":37,"column":4},"end":{"line":37,"column":null}},"type":"default-arg","locations":[{"start":{"line":37,"column":13},"end":{"line":37,"column":null}}],"line":37},"6":{"loc":{"start":{"line":49,"column":9},"end":{"line":55,"column":null}},"type":"cond-expr","locations":[{"start":{"line":50,"column":12},"end":{"line":54,"column":null}},{"start":{"line":55,"column":12},"end":{"line":55,"column":null}}],"line":49}},"s":{"0":1,"1":5,"2":1,"3":1,"4":5,"5":1,"6":1,"7":5,"8":1,"9":1},"f":{"0":5,"1":5,"2":5},"b":{"0":[5],"1":[5],"2":[5],"3":[5],"4":[5],"5":[5],"6":[1,4]},"meta":{"lastBranch":7,"lastFunction":3,"lastStatement":10,"seen":{"s:20:20:21:Infinity":0,"f:20:20:20:21":0,"s:21:4:21:Infinity":1,"b:20:31:20:36":0,"b:20:49:20:54":1,"s:24:0:24:Infinity":2,"s:27:23:27:Infinity":3,"f:27:23:27:24":1,"s:27:63:27:Infinity":4,"s:29:0:29:Infinity":5,"s:31:23:57:Infinity":6,"f:31:23:31:24":2,"s:42:4:57:Infinity":7,"b:34:11:34:Infinity":2,"b:35:14:35:Infinity":3,"b:36:12:36:Infinity":4,"b:37:13:37:Infinity":5,"b:50:12:54:Infinity:55:12:55:Infinity":6,"s:60:0:60:Infinity":8,"s:62:23:65:Infinity":9},"fnNames":{}}}
,"/Users/kvzhukh/greensight/ensi/grove/workspace/packages/admin-ui-base/src/tooltip/index.ts": {"path":"/Users/kvzhukh/greensight/ensi/grove/workspace/packages/admin-ui-base/src/tooltip/index.ts","statementMap":{},"fnMap":{},"branchMap":{},"s":{},"f":{},"b":{},"meta":{"lastBranch":0,"lastFunction":0,"lastStatement":0,"seen":{},"fnNames":{}}}
,"/Users/kvzhukh/greensight/ensi/grove/workspace/packages/admin-ui-base/src/tooltip/styles.module.css": {"path":"/Users/kvzhukh/greensight/ensi/grove/workspace/packages/admin-ui-base/src/tooltip/styles.module.css","statementMap":{},"fnMap":{},"branchMap":{},"s":{},"f":{},"b":{},"meta":{"lastBranch":0,"lastFunction":0,"lastStatement":0,"seen":{},"fnNames":{}}}
,"/Users/kvzhukh/greensight/ensi/grove/workspace/packages/admin-ui-base/src/tooltip/theme.ts": {"path":"/Users/kvzhukh/greensight/ensi/grove/workspace/packages/admin-ui-base/src/tooltip/theme.ts","statementMap":{"0":{"start":{"line":5,"column":13},"end":{"line":20,"column":null}}},"fnMap":{},"branchMap":{},"s":{"0":1},"f":{},"b":{},"meta":{"lastBranch":0,"lastFunction":0,"lastStatement":1,"seen":{"s:5:13:20:Infinity":0},"fnNames":{}}}
,"/Users/kvzhukh/greensight/ensi/grove/workspace/packages/admin-ui-base/src/tooltip/types.ts": {"path":"/Users/kvzhukh/greensight/ensi/grove/workspace/packages/admin-ui-base/src/tooltip/types.ts","statementMap":{},"fnMap":{},"branchMap":{},"s":{},"f":{},"b":{},"meta":{"lastBranch":0,"lastFunction":0,"lastStatement":0,"seen":{},"fnNames":{}}}
}
